<?xml version="1.0" encoding="UTF-8"?>
<coverage generated="1582152365265" clover="3.2.0">
  <project timestamp="1582152365265" name="All files">
    <metrics statements="742" coveredstatements="690" conditionals="478" coveredconditionals="437" methods="104" coveredmethods="92" elements="1324" coveredelements="1219" complexity="0" loc="742" ncloc="742" packages="1" files="60" classes="60"/>
    <file name="_bytes.js" path="/Users/jimneuendorf/Developer/web/pyllute/src/_bytes.js">
      <metrics statements="24" coveredstatements="24" conditionals="6" coveredconditionals="5" methods="11" coveredmethods="11"/>
      <line num="1" count="2" type="stmt"/>
      <line num="2" count="2" type="stmt"/>
      <line num="13" count="23" type="stmt"/>
      <line num="14" count="23" type="stmt"/>
      <line num="20" count="23" type="stmt"/>
      <line num="21" count="75" type="stmt"/>
      <line num="29" count="23" type="stmt"/>
      <line num="33" count="23" type="stmt"/>
      <line num="43" count="2" type="cond" truecount="1" falsecount="1"/>
      <line num="46" count="2" type="stmt"/>
      <line num="47" count="2" type="stmt"/>
      <line num="48" count="4" type="stmt"/>
      <line num="55" count="2" type="stmt"/>
      <line num="58" count="2" type="stmt"/>
      <line num="62" count="2" type="stmt"/>
      <line num="81" count="2" type="stmt"/>
      <line num="85" count="1" type="stmt"/>
      <line num="99" count="1" type="stmt"/>
      <line num="163" count="1" type="stmt"/>
      <line num="167" count="1" type="stmt"/>
      <line num="181" count="1" type="stmt"/>
      <line num="205" count="26" type="stmt"/>
      <line num="209" count="2" type="stmt"/>
      <line num="232" count="2" type="stmt"/>
    </file>
    <file name="_classinfo.js" path="/Users/jimneuendorf/Developer/web/pyllute/src/_classinfo.js">
      <metrics statements="7" coveredstatements="1" conditionals="4" coveredconditionals="0" methods="2" coveredmethods="0"/>
      <line num="1" count="1" type="stmt"/>
      <line num="2" count="0" type="cond" truecount="0" falsecount="2"/>
      <line num="3" count="0" type="stmt"/>
      <line num="6" count="0" type="stmt"/>
      <line num="9" count="0" type="cond" truecount="0" falsecount="2"/>
      <line num="10" count="0" type="stmt"/>
      <line num="14" count="0" type="stmt"/>
    </file>
    <file name="_config.js" path="/Users/jimneuendorf/Developer/web/pyllute/src/_config.js">
      <metrics statements="7" coveredstatements="4" conditionals="2" coveredconditionals="0" methods="1" coveredmethods="0"/>
      <line num="1" count="1" type="stmt"/>
      <line num="8" count="1" type="stmt"/>
      <line num="9" count="1" type="stmt"/>
      <line num="11" count="0" type="cond" truecount="0" falsecount="2"/>
      <line num="12" count="0" type="stmt"/>
      <line num="16" count="0" type="stmt"/>
      <line num="20" count="1" type="stmt"/>
    </file>
    <file name="_dunder.js" path="/Users/jimneuendorf/Developer/web/pyllute/src/_dunder.js">
      <metrics statements="13" coveredstatements="13" conditionals="6" coveredconditionals="6" methods="1" coveredmethods="1"/>
      <line num="1" count="1" type="stmt"/>
      <line num="2" count="1" type="stmt"/>
      <line num="4" count="1" type="stmt"/>
      <line num="6" count="1" type="stmt"/>
      <line num="9" count="256" type="stmt"/>
      <line num="10" count="255" type="cond" truecount="2" falsecount="0"/>
      <line num="11" count="18" type="cond" truecount="2" falsecount="0"/>
      <line num="12" count="12" type="stmt"/>
      <line num="13" count="12" type="cond" truecount="2" falsecount="0"/>
      <line num="14" count="3" type="stmt"/>
      <line num="16" count="9" type="stmt"/>
      <line num="21" count="6" type="stmt"/>
      <line num="25" count="237" type="stmt"/>
    </file>
    <file name="_errors.js" path="/Users/jimneuendorf/Developer/web/pyllute/src/_errors.js">
      <metrics statements="1" coveredstatements="1" conditionals="0" coveredconditionals="0" methods="0" coveredmethods="0"/>
      <line num="7" count="6" type="stmt"/>
    </file>
    <file name="_is-class.js" path="/Users/jimneuendorf/Developer/web/pyllute/src/_is-class.js">
      <metrics statements="2" coveredstatements="2" conditionals="2" coveredconditionals="2" methods="1" coveredmethods="1"/>
      <line num="1" count="1" type="stmt"/>
      <line num="2" count="15" type="cond" truecount="2" falsecount="0"/>
    </file>
    <file name="_is-iterable.js" path="/Users/jimneuendorf/Developer/web/pyllute/src/_is-iterable.js">
      <metrics statements="4" coveredstatements="4" conditionals="2" coveredconditionals="2" methods="1" coveredmethods="1"/>
      <line num="2" count="5" type="stmt"/>
      <line num="4" count="105" type="cond" truecount="2" falsecount="0"/>
      <line num="5" count="3" type="stmt"/>
      <line num="7" count="102" type="stmt"/>
    </file>
    <file name="_mod.js" path="/Users/jimneuendorf/Developer/web/pyllute/src/_mod.js">
      <metrics statements="6" coveredstatements="5" conditionals="4" coveredconditionals="3" methods="1" coveredmethods="1"/>
      <line num="2" count="1" type="stmt"/>
      <line num="4" count="13" type="cond" truecount="2" falsecount="0"/>
      <line num="5" count="1" type="stmt"/>
      <line num="8" count="12" type="cond" truecount="1" falsecount="1"/>
      <line num="9" count="0" type="stmt"/>
      <line num="11" count="12" type="stmt"/>
    </file>
    <file name="_to-primitive.js" path="/Users/jimneuendorf/Developer/web/pyllute/src/_to-primitive.js">
      <metrics statements="11" coveredstatements="10" conditionals="9" coveredconditionals="7" methods="1" coveredmethods="1"/>
      <line num="1" count="1" type="stmt"/>
      <line num="2" count="1" type="stmt"/>
      <line num="4" count="1" type="cond" truecount="0" falsecount="1"/>
      <line num="5" count="148" type="cond" truecount="2" falsecount="0"/>
      <line num="6" count="2" type="stmt"/>
      <line num="8" count="146" type="cond" truecount="2" falsecount="0"/>
      <line num="9" count="143" type="stmt"/>
      <line num="11" count="146" type="cond" truecount="2" falsecount="0"/>
      <line num="12" count="125" type="stmt"/>
      <line num="14" count="21" type="cond" truecount="1" falsecount="1"/>
      <line num="15" count="0" type="stmt"/>
    </file>
    <file name="_type-str.js" path="/Users/jimneuendorf/Developer/web/pyllute/src/_type-str.js">
      <metrics statements="3" coveredstatements="3" conditionals="0" coveredconditionals="0" methods="1" coveredmethods="1"/>
      <line num="1" count="1" type="stmt"/>
      <line num="3" count="15" type="stmt"/>
      <line num="4" count="15" type="stmt"/>
    </file>
    <file name="abs.js" path="/Users/jimneuendorf/Developer/web/pyllute/src/abs.js">
      <metrics statements="5" coveredstatements="5" conditionals="2" coveredconditionals="2" methods="1" coveredmethods="1"/>
      <line num="1" count="1" type="stmt"/>
      <line num="3" count="1" type="stmt"/>
      <line num="6" count="3" type="cond" truecount="2" falsecount="0"/>
      <line num="7" count="2" type="stmt"/>
      <line num="9" count="1" type="stmt"/>
    </file>
    <file name="all.js" path="/Users/jimneuendorf/Developer/web/pyllute/src/all.js">
      <metrics statements="6" coveredstatements="6" conditionals="2" coveredconditionals="2" methods="1" coveredmethods="1"/>
      <line num="1" count="1" type="stmt"/>
      <line num="3" count="1" type="stmt"/>
      <line num="4" count="11" type="stmt"/>
      <line num="5" count="20" type="cond" truecount="2" falsecount="0"/>
      <line num="6" count="5" type="stmt"/>
      <line num="9" count="5" type="stmt"/>
    </file>
    <file name="any.js" path="/Users/jimneuendorf/Developer/web/pyllute/src/any.js">
      <metrics statements="6" coveredstatements="6" conditionals="2" coveredconditionals="2" methods="1" coveredmethods="1"/>
      <line num="1" count="1" type="stmt"/>
      <line num="3" count="1" type="stmt"/>
      <line num="4" count="11" type="stmt"/>
      <line num="5" count="14" type="cond" truecount="2" falsecount="0"/>
      <line num="6" count="7" type="stmt"/>
      <line num="9" count="3" type="stmt"/>
    </file>
    <file name="ascii.js" path="/Users/jimneuendorf/Developer/web/pyllute/src/ascii.js">
      <metrics statements="15" coveredstatements="15" conditionals="8" coveredconditionals="8" methods="5" coveredmethods="5"/>
      <line num="1" count="1" type="stmt"/>
      <line num="4" count="1" type="stmt"/>
      <line num="5" count="1" type="stmt"/>
      <line num="9" count="5" type="stmt"/>
      <line num="13" count="5" type="stmt"/>
      <line num="17" count="2" type="stmt"/>
      <line num="20" count="24" type="stmt"/>
      <line num="21" count="24" type="cond" truecount="4" falsecount="0"/>
      <line num="22" count="19" type="stmt"/>
      <line num="24" count="5" type="stmt"/>
      <line num="31" count="1" type="stmt"/>
      <line num="32" count="4" type="cond" truecount="2" falsecount="0"/>
      <line num="33" count="2" type="stmt"/>
      <line num="36" count="2" type="cond" truecount="2" falsecount="0"/>
      <line num="40" count="2" type="stmt"/>
    </file>
    <file name="bin.js" path="/Users/jimneuendorf/Developer/web/pyllute/src/bin.js">
      <metrics statements="11" coveredstatements="11" conditionals="8" coveredconditionals="8" methods="1" coveredmethods="1"/>
      <line num="1" count="1" type="stmt"/>
      <line num="3" count="1" type="stmt"/>
      <line num="4" count="8" type="cond" truecount="2" falsecount="0"/>
      <line num="5" count="3" type="cond" truecount="2" falsecount="0"/>
      <line num="6" count="2" type="stmt"/>
      <line num="7" count="2" type="cond" truecount="2" falsecount="0"/>
      <line num="8" count="1" type="stmt"/>
      <line num="14" count="1" type="stmt"/>
      <line num="19" count="6" type="cond" truecount="2" falsecount="0"/>
      <line num="20" count="5" type="stmt"/>
      <line num="22" count="1" type="stmt"/>
    </file>
    <file name="bool.js" path="/Users/jimneuendorf/Developer/web/pyllute/src/bool.js">
      <metrics statements="13" coveredstatements="13" conditionals="8" coveredconditionals="8" methods="1" coveredmethods="1"/>
      <line num="1" count="2" type="stmt"/>
      <line num="2" count="2" type="stmt"/>
      <line num="4" count="2" type="stmt"/>
      <line num="5" count="66" type="cond" truecount="2" falsecount="0"/>
      <line num="6" count="2" type="stmt"/>
      <line num="9" count="64" type="cond" truecount="2" falsecount="0"/>
      <line num="10" count="3" type="stmt"/>
      <line num="11" count="3" type="cond" truecount="2" falsecount="0"/>
      <line num="12" count="2" type="stmt"/>
      <line num="14" count="1" type="stmt"/>
      <line num="19" count="61" type="cond" truecount="2" falsecount="0"/>
      <line num="20" count="14" type="stmt"/>
      <line num="22" count="47" type="stmt"/>
    </file>
    <file name="bytearray.js" path="/Users/jimneuendorf/Developer/web/pyllute/src/bytearray.js">
      <metrics statements="16" coveredstatements="16" conditionals="13" coveredconditionals="13" methods="1" coveredmethods="1"/>
      <line num="1" count="2" type="stmt"/>
      <line num="2" count="2" type="stmt"/>
      <line num="4" count="2" type="cond" truecount="1" falsecount="0"/>
      <line num="5" count="55" type="cond" truecount="2" falsecount="0"/>
      <line num="6" count="10" type="cond" truecount="2" falsecount="0"/>
      <line num="7" count="2" type="stmt"/>
      <line num="10" count="8" type="stmt"/>
      <line num="16" count="45" type="cond" truecount="2" falsecount="0"/>
      <line num="19" count="39" type="stmt"/>
      <line num="20" count="39" type="stmt"/>
      <line num="21" count="114" type="cond" truecount="2" falsecount="0"/>
      <line num="22" count="2" type="stmt"/>
      <line num="27" count="112" type="cond" truecount="4" falsecount="0"/>
      <line num="28" count="2" type="stmt"/>
      <line num="30" count="110" type="stmt"/>
      <line num="33" count="49" type="stmt"/>
    </file>
    <file name="bytes.js" path="/Users/jimneuendorf/Developer/web/pyllute/src/bytes.js">
      <metrics statements="4" coveredstatements="4" conditionals="1" coveredconditionals="1" methods="1" coveredmethods="1"/>
      <line num="1" count="2" type="stmt"/>
      <line num="2" count="2" type="stmt"/>
      <line num="4" count="2" type="cond" truecount="1" falsecount="0"/>
      <line num="5" count="21" type="stmt"/>
    </file>
    <file name="callable.js" path="/Users/jimneuendorf/Developer/web/pyllute/src/callable.js">
      <metrics statements="3" coveredstatements="3" conditionals="2" coveredconditionals="2" methods="2" coveredmethods="1"/>
      <line num="1" count="4" type="stmt"/>
      <line num="3" count="4" type="stmt"/>
      <line num="4" count="302" type="cond" truecount="2" falsecount="0"/>
    </file>
    <file name="chr.js" path="/Users/jimneuendorf/Developer/web/pyllute/src/chr.js">
      <metrics statements="5" coveredstatements="5" conditionals="0" coveredconditionals="0" methods="1" coveredmethods="1"/>
      <line num="1" count="1" type="stmt"/>
      <line num="3" count="1" type="stmt"/>
      <line num="4" count="6" type="stmt"/>
      <line num="5" count="6" type="stmt"/>
      <line num="10" count="2" type="stmt"/>
    </file>
    <file name="classmethod.js" path="/Users/jimneuendorf/Developer/web/pyllute/src/classmethod.js">
      <metrics statements="34" coveredstatements="34" conditionals="22" coveredconditionals="20" methods="5" coveredmethods="5"/>
      <line num="3" count="1" type="stmt"/>
      <line num="5" count="1" type="stmt"/>
      <line num="6" count="1" type="stmt"/>
      <line num="26" count="2" type="stmt"/>
      <line num="29" count="2" type="cond" truecount="2" falsecount="0"/>
      <line num="30" count="1" type="stmt"/>
      <line num="35" count="1" type="stmt"/>
      <line num="39" count="2" type="cond" truecount="1" falsecount="1"/>
      <line num="40" count="2" type="stmt"/>
      <line num="48" count="2" type="cond" truecount="2" falsecount="0"/>
      <line num="49" count="1" type="stmt"/>
      <line num="50" count="1" type="stmt"/>
      <line num="55" count="1" type="stmt"/>
      <line num="56" count="1" type="stmt"/>
      <line num="63" count="2" type="stmt"/>
      <line num="77" count="2" type="stmt"/>
      <line num="91" count="4" type="stmt"/>
      <line num="92" count="13" type="cond" truecount="2" falsecount="0"/>
      <line num="93" count="8" type="cond" truecount="2" falsecount="0"/>
      <line num="94" count="4" type="stmt"/>
      <line num="97" count="4" type="stmt"/>
      <line num="106" count="5" type="cond" truecount="4" falsecount="0"/>
      <line num="107" count="1" type="stmt"/>
      <line num="113" count="8" type="cond" truecount="1" falsecount="1"/>
      <line num="114" count="8" type="stmt"/>
      <line num="121" count="1" type="stmt"/>
      <line num="122" count="7" type="cond" truecount="2" falsecount="0"/>
      <line num="124" count="2" type="stmt"/>
      <line num="126" count="5" type="cond" truecount="2" falsecount="0"/>
      <line num="127" count="4" type="stmt"/>
      <line num="128" count="4" type="cond" truecount="2" falsecount="0"/>
      <line num="130" count="2" type="stmt"/>
      <line num="133" count="2" type="stmt"/>
      <line num="135" count="1" type="stmt"/>
    </file>
    <file name="delattr.js" path="/Users/jimneuendorf/Developer/web/pyllute/src/delattr.js">
      <metrics statements="13" coveredstatements="13" conditionals="8" coveredconditionals="8" methods="1" coveredmethods="1"/>
      <line num="1" count="1" type="stmt"/>
      <line num="2" count="1" type="stmt"/>
      <line num="4" count="1" type="stmt"/>
      <line num="5" count="12" type="cond" truecount="2" falsecount="0"/>
      <line num="6" count="2" type="stmt"/>
      <line num="9" count="10" type="cond" truecount="2" falsecount="0"/>
      <line num="10" count="3" type="cond" truecount="2" falsecount="0"/>
      <line num="11" count="2" type="stmt"/>
      <line num="12" count="1" type="stmt"/>
      <line num="15" count="1" type="stmt"/>
      <line num="22" count="7" type="cond" truecount="2" falsecount="0"/>
      <line num="23" count="4" type="stmt"/>
      <line num="28" count="3" type="stmt"/>
    </file>
    <file name="dict.js" path="/Users/jimneuendorf/Developer/web/pyllute/src/dict.js">
      <metrics statements="35" coveredstatements="35" conditionals="22" coveredconditionals="22" methods="1" coveredmethods="1"/>
      <line num="1" count="1" type="stmt"/>
      <line num="2" count="1" type="stmt"/>
      <line num="3" count="1" type="stmt"/>
      <line num="4" count="1" type="stmt"/>
      <line num="6" count="1" type="stmt"/>
      <line num="8" count="16" type="cond" truecount="2" falsecount="0"/>
      <line num="9" count="1" type="stmt"/>
      <line num="11" count="15" type="cond" truecount="2" falsecount="0"/>
      <line num="12" count="2" type="stmt"/>
      <line num="16" count="13" type="stmt"/>
      <line num="18" count="13" type="cond" truecount="2" falsecount="0"/>
      <line num="19" count="1" type="stmt"/>
      <line num="27" count="12" type="cond" truecount="2" falsecount="0"/>
      <line num="31" count="2" type="stmt"/>
      <line num="35" count="10" type="cond" truecount="2" falsecount="0"/>
      <line num="36" count="9" type="stmt"/>
      <line num="39" count="1" type="stmt"/>
      <line num="48" count="9" type="stmt"/>
      <line num="49" count="9" type="stmt"/>
      <line num="50" count="9" type="stmt"/>
      <line num="51" count="9" type="stmt"/>
      <line num="52" count="12" type="cond" truecount="2" falsecount="0"/>
      <line num="53" count="1" type="stmt"/>
      <line num="57" count="11" type="stmt"/>
      <line num="58" count="11" type="cond" truecount="2" falsecount="0"/>
      <line num="59" count="1" type="stmt"/>
      <line num="64" count="10" type="stmt"/>
      <line num="70" count="10" type="cond" truecount="4" falsecount="0"/>
      <line num="71" count="8" type="stmt"/>
      <line num="73" count="10" type="cond" truecount="2" falsecount="0"/>
      <line num="74" count="2" type="stmt"/>
      <line num="76" count="10" type="stmt"/>
      <line num="79" count="7" type="cond" truecount="2" falsecount="0"/>
      <line num="80" count="3" type="stmt"/>
      <line num="82" count="4" type="stmt"/>
    </file>
    <file name="divmod.js" path="/Users/jimneuendorf/Developer/web/pyllute/src/divmod.js">
      <metrics statements="4" coveredstatements="4" conditionals="4" coveredconditionals="4" methods="2" coveredmethods="2"/>
      <line num="1" count="1" type="stmt"/>
      <line num="5" count="12" type="stmt"/>
      <line num="13" count="1" type="stmt"/>
      <line num="14" count="12" type="stmt"/>
    </file>
    <file name="enumerate.js" path="/Users/jimneuendorf/Developer/web/pyllute/src/enumerate.js">
      <metrics statements="13" coveredstatements="13" conditionals="7" coveredconditionals="7" methods="1" coveredmethods="1"/>
      <line num="1" count="3" type="stmt"/>
      <line num="2" count="3" type="stmt"/>
      <line num="5" count="3" type="cond" truecount="1" falsecount="0"/>
      <line num="6" count="12" type="cond" truecount="2" falsecount="0"/>
      <line num="7" count="10" type="cond" truecount="4" falsecount="0"/>
      <line num="10" count="7" type="stmt"/>
      <line num="13" count="3" type="stmt"/>
      <line num="17" count="9" type="stmt"/>
      <line num="18" count="9" type="stmt"/>
      <line num="19" count="9" type="stmt"/>
      <line num="20" count="15" type="stmt"/>
      <line num="21" count="15" type="stmt"/>
      <line num="23" count="9" type="stmt"/>
    </file>
    <file name="filter.js" path="/Users/jimneuendorf/Developer/web/pyllute/src/filter.js">
      <metrics statements="11" coveredstatements="11" conditionals="6" coveredconditionals="6" methods="1" coveredmethods="1"/>
      <line num="1" count="1" type="stmt"/>
      <line num="6" count="7" type="cond" truecount="2" falsecount="0"/>
      <line num="7" count="2" type="stmt"/>
      <line num="9" count="5" type="cond" truecount="2" falsecount="0"/>
      <line num="10" count="4" type="stmt"/>
      <line num="11" count="4" type="stmt"/>
      <line num="14" count="1" type="stmt"/>
      <line num="18" count="6" type="stmt"/>
      <line num="19" count="24" type="cond" truecount="2" falsecount="0"/>
      <line num="20" count="12" type="stmt"/>
      <line num="26" count="1" type="stmt"/>
    </file>
    <file name="float.js" path="/Users/jimneuendorf/Developer/web/pyllute/src/float.js">
      <metrics statements="26" coveredstatements="26" conditionals="22" coveredconditionals="22" methods="1" coveredmethods="1"/>
      <line num="1" count="1" type="stmt"/>
      <line num="2" count="1" type="stmt"/>
      <line num="3" count="1" type="stmt"/>
      <line num="5" count="1" type="stmt"/>
      <line num="6" count="33" type="cond" truecount="2" falsecount="0"/>
      <line num="7" count="1" type="stmt"/>
      <line num="10" count="32" type="stmt"/>
      <line num="12" count="32" type="cond" truecount="2" falsecount="0"/>
      <line num="13" count="1" type="stmt"/>
      <line num="19" count="31" type="stmt"/>
      <line num="21" count="31" type="cond" truecount="2" falsecount="0"/>
      <line num="22" count="3" type="stmt"/>
      <line num="25" count="28" type="cond" truecount="2" falsecount="0"/>
      <line num="26" count="2" type="stmt"/>
      <line num="32" count="26" type="stmt"/>
      <line num="33" count="26" type="stmt"/>
      <line num="34" count="26" type="cond" truecount="2" falsecount="0"/>
      <line num="36" count="15" type="stmt"/>
      <line num="37" count="15" type="cond" truecount="4" falsecount="0"/>
      <line num="38" count="5" type="stmt"/>
      <line num="40" count="10" type="cond" truecount="4" falsecount="0"/>
      <line num="41" count="5" type="stmt"/>
      <line num="43" count="5" type="cond" truecount="4" falsecount="0"/>
      <line num="44" count="3" type="stmt"/>
      <line num="46" count="2" type="stmt"/>
      <line num="49" count="11" type="stmt"/>
    </file>
    <file name="frozenset.js" path="/Users/jimneuendorf/Developer/web/pyllute/src/frozenset.js">
      <metrics statements="6" coveredstatements="6" conditionals="0" coveredconditionals="0" methods="2" coveredmethods="2"/>
      <line num="5" count="8" type="stmt"/>
      <line num="6" count="8" type="stmt"/>
      <line num="10" count="8" type="stmt"/>
      <line num="14" count="1" type="stmt"/>
      <line num="36" count="1" type="stmt"/>
      <line num="37" count="8" type="stmt"/>
    </file>
    <file name="getattr.js" path="/Users/jimneuendorf/Developer/web/pyllute/src/getattr.js">
      <metrics statements="23" coveredstatements="23" conditionals="16" coveredconditionals="16" methods="1" coveredmethods="1"/>
      <line num="1" count="1" type="stmt"/>
      <line num="2" count="1" type="stmt"/>
      <line num="3" count="1" type="stmt"/>
      <line num="5" count="1" type="stmt"/>
      <line num="6" count="22" type="stmt"/>
      <line num="7" count="22" type="cond" truecount="2" falsecount="0"/>
      <line num="8" count="4" type="stmt"/>
      <line num="10" count="18" type="cond" truecount="2" falsecount="0"/>
      <line num="11" count="1" type="stmt"/>
      <line num="14" count="17" type="stmt"/>
      <line num="16" count="17" type="cond" truecount="2" falsecount="0"/>
      <line num="17" count="2" type="stmt"/>
      <line num="20" count="15" type="stmt"/>
      <line num="21" count="15" type="cond" truecount="2" falsecount="0"/>
      <line num="22" count="5" type="cond" truecount="2" falsecount="0"/>
      <line num="23" count="3" type="stmt"/>
      <line num="26" count="2" type="stmt"/>
      <line num="32" count="10" type="cond" truecount="2" falsecount="0"/>
      <line num="33" count="8" type="stmt"/>
      <line num="36" count="2" type="stmt"/>
      <line num="42" count="5" type="cond" truecount="4" falsecount="0"/>
      <line num="43" count="1" type="stmt"/>
      <line num="45" count="4" type="stmt"/>
    </file>
    <file name="hasattr.js" path="/Users/jimneuendorf/Developer/web/pyllute/src/hasattr.js">
      <metrics statements="12" coveredstatements="12" conditionals="10" coveredconditionals="10" methods="1" coveredmethods="1"/>
      <line num="1" count="1" type="stmt"/>
      <line num="2" count="25" type="cond" truecount="2" falsecount="0"/>
      <line num="7" count="18" type="stmt"/>
      <line num="12" count="7" type="stmt"/>
      <line num="13" count="7" type="stmt"/>
      <line num="14" count="11" type="cond" truecount="2" falsecount="0"/>
      <line num="15" count="3" type="stmt"/>
      <line num="17" count="8" type="stmt"/>
      <line num="18" count="8" type="cond" truecount="4" falsecount="0"/>
      <line num="19" count="4" type="stmt"/>
      <line num="22" count="4" type="stmt"/>
      <line num="25" count="4" type="stmt"/>
    </file>
    <file name="hex.js" path="/Users/jimneuendorf/Developer/web/pyllute/src/hex.js">
      <metrics statements="11" coveredstatements="11" conditionals="8" coveredconditionals="8" methods="1" coveredmethods="1"/>
      <line num="1" count="1" type="stmt"/>
      <line num="3" count="1" type="stmt"/>
      <line num="4" count="8" type="cond" truecount="2" falsecount="0"/>
      <line num="5" count="3" type="cond" truecount="2" falsecount="0"/>
      <line num="6" count="2" type="stmt"/>
      <line num="7" count="2" type="cond" truecount="2" falsecount="0"/>
      <line num="8" count="1" type="stmt"/>
      <line num="14" count="1" type="stmt"/>
      <line num="19" count="6" type="cond" truecount="2" falsecount="0"/>
      <line num="20" count="5" type="stmt"/>
      <line num="22" count="1" type="stmt"/>
    </file>
    <file name="int.js" path="/Users/jimneuendorf/Developer/web/pyllute/src/int.js">
      <metrics statements="84" coveredstatements="83" conditionals="81" coveredconditionals="78" methods="3" coveredmethods="3"/>
      <line num="1" count="1" type="stmt"/>
      <line num="2" count="1" type="stmt"/>
      <line num="3" count="1" type="stmt"/>
      <line num="4" count="1" type="stmt"/>
      <line num="5" count="1" type="stmt"/>
      <line num="11" count="1" type="cond" truecount="1" falsecount="1"/>
      <line num="17" count="100" type="cond" truecount="2" falsecount="0"/>
      <line num="18" count="100" type="cond" truecount="2" falsecount="0"/>
      <line num="19" count="86" type="stmt"/>
      <line num="20" count="86" type="stmt"/>
      <line num="22" count="86" type="cond" truecount="2" falsecount="0"/>
      <line num="23" count="1" type="stmt"/>
      <line num="25" count="86" type="stmt"/>
      <line num="27" count="100" type="stmt"/>
      <line num="34" count="61" type="cond" truecount="2" falsecount="0"/>
      <line num="35" count="61" type="stmt"/>
      <line num="37" count="61" type="cond" truecount="2" falsecount="0"/>
      <line num="38" count="13" type="stmt"/>
      <line num="40" count="48" type="cond" truecount="2" falsecount="0"/>
      <line num="41" count="12" type="stmt"/>
      <line num="43" count="36" type="cond" truecount="2" falsecount="0"/>
      <line num="44" count="14" type="stmt"/>
      <line num="48" count="61" type="cond" truecount="2" falsecount="0"/>
      <line num="50" count="39" type="stmt"/>
      <line num="53" count="61" type="stmt"/>
      <line num="54" count="61" type="stmt"/>
      <line num="62" count="1" type="stmt"/>
      <line num="63" count="94" type="stmt"/>
      <line num="64" count="94" type="cond" truecount="2" falsecount="0"/>
      <line num="65" count="1" type="stmt"/>
      <line num="68" count="93" type="cond" truecount="2" falsecount="0"/>
      <line num="69" count="1" type="stmt"/>
      <line num="72" count="92" type="cond" truecount="1" falsecount="0"/>
      <line num="73" count="92" type="stmt"/>
      <line num="74" count="86" type="cond" truecount="2" falsecount="0"/>
      <line num="75" count="1" type="stmt"/>
      <line num="77" count="85" type="stmt"/>
      <line num="78" count="80" type="cond" truecount="2" falsecount="0"/>
      <line num="79" count="1" type="stmt"/>
      <line num="82" count="79" type="stmt"/>
      <line num="83" count="74" type="cond" truecount="2" falsecount="0"/>
      <line num="84" count="1" type="stmt"/>
      <line num="87" count="73" type="stmt"/>
      <line num="88" count="73" type="stmt"/>
      <line num="89" count="73" type="stmt"/>
      <line num="95" count="73" type="cond" truecount="5" falsecount="0"/>
      <line num="96" count="3" type="stmt"/>
      <line num="99" count="70" type="cond" truecount="2" falsecount="0"/>
      <line num="100" count="34" type="stmt"/>
      <line num="101" count="34" type="cond" truecount="2" falsecount="0"/>
      <line num="102" count="3" type="stmt"/>
      <line num="107" count="31" type="cond" truecount="2" falsecount="0"/>
      <line num="110" count="31" type="cond" truecount="1" falsecount="1"/>
      <line num="112" count="0" type="stmt"/>
      <line num="114" count="31" type="cond" truecount="2" falsecount="0"/>
      <line num="115" count="3" type="stmt"/>
      <line num="123" count="36" type="cond" truecount="2" falsecount="0"/>
      <line num="124" count="2" type="stmt"/>
      <line num="128" count="62" type="stmt"/>
      <line num="129" count="62" type="stmt"/>
      <line num="132" count="62" type="stmt"/>
      <line num="134" count="62" type="cond" truecount="2" falsecount="0"/>
      <line num="135" count="1" type="stmt"/>
      <line num="142" count="61" type="cond" truecount="2" falsecount="0"/>
      <line num="143" count="61" type="cond" truecount="2" falsecount="0"/>
      <line num="144" count="1" type="stmt"/>
      <line num="147" count="61" type="stmt"/>
      <line num="148" count="61" type="cond" truecount="2" falsecount="0"/>
      <line num="149" count="15" type="cond" truecount="6" falsecount="0"/>
      <line num="150" count="2" type="stmt"/>
      <line num="154" count="13" type="cond" truecount="2" falsecount="0"/>
      <line num="157" count="13" type="cond" truecount="2" falsecount="0"/>
      <line num="160" count="46" type="cond" truecount="2" falsecount="0"/>
      <line num="161" count="34" type="cond" truecount="2" falsecount="0"/>
      <line num="170" count="15" type="cond" truecount="2" falsecount="0"/>
      <line num="175" count="14" type="stmt"/>
      <line num="185" count="1" type="stmt"/>
      <line num="190" count="19" type="stmt"/>
      <line num="194" count="12" type="cond" truecount="1" falsecount="1"/>
      <line num="195" count="12" type="stmt"/>
      <line num="199" count="45" type="stmt"/>
      <line num="200" count="45" type="cond" truecount="2" falsecount="0"/>
      <line num="201" count="37" type="stmt"/>
      <line num="203" count="8" type="stmt"/>
    </file>
    <file name="isinstance.js" path="/Users/jimneuendorf/Developer/web/pyllute/src/isinstance.js">
      <metrics statements="8" coveredstatements="3" conditionals="2" coveredconditionals="0" methods="1" coveredmethods="0"/>
      <line num="1" count="1" type="stmt"/>
      <line num="2" count="1" type="stmt"/>
      <line num="4" count="1" type="stmt"/>
      <line num="5" count="0" type="stmt"/>
      <line num="6" count="0" type="stmt"/>
      <line num="7" count="0" type="cond" truecount="0" falsecount="2"/>
      <line num="8" count="0" type="stmt"/>
      <line num="11" count="0" type="stmt"/>
    </file>
    <file name="issubclass.js" path="/Users/jimneuendorf/Developer/web/pyllute/src/issubclass.js">
      <metrics statements="10" coveredstatements="4" conditionals="4" coveredconditionals="0" methods="2" coveredmethods="0"/>
      <line num="1" count="1" type="stmt"/>
      <line num="2" count="1" type="stmt"/>
      <line num="5" count="1" type="stmt"/>
      <line num="6" count="0" type="cond" truecount="0" falsecount="2"/>
      <line num="9" count="1" type="stmt"/>
      <line num="10" count="0" type="stmt"/>
      <line num="11" count="0" type="stmt"/>
      <line num="12" count="0" type="cond" truecount="0" falsecount="2"/>
      <line num="13" count="0" type="stmt"/>
      <line num="16" count="0" type="stmt"/>
    </file>
    <file name="iter.js" path="/Users/jimneuendorf/Developer/web/pyllute/src/iter.js">
      <metrics statements="14" coveredstatements="14" conditionals="7" coveredconditionals="7" methods="4" coveredmethods="4"/>
      <line num="1" count="1" type="stmt"/>
      <line num="4" count="6" type="cond" truecount="1" falsecount="0"/>
      <line num="5" count="8" type="cond" truecount="2" falsecount="0"/>
      <line num="6" count="5" type="stmt"/>
      <line num="7" count="5" type="stmt"/>
      <line num="10" count="1" type="stmt"/>
      <line num="14" count="3" type="cond" truecount="2" falsecount="0"/>
      <line num="15" count="1" type="stmt"/>
      <line num="17" count="2" type="stmt"/>
      <line num="19" count="6" type="stmt"/>
      <line num="20" count="6" type="cond" truecount="2" falsecount="0"/>
      <line num="21" count="2" type="stmt"/>
      <line num="23" count="4" type="stmt"/>
      <line num="26" count="2" type="stmt"/>
    </file>
    <file name="len.js" path="/Users/jimneuendorf/Developer/web/pyllute/src/len.js">
      <metrics statements="10" coveredstatements="10" conditionals="6" coveredconditionals="6" methods="1" coveredmethods="1"/>
      <line num="1" count="3" type="stmt"/>
      <line num="2" count="3" type="stmt"/>
      <line num="5" count="3" type="stmt"/>
      <line num="6" count="46" type="cond" truecount="2" falsecount="0"/>
      <line num="7" count="2" type="stmt"/>
      <line num="10" count="44" type="cond" truecount="2" falsecount="0"/>
      <line num="11" count="35" type="stmt"/>
      <line num="14" count="9" type="cond" truecount="2" falsecount="0"/>
      <line num="15" count="2" type="stmt"/>
      <line num="18" count="7" type="stmt"/>
    </file>
    <file name="list.js" path="/Users/jimneuendorf/Developer/web/pyllute/src/list.js">
      <metrics statements="13" coveredstatements="13" conditionals="12" coveredconditionals="12" methods="1" coveredmethods="1"/>
      <line num="1" count="1" type="stmt"/>
      <line num="3" count="1" type="stmt"/>
      <line num="4" count="10" type="stmt"/>
      <line num="5" count="10" type="cond" truecount="2" falsecount="0"/>
      <line num="6" count="1" type="stmt"/>
      <line num="9" count="9" type="cond" truecount="2" falsecount="0"/>
      <line num="10" count="2" type="stmt"/>
      <line num="14" count="7" type="stmt"/>
      <line num="15" count="7" type="cond" truecount="4" falsecount="0"/>
      <line num="16" count="1" type="stmt"/>
      <line num="19" count="6" type="cond" truecount="2" falsecount="0"/>
      <line num="20" count="2" type="stmt"/>
      <line num="24" count="4" type="stmt"/>
    </file>
    <file name="literals.js" path="/Users/jimneuendorf/Developer/web/pyllute/src/literals.js">
      <metrics statements="1" coveredstatements="1" conditionals="0" coveredconditionals="0" methods="0" coveredmethods="0"/>
      <line num="1" count="1" type="stmt"/>
    </file>
    <file name="map.js" path="/Users/jimneuendorf/Developer/web/pyllute/src/map.js">
      <metrics statements="4" coveredstatements="4" conditionals="0" coveredconditionals="0" methods="1" coveredmethods="1"/>
      <line num="1" count="1" type="stmt"/>
      <line num="3" count="1" type="stmt"/>
      <line num="4" count="3" type="stmt"/>
      <line num="5" count="11" type="stmt"/>
    </file>
    <file name="max.js" path="/Users/jimneuendorf/Developer/web/pyllute/src/max.js">
      <metrics statements="5" coveredstatements="5" conditionals="4" coveredconditionals="4" methods="1" coveredmethods="1"/>
      <line num="1" count="1" type="stmt"/>
      <line num="3" count="1" type="stmt"/>
      <line num="4" count="6" type="cond" truecount="4" falsecount="0"/>
      <line num="5" count="3" type="stmt"/>
      <line num="8" count="6" type="stmt"/>
    </file>
    <file name="min.js" path="/Users/jimneuendorf/Developer/web/pyllute/src/min.js">
      <metrics statements="5" coveredstatements="5" conditionals="4" coveredconditionals="4" methods="1" coveredmethods="1"/>
      <line num="1" count="1" type="stmt"/>
      <line num="3" count="1" type="stmt"/>
      <line num="4" count="6" type="cond" truecount="4" falsecount="0"/>
      <line num="5" count="3" type="stmt"/>
      <line num="8" count="6" type="stmt"/>
    </file>
    <file name="next.js" path="/Users/jimneuendorf/Developer/web/pyllute/src/next.js">
      <metrics statements="9" coveredstatements="9" conditionals="5" coveredconditionals="5" methods="1" coveredmethods="1"/>
      <line num="1" count="1" type="stmt"/>
      <line num="4" count="1" type="stmt"/>
      <line num="7" count="1" type="cond" truecount="1" falsecount="0"/>
      <line num="8" count="9" type="stmt"/>
      <line num="9" count="9" type="cond" truecount="2" falsecount="0"/>
      <line num="10" count="3" type="cond" truecount="2" falsecount="0"/>
      <line num="11" count="1" type="stmt"/>
      <line num="13" count="2" type="stmt"/>
      <line num="16" count="6" type="stmt"/>
    </file>
    <file name="object.js" path="/Users/jimneuendorf/Developer/web/pyllute/src/object.js">
      <metrics statements="4" coveredstatements="4" conditionals="2" coveredconditionals="2" methods="1" coveredmethods="1"/>
      <line num="1" count="1" type="stmt"/>
      <line num="2" count="5" type="cond" truecount="2" falsecount="0"/>
      <line num="3" count="4" type="stmt"/>
      <line num="5" count="1" type="stmt"/>
    </file>
    <file name="oct.js" path="/Users/jimneuendorf/Developer/web/pyllute/src/oct.js">
      <metrics statements="11" coveredstatements="11" conditionals="8" coveredconditionals="8" methods="1" coveredmethods="1"/>
      <line num="1" count="1" type="stmt"/>
      <line num="3" count="1" type="stmt"/>
      <line num="4" count="8" type="cond" truecount="2" falsecount="0"/>
      <line num="5" count="3" type="cond" truecount="2" falsecount="0"/>
      <line num="6" count="2" type="stmt"/>
      <line num="7" count="2" type="cond" truecount="2" falsecount="0"/>
      <line num="8" count="1" type="stmt"/>
      <line num="14" count="1" type="stmt"/>
      <line num="19" count="6" type="cond" truecount="2" falsecount="0"/>
      <line num="20" count="5" type="stmt"/>
      <line num="22" count="1" type="stmt"/>
    </file>
    <file name="ord.js" path="/Users/jimneuendorf/Developer/web/pyllute/src/ord.js">
      <metrics statements="4" coveredstatements="4" conditionals="4" coveredconditionals="4" methods="1" coveredmethods="1"/>
      <line num="1" count="2" type="stmt"/>
      <line num="2" count="14" type="cond" truecount="4" falsecount="0"/>
      <line num="3" count="1" type="stmt"/>
      <line num="7" count="13" type="stmt"/>
    </file>
    <file name="pow.js" path="/Users/jimneuendorf/Developer/web/pyllute/src/pow.js">
      <metrics statements="24" coveredstatements="20" conditionals="12" coveredconditionals="8" methods="2" coveredmethods="2"/>
      <line num="1" count="1" type="stmt"/>
      <line num="2" count="1" type="stmt"/>
      <line num="3" count="1" type="stmt"/>
      <line num="8" count="1" type="stmt"/>
      <line num="10" count="1" type="stmt"/>
      <line num="11" count="6" type="stmt"/>
      <line num="14" count="6" type="stmt"/>
      <line num="16" count="1" type="cond" truecount="1" falsecount="1"/>
      <line num="17" count="0" type="stmt"/>
      <line num="19" count="1" type="stmt"/>
      <line num="27" count="10" type="stmt"/>
      <line num="28" count="10" type="cond" truecount="2" falsecount="0"/>
      <line num="29" count="6" type="stmt"/>
      <line num="32" count="4" type="cond" truecount="2" falsecount="0"/>
      <line num="33" count="2" type="stmt"/>
      <line num="36" count="2" type="cond" truecount="2" falsecount="0"/>
      <line num="37" count="1" type="stmt"/>
      <line num="41" count="1" type="stmt"/>
      <line num="42" count="1" type="stmt"/>
      <line num="45" count="0" type="cond" truecount="0" falsecount="2"/>
      <line num="46" count="0" type="stmt"/>
      <line num="49" count="0" type="stmt"/>
      <line num="52" count="1" type="stmt"/>
      <line num="57" count="1" type="stmt"/>
    </file>
    <file name="range.js" path="/Users/jimneuendorf/Developer/web/pyllute/src/range.js">
      <metrics statements="16" coveredstatements="16" conditionals="13" coveredconditionals="13" methods="1" coveredmethods="1"/>
      <line num="1" count="1" type="stmt"/>
      <line num="3" count="1" type="stmt"/>
      <line num="5" count="12" type="cond" truecount="2" falsecount="0"/>
      <line num="6" count="2" type="cond" truecount="2" falsecount="0"/>
      <line num="9" count="10" type="cond" truecount="1" falsecount="0"/>
      <line num="12" count="12" type="cond" truecount="2" falsecount="0"/>
      <line num="13" count="1" type="stmt"/>
      <line num="16" count="11" type="stmt"/>
      <line num="17" count="11" type="stmt"/>
      <line num="18" count="11" type="stmt"/>
      <line num="19" count="47" type="stmt"/>
      <line num="20" count="47" type="cond" truecount="6" falsecount="0"/>
      <line num="21" count="36" type="stmt"/>
      <line num="24" count="11" type="stmt"/>
      <line num="26" count="36" type="stmt"/>
      <line num="29" count="11" type="stmt"/>
    </file>
    <file name="repr.js" path="/Users/jimneuendorf/Developer/web/pyllute/src/repr.js">
      <metrics statements="16" coveredstatements="13" conditionals="12" coveredconditionals="9" methods="3" coveredmethods="3"/>
      <line num="2" count="16" type="cond" truecount="1" falsecount="1"/>
      <line num="3" count="0" type="stmt"/>
      <line num="6" count="16" type="cond" truecount="1" falsecount="1"/>
      <line num="7" count="0" type="stmt"/>
      <line num="10" count="16" type="cond" truecount="2" falsecount="0"/>
      <line num="11" count="5" type="stmt"/>
      <line num="14" count="11" type="cond" truecount="2" falsecount="0"/>
      <line num="15" count="7" type="stmt"/>
      <line num="18" count="6" type="cond" truecount="2" falsecount="0"/>
      <line num="19" count="2" type="stmt"/>
      <line num="22" count="1" type="stmt"/>
      <line num="28" count="4" type="stmt"/>
      <line num="29" count="4" type="cond" truecount="1" falsecount="1"/>
      <line num="30" count="0" type="stmt"/>
      <line num="32" count="4" type="stmt"/>
      <line num="36" count="1" type="stmt"/>
    </file>
    <file name="reversed.js" path="/Users/jimneuendorf/Developer/web/pyllute/src/reversed.js">
      <metrics statements="21" coveredstatements="21" conditionals="12" coveredconditionals="12" methods="3" coveredmethods="3"/>
      <line num="1" count="1" type="stmt"/>
      <line num="2" count="1" type="stmt"/>
      <line num="4" count="1" type="stmt"/>
      <line num="5" count="14" type="stmt"/>
      <line num="6" count="14" type="cond" truecount="2" falsecount="0"/>
      <line num="7" count="3" type="stmt"/>
      <line num="10" count="11" type="stmt"/>
      <line num="12" count="11" type="cond" truecount="2" falsecount="0"/>
      <line num="13" count="1" type="stmt"/>
      <line num="16" count="10" type="cond" truecount="2" falsecount="0"/>
      <line num="17" count="2" type="cond" truecount="2" falsecount="0"/>
      <line num="18" count="1" type="stmt"/>
      <line num="21" count="1" type="stmt"/>
      <line num="25" count="8" type="stmt"/>
      <line num="27" count="7" type="stmt"/>
      <line num="29" count="34" type="cond" truecount="2" falsecount="0"/>
      <line num="30" count="7" type="stmt"/>
      <line num="32" count="27" type="stmt"/>
      <line num="38" count="27" type="stmt"/>
      <line num="39" count="27" type="stmt"/>
      <line num="42" count="6" type="stmt"/>
    </file>
    <file name="round.js" path="/Users/jimneuendorf/Developer/web/pyllute/src/round.js">
      <metrics statements="8" coveredstatements="8" conditionals="6" coveredconditionals="6" methods="1" coveredmethods="1"/>
      <line num="6" count="13" type="cond" truecount="2" falsecount="0"/>
      <line num="7" count="9" type="stmt"/>
      <line num="9" count="4" type="cond" truecount="2" falsecount="0"/>
      <line num="10" count="1" type="stmt"/>
      <line num="14" count="3" type="cond" truecount="2" falsecount="0"/>
      <line num="15" count="1" type="stmt"/>
      <line num="18" count="2" type="stmt"/>
      <line num="22" count="1" type="stmt"/>
    </file>
    <file name="set.js" path="/Users/jimneuendorf/Developer/web/pyllute/src/set.js">
      <metrics statements="13" coveredstatements="13" conditionals="12" coveredconditionals="12" methods="1" coveredmethods="1"/>
      <line num="1" count="1" type="stmt"/>
      <line num="3" count="1" type="stmt"/>
      <line num="4" count="11" type="stmt"/>
      <line num="5" count="11" type="cond" truecount="2" falsecount="0"/>
      <line num="6" count="1" type="stmt"/>
      <line num="9" count="10" type="cond" truecount="2" falsecount="0"/>
      <line num="10" count="2" type="stmt"/>
      <line num="14" count="8" type="stmt"/>
      <line num="15" count="8" type="cond" truecount="4" falsecount="0"/>
      <line num="16" count="1" type="stmt"/>
      <line num="19" count="7" type="cond" truecount="2" falsecount="0"/>
      <line num="20" count="2" type="stmt"/>
      <line num="25" count="5" type="stmt"/>
    </file>
    <file name="setattr.js" path="/Users/jimneuendorf/Developer/web/pyllute/src/setattr.js">
      <metrics statements="2" coveredstatements="1" conditionals="0" coveredconditionals="0" methods="1" coveredmethods="0"/>
      <line num="1" count="1" type="stmt"/>
      <line num="2" count="0" type="stmt"/>
    </file>
    <file name="sorted.js" path="/Users/jimneuendorf/Developer/web/pyllute/src/sorted.js">
      <metrics statements="11" coveredstatements="11" conditionals="8" coveredconditionals="8" methods="3" coveredmethods="3"/>
      <line num="2" count="88" type="stmt"/>
      <line num="5" count="1" type="cond" truecount="2" falsecount="0"/>
      <line num="6" count="10" type="stmt"/>
      <line num="7" count="10" type="stmt"/>
      <line num="10" count="10" type="cond" truecount="4" falsecount="0"/>
      <line num="11" count="3" type="stmt"/>
      <line num="14" count="54" type="stmt"/>
      <line num="17" count="10" type="stmt"/>
      <line num="18" count="10" type="cond" truecount="2" falsecount="0"/>
      <line num="19" count="3" type="stmt"/>
      <line num="21" count="7" type="stmt"/>
    </file>
    <file name="staticmethod.js" path="/Users/jimneuendorf/Developer/web/pyllute/src/staticmethod.js">
      <metrics statements="4" coveredstatements="1" conditionals="0" coveredconditionals="0" methods="1" coveredmethods="0"/>
      <line num="2" count="1" type="stmt"/>
      <line num="3" count="0" type="stmt"/>
      <line num="5" count="0" type="stmt"/>
      <line num="6" count="0" type="stmt"/>
    </file>
    <file name="str.js" path="/Users/jimneuendorf/Developer/web/pyllute/src/str.js">
      <metrics statements="32" coveredstatements="32" conditionals="28" coveredconditionals="28" methods="1" coveredmethods="1"/>
      <line num="1" count="1" type="stmt"/>
      <line num="2" count="1" type="stmt"/>
      <line num="3" count="1" type="stmt"/>
      <line num="16" count="32" type="stmt"/>
      <line num="17" count="32" type="cond" truecount="2" falsecount="0"/>
      <line num="18" count="1" type="stmt"/>
      <line num="21" count="31" type="cond" truecount="2" falsecount="0"/>
      <line num="22" count="2" type="stmt"/>
      <line num="26" count="29" type="cond" truecount="2" falsecount="0"/>
      <line num="27" count="1" type="stmt"/>
      <line num="32" count="28" type="stmt"/>
      <line num="34" count="28" type="cond" truecount="2" falsecount="0"/>
      <line num="35" count="1" type="stmt"/>
      <line num="38" count="27" type="stmt"/>
      <line num="41" count="27" type="cond" truecount="2" falsecount="0"/>
      <line num="46" count="15" type="cond" truecount="2" falsecount="0"/>
      <line num="47" count="2" type="stmt"/>
      <line num="49" count="13" type="cond" truecount="2" falsecount="0"/>
      <line num="50" count="5" type="stmt"/>
      <line num="51" count="5" type="cond" truecount="2" falsecount="0"/>
      <line num="52" count="2" type="stmt"/>
      <line num="56" count="3" type="stmt"/>
      <line num="58" count="8" type="stmt"/>
      <line num="62" count="12" type="cond" truecount="2" falsecount="0"/>
      <line num="63" count="4" type="stmt"/>
      <line num="69" count="8" type="cond" truecount="4" falsecount="0"/>
      <line num="71" count="4" type="cond" truecount="2" falsecount="0"/>
      <line num="72" count="2" type="stmt"/>
      <line num="77" count="2" type="stmt"/>
      <line num="84" count="4" type="stmt"/>
      <line num="85" count="2" type="stmt"/>
      <line num="90" count="1" type="stmt"/>
    </file>
    <file name="string-literals.js" path="/Users/jimneuendorf/Developer/web/pyllute/src/string-literals.js">
      <metrics statements="14" coveredstatements="14" conditionals="2" coveredconditionals="2" methods="6" coveredmethods="6"/>
      <line num="1" count="1" type="stmt"/>
      <line num="2" count="1" type="stmt"/>
      <line num="10" count="3" type="stmt"/>
      <line num="11" count="3" type="stmt"/>
      <line num="13" count="3" type="stmt"/>
      <line num="14" count="2" type="stmt"/>
      <line num="16" count="3" type="stmt"/>
      <line num="20" count="5" type="cond" truecount="2" falsecount="0"/>
      <line num="21" count="1" type="stmt"/>
      <line num="23" count="9" type="stmt"/>
      <line num="27" count="3" type="stmt"/>
      <line num="30" count="1" type="stmt"/>
      <line num="33" count="1" type="stmt"/>
      <line num="37" count="1" type="stmt"/>
    </file>
    <file name="sum.js" path="/Users/jimneuendorf/Developer/web/pyllute/src/sum.js">
      <metrics statements="5" coveredstatements="5" conditionals="1" coveredconditionals="1" methods="1" coveredmethods="1"/>
      <line num="1" count="1" type="cond" truecount="1" falsecount="0"/>
      <line num="2" count="2" type="stmt"/>
      <line num="3" count="2" type="stmt"/>
      <line num="4" count="21" type="stmt"/>
      <line num="6" count="2" type="stmt"/>
    </file>
    <file name="tuple.js" path="/Users/jimneuendorf/Developer/web/pyllute/src/tuple.js">
      <metrics statements="13" coveredstatements="13" conditionals="12" coveredconditionals="12" methods="1" coveredmethods="1"/>
      <line num="1" count="1" type="stmt"/>
      <line num="3" count="1" type="stmt"/>
      <line num="4" count="11" type="stmt"/>
      <line num="5" count="11" type="cond" truecount="2" falsecount="0"/>
      <line num="6" count="1" type="stmt"/>
      <line num="9" count="10" type="cond" truecount="2" falsecount="0"/>
      <line num="10" count="2" type="stmt"/>
      <line num="14" count="8" type="stmt"/>
      <line num="15" count="8" type="cond" truecount="4" falsecount="0"/>
      <line num="16" count="1" type="stmt"/>
      <line num="19" count="7" type="cond" truecount="2" falsecount="0"/>
      <line num="20" count="2" type="stmt"/>
      <line num="25" count="5" type="stmt"/>
    </file>
    <file name="type.js" path="/Users/jimneuendorf/Developer/web/pyllute/src/type.js">
      <metrics statements="23" coveredstatements="5" conditionals="13" coveredconditionals="0" methods="3" coveredmethods="0"/>
      <line num="1" count="1" type="stmt"/>
      <line num="2" count="1" type="stmt"/>
      <line num="5" count="1" type="stmt"/>
      <line num="6" count="0" type="stmt"/>
      <line num="8" count="1" type="stmt"/>
      <line num="10" count="0" type="cond" truecount="0" falsecount="2"/>
      <line num="14" count="0" type="stmt"/>
      <line num="15" count="0" type="stmt"/>
      <line num="16" count="0" type="stmt"/>
      <line num="17" count="0" type="stmt"/>
      <line num="18" count="0" type="stmt"/>
      <line num="19" count="0" type="cond" truecount="0" falsecount="2"/>
      <line num="20" count="0" type="stmt"/>
      <line num="24" count="0" type="cond" truecount="0" falsecount="5"/>
      <line num="28" count="0" type="stmt"/>
      <line num="33" count="0" type="stmt"/>
      <line num="35" count="0" type="stmt"/>
      <line num="38" count="1" type="stmt"/>
      <line num="39" count="0" type="cond" truecount="0" falsecount="2"/>
      <line num="40" count="0" type="stmt"/>
      <line num="42" count="0" type="cond" truecount="0" falsecount="2"/>
      <line num="43" count="0" type="stmt"/>
      <line num="46" count="0" type="stmt"/>
    </file>
    <file name="zip.js" path="/Users/jimneuendorf/Developer/web/pyllute/src/zip.js">
      <metrics statements="8" coveredstatements="8" conditionals="2" coveredconditionals="2" methods="5" coveredmethods="5"/>
      <line num="2" count="1" type="stmt"/>
      <line num="3" count="7" type="stmt"/>
      <line num="5" count="4" type="stmt"/>
      <line num="6" count="30" type="stmt"/>
      <line num="7" count="27" type="cond" truecount="2" falsecount="0"/>
      <line num="8" count="4" type="stmt"/>
      <line num="10" count="23" type="stmt"/>
      <line num="11" count="14" type="stmt"/>
    </file>
  </project>
</coverage>
