{"/Users/jimneuendorf/Developer/web/pyllute/__tests__/_utils.js": {"path":"/Users/jimneuendorf/Developer/web/pyllute/__tests__/_utils.js","statementMap":{"0":{"start":{"line":1,"column":11},"end":{"line":1,"column":24}},"1":{"start":{"line":2,"column":13},"end":{"line":2,"column":28}},"2":{"start":{"line":4,"column":15},"end":{"line":4,"column":40}},"3":{"start":{"line":6,"column":17},"end":{"line":6,"column":23}},"4":{"start":{"line":6,"column":22},"end":{"line":6,"column":23}},"5":{"start":{"line":18,"column":25},"end":{"line":20,"column":10}},"6":{"start":{"line":21,"column":21},"end":{"line":23,"column":10}},"7":{"start":{"line":24,"column":4},"end":{"line":26,"column":5}},"8":{"start":{"line":25,"column":8},"end":{"line":25,"column":67}},"9":{"start":{"line":28,"column":4},"end":{"line":53,"column":6}},"10":{"start":{"line":29,"column":23},"end":{"line":29,"column":45}},"11":{"start":{"line":30,"column":16},"end":{"line":30,"column":17}},"12":{"start":{"line":31,"column":8},"end":{"line":52,"column":9}},"13":{"start":{"line":32,"column":12},"end":{"line":35,"column":13}},"14":{"start":{"line":33,"column":16},"end":{"line":33,"column":19}},"15":{"start":{"line":34,"column":16},"end":{"line":34,"column":24}},"16":{"start":{"line":37,"column":12},"end":{"line":39,"column":13}},"17":{"start":{"line":38,"column":16},"end":{"line":38,"column":62}},"18":{"start":{"line":40,"column":12},"end":{"line":40,"column":49}},"19":{"start":{"line":42,"column":12},"end":{"line":49,"column":13}},"20":{"start":{"line":43,"column":16},"end":{"line":45,"column":17}},"21":{"start":{"line":43,"column":29},"end":{"line":43,"column":42}},"22":{"start":{"line":48,"column":16},"end":{"line":48,"column":76}},"23":{"start":{"line":51,"column":12},"end":{"line":51,"column":15}},"24":{"start":{"line":56,"column":0},"end":{"line":58,"column":1}}},"fnMap":{"0":{"name":"(anonymous_0)","decl":{"start":{"line":6,"column":17},"end":{"line":6,"column":18}},"loc":{"start":{"line":6,"column":22},"end":{"line":6,"column":23}},"line":6},"1":{"name":"createTestCase","decl":{"start":{"line":9,"column":9},"end":{"line":9,"column":23}},"loc":{"start":{"line":17,"column":30},"end":{"line":54,"column":1}},"line":17},"2":{"name":"(anonymous_2)","decl":{"start":{"line":28,"column":42},"end":{"line":28,"column":43}},"loc":{"start":{"line":28,"column":48},"end":{"line":53,"column":5}},"line":28},"3":{"name":"(anonymous_3)","decl":{"start":{"line":43,"column":23},"end":{"line":43,"column":24}},"loc":{"start":{"line":43,"column":29},"end":{"line":43,"column":42}},"line":43}},"branchMap":{"0":{"loc":{"start":{"line":9,"column":48},"end":{"line":9,"column":57}},"type":"default-arg","locations":[{"start":{"line":9,"column":53},"end":{"line":9,"column":57}}],"line":9},"1":{"loc":{"start":{"line":10,"column":24},"end":{"line":17,"column":28}},"type":"default-arg","locations":[{"start":{"line":17,"column":26},"end":{"line":17,"column":28}}],"line":10},"2":{"loc":{"start":{"line":11,"column":28},"end":{"line":11,"column":41}},"type":"default-arg","locations":[{"start":{"line":11,"column":37},"end":{"line":11,"column":41}}],"line":11},"3":{"loc":{"start":{"line":12,"column":28},"end":{"line":12,"column":41}},"type":"default-arg","locations":[{"start":{"line":12,"column":36},"end":{"line":12,"column":41}}],"line":12},"4":{"loc":{"start":{"line":13,"column":28},"end":{"line":13,"column":38}},"type":"default-arg","locations":[{"start":{"line":13,"column":36},"end":{"line":13,"column":38}}],"line":13},"5":{"loc":{"start":{"line":14,"column":28},"end":{"line":14,"column":41}},"type":"default-arg","locations":[{"start":{"line":14,"column":37},"end":{"line":14,"column":41}}],"line":14},"6":{"loc":{"start":{"line":15,"column":28},"end":{"line":15,"column":49}},"type":"default-arg","locations":[{"start":{"line":15,"column":41},"end":{"line":15,"column":49}}],"line":15},"7":{"loc":{"start":{"line":16,"column":28},"end":{"line":16,"column":46}},"type":"default-arg","locations":[{"start":{"line":16,"column":37},"end":{"line":16,"column":46}}],"line":16},"8":{"loc":{"start":{"line":24,"column":4},"end":{"line":26,"column":5}},"type":"if","locations":[{"start":{"line":24,"column":4},"end":{"line":26,"column":5}},{"start":{"line":24,"column":4},"end":{"line":26,"column":5}}],"line":24},"9":{"loc":{"start":{"line":28,"column":20},"end":{"line":28,"column":40}},"type":"binary-expr","locations":[{"start":{"line":28,"column":20},"end":{"line":28,"column":28}},{"start":{"line":28,"column":32},"end":{"line":28,"column":40}}],"line":28},"10":{"loc":{"start":{"line":32,"column":12},"end":{"line":35,"column":13}},"type":"if","locations":[{"start":{"line":32,"column":12},"end":{"line":35,"column":13}},{"start":{"line":32,"column":12},"end":{"line":35,"column":13}}],"line":32},"11":{"loc":{"start":{"line":32,"column":16},"end":{"line":32,"column":45}},"type":"binary-expr","locations":[{"start":{"line":32,"column":16},"end":{"line":32,"column":28}},{"start":{"line":32,"column":32},"end":{"line":32,"column":45}}],"line":32},"12":{"loc":{"start":{"line":37,"column":12},"end":{"line":39,"column":13}},"type":"if","locations":[{"start":{"line":37,"column":12},"end":{"line":39,"column":13}},{"start":{"line":37,"column":12},"end":{"line":39,"column":13}}],"line":37},"13":{"loc":{"start":{"line":42,"column":12},"end":{"line":49,"column":13}},"type":"if","locations":[{"start":{"line":42,"column":12},"end":{"line":49,"column":13}},{"start":{"line":42,"column":12},"end":{"line":49,"column":13}}],"line":42}},"s":{"0":4,"1":4,"2":4,"3":4,"4":143,"5":22,"6":22,"7":22,"8":0,"9":22,"10":22,"11":22,"12":22,"13":260,"14":0,"15":0,"16":260,"17":0,"18":260,"19":260,"20":75,"21":75,"22":185,"23":260,"24":4},"f":{"0":143,"1":22,"2":22,"3":75},"b":{"0":[0],"1":[10],"2":[21],"3":[22],"4":[22],"5":[12],"6":[18],"7":[22],"8":[0,22],"9":[22,12],"10":[0,260],"11":[260,0],"12":[0,260],"13":[75,185]},"_coverageSchema":"1a1c01bbd47fc00a2c39e90264f33305004495a9","hash":"202f835d06fb617c4184d1bf2d8c3cd77d0df7b7"}
,"/Users/jimneuendorf/Developer/web/pyllute/src/_bytes.js": {"path":"/Users/jimneuendorf/Developer/web/pyllute/src/_bytes.js","statementMap":{"0":{"start":{"line":1,"column":18},"end":{"line":1,"column":40}},"1":{"start":{"line":2,"column":30},"end":{"line":2,"column":50}},"2":{"start":{"line":11,"column":22},"end":{"line":11,"column":40}},"3":{"start":{"line":12,"column":8},"end":{"line":17,"column":10}},"4":{"start":{"line":18,"column":8},"end":{"line":25,"column":9}},"5":{"start":{"line":18,"column":21},"end":{"line":18,"column":22}},"6":{"start":{"line":19,"column":12},"end":{"line":24,"column":14}},"7":{"start":{"line":29,"column":8},"end":{"line":29,"column":34}},"8":{"start":{"line":53,"column":8},"end":{"line":53,"column":33}},"9":{"start":{"line":57,"column":8},"end":{"line":57,"column":51}},"10":{"start":{"line":71,"column":8},"end":{"line":71,"column":45}},"11":{"start":{"line":135,"column":8},"end":{"line":135,"column":48}},"12":{"start":{"line":139,"column":8},"end":{"line":139,"column":44}},"13":{"start":{"line":153,"column":8},"end":{"line":153,"column":45}},"14":{"start":{"line":177,"column":8},"end":{"line":177,"column":52}},"15":{"start":{"line":181,"column":0},"end":{"line":201,"column":2}},"16":{"start":{"line":204,"column":0},"end":{"line":204,"column":22}}},"fnMap":{"0":{"name":"(anonymous_0)","decl":{"start":{"line":10,"column":4},"end":{"line":10,"column":5}},"loc":{"start":{"line":10,"column":25},"end":{"line":26,"column":5}},"line":10},"1":{"name":"(anonymous_1)","decl":{"start":{"line":28,"column":4},"end":{"line":28,"column":5}},"loc":{"start":{"line":28,"column":26},"end":{"line":30,"column":5}},"line":28},"2":{"name":"(anonymous_2)","decl":{"start":{"line":52,"column":4},"end":{"line":52,"column":5}},"loc":{"start":{"line":52,"column":17},"end":{"line":54,"column":5}},"line":52},"3":{"name":"(anonymous_3)","decl":{"start":{"line":56,"column":4},"end":{"line":56,"column":5}},"loc":{"start":{"line":56,"column":17},"end":{"line":58,"column":5}},"line":56},"4":{"name":"(anonymous_4)","decl":{"start":{"line":70,"column":4},"end":{"line":70,"column":5}},"loc":{"start":{"line":70,"column":11},"end":{"line":72,"column":5}},"line":70},"5":{"name":"(anonymous_5)","decl":{"start":{"line":134,"column":4},"end":{"line":134,"column":5}},"loc":{"start":{"line":134,"column":14},"end":{"line":136,"column":5}},"line":134},"6":{"name":"(anonymous_6)","decl":{"start":{"line":138,"column":4},"end":{"line":138,"column":5}},"loc":{"start":{"line":138,"column":10},"end":{"line":140,"column":5}},"line":138},"7":{"name":"(anonymous_7)","decl":{"start":{"line":152,"column":4},"end":{"line":152,"column":5}},"loc":{"start":{"line":152,"column":11},"end":{"line":154,"column":5}},"line":152},"8":{"name":"(anonymous_8)","decl":{"start":{"line":176,"column":4},"end":{"line":176,"column":5}},"loc":{"start":{"line":176,"column":31},"end":{"line":178,"column":5}},"line":176}},"branchMap":{},"s":{"0":1,"1":1,"2":11,"3":11,"4":11,"5":11,"6":44,"7":11,"8":2,"9":1,"10":1,"11":1,"12":1,"13":1,"14":10,"15":1,"16":1},"f":{"0":11,"1":11,"2":2,"3":1,"4":1,"5":1,"6":1,"7":1,"8":10},"b":{},"_coverageSchema":"1a1c01bbd47fc00a2c39e90264f33305004495a9","hash":"5b607ecf55a7c659fb659fa791e55aa8349ee83f"}
,"/Users/jimneuendorf/Developer/web/pyllute/src/_dunder.js": {"path":"/Users/jimneuendorf/Developer/web/pyllute/src/_dunder.js","statementMap":{"0":{"start":{"line":1,"column":17},"end":{"line":1,"column":38}},"1":{"start":{"line":2,"column":16},"end":{"line":2,"column":38}},"2":{"start":{"line":4,"column":16},"end":{"line":4,"column":18}},"3":{"start":{"line":6,"column":0},"end":{"line":28,"column":1}},"4":{"start":{"line":9,"column":21},"end":{"line":9,"column":32}},"5":{"start":{"line":10,"column":8},"end":{"line":26,"column":9}},"6":{"start":{"line":11,"column":12},"end":{"line":22,"column":13}},"7":{"start":{"line":12,"column":31},"end":{"line":12,"column":44}},"8":{"start":{"line":13,"column":16},"end":{"line":15,"column":17}},"9":{"start":{"line":14,"column":20},"end":{"line":14,"column":33}},"10":{"start":{"line":16,"column":16},"end":{"line":18,"column":17}},"11":{"start":{"line":21,"column":16},"end":{"line":21,"column":80}},"12":{"start":{"line":25,"column":12},"end":{"line":25,"column":26}}},"fnMap":{"0":{"name":"(anonymous_0)","decl":{"start":{"line":8,"column":4},"end":{"line":8,"column":5}},"loc":{"start":{"line":8,"column":56},"end":{"line":27,"column":5}},"line":8}},"branchMap":{"0":{"loc":{"start":{"line":10,"column":8},"end":{"line":26,"column":9}},"type":"if","locations":[{"start":{"line":10,"column":8},"end":{"line":26,"column":9}},{"start":{"line":10,"column":8},"end":{"line":26,"column":9}}],"line":10},"1":{"loc":{"start":{"line":11,"column":12},"end":{"line":22,"column":13}},"type":"if","locations":[{"start":{"line":11,"column":12},"end":{"line":22,"column":13}},{"start":{"line":11,"column":12},"end":{"line":22,"column":13}}],"line":11},"2":{"loc":{"start":{"line":13,"column":16},"end":{"line":15,"column":17}},"type":"if","locations":[{"start":{"line":13,"column":16},"end":{"line":15,"column":17}},{"start":{"line":13,"column":16},"end":{"line":15,"column":17}}],"line":13}},"s":{"0":1,"1":1,"2":1,"3":1,"4":256,"5":255,"6":18,"7":12,"8":12,"9":3,"10":9,"11":6,"12":237},"f":{"0":256},"b":{"0":[18,237],"1":[12,6],"2":[3,9]},"_coverageSchema":"1a1c01bbd47fc00a2c39e90264f33305004495a9","hash":"6d49fd4e5b5d0e6e461d8146556f56e05e76c5a2"}
,"/Users/jimneuendorf/Developer/web/pyllute/src/_errors.js": {"path":"/Users/jimneuendorf/Developer/web/pyllute/src/_errors.js","statementMap":{"0":{"start":{"line":7,"column":0},"end":{"line":12,"column":1}}},"fnMap":{},"branchMap":{},"s":{"0":4},"f":{},"b":{},"_coverageSchema":"1a1c01bbd47fc00a2c39e90264f33305004495a9","hash":"9459d0a2d80a6ed0a799baca288d03ebb56d1613"}
,"/Users/jimneuendorf/Developer/web/pyllute/src/_is-iterable.js": {"path":"/Users/jimneuendorf/Developer/web/pyllute/src/_is-iterable.js","statementMap":{"0":{"start":{"line":2,"column":0},"end":{"line":8,"column":1}},"1":{"start":{"line":4,"column":4},"end":{"line":6,"column":5}},"2":{"start":{"line":5,"column":8},"end":{"line":5,"column":20}},"3":{"start":{"line":7,"column":4},"end":{"line":7,"column":54}}},"fnMap":{"0":{"name":"(anonymous_0)","decl":{"start":{"line":2,"column":17},"end":{"line":2,"column":18}},"loc":{"start":{"line":2,"column":24},"end":{"line":8,"column":1}},"line":2}},"branchMap":{"0":{"loc":{"start":{"line":4,"column":4},"end":{"line":6,"column":5}},"type":"if","locations":[{"start":{"line":4,"column":4},"end":{"line":6,"column":5}},{"start":{"line":4,"column":4},"end":{"line":6,"column":5}}],"line":4}},"s":{"0":4,"1":75,"2":2,"3":73},"f":{"0":75},"b":{"0":[2,73]},"_coverageSchema":"1a1c01bbd47fc00a2c39e90264f33305004495a9","hash":"642592f4d5bf54add5c1713e03f433dfc7df72fd"}
,"/Users/jimneuendorf/Developer/web/pyllute/src/_mod.js": {"path":"/Users/jimneuendorf/Developer/web/pyllute/src/_mod.js","statementMap":{"0":{"start":{"line":2,"column":0},"end":{"line":12,"column":1}},"1":{"start":{"line":4,"column":4},"end":{"line":6,"column":5}},"2":{"start":{"line":5,"column":8},"end":{"line":5,"column":16}},"3":{"start":{"line":8,"column":4},"end":{"line":10,"column":5}},"4":{"start":{"line":9,"column":8},"end":{"line":9,"column":24}},"5":{"start":{"line":11,"column":4},"end":{"line":11,"column":28}}},"fnMap":{"0":{"name":"(anonymous_0)","decl":{"start":{"line":2,"column":17},"end":{"line":2,"column":18}},"loc":{"start":{"line":2,"column":27},"end":{"line":12,"column":1}},"line":2}},"branchMap":{"0":{"loc":{"start":{"line":4,"column":4},"end":{"line":6,"column":5}},"type":"if","locations":[{"start":{"line":4,"column":4},"end":{"line":6,"column":5}},{"start":{"line":4,"column":4},"end":{"line":6,"column":5}}],"line":4},"1":{"loc":{"start":{"line":8,"column":4},"end":{"line":10,"column":5}},"type":"if","locations":[{"start":{"line":8,"column":4},"end":{"line":10,"column":5}},{"start":{"line":8,"column":4},"end":{"line":10,"column":5}}],"line":8}},"s":{"0":1,"1":13,"2":1,"3":12,"4":0,"5":12},"f":{"0":13},"b":{"0":[1,12],"1":[0,12]},"_coverageSchema":"1a1c01bbd47fc00a2c39e90264f33305004495a9","hash":"b91b48e0e5eb046312d13fc88be053553439d685"}
,"/Users/jimneuendorf/Developer/web/pyllute/src/_to-primitive.js": {"path":"/Users/jimneuendorf/Developer/web/pyllute/src/_to-primitive.js","statementMap":{"0":{"start":{"line":1,"column":17},"end":{"line":1,"column":38}},"1":{"start":{"line":2,"column":21},"end":{"line":2,"column":41}},"2":{"start":{"line":4,"column":0},"end":{"line":15,"column":1}},"3":{"start":{"line":5,"column":4},"end":{"line":7,"column":5}},"4":{"start":{"line":6,"column":8},"end":{"line":6,"column":18}},"5":{"start":{"line":8,"column":4},"end":{"line":10,"column":5}},"6":{"start":{"line":9,"column":8},"end":{"line":9,"column":27}},"7":{"start":{"line":11,"column":4},"end":{"line":13,"column":5}},"8":{"start":{"line":12,"column":8},"end":{"line":12,"column":18}},"9":{"start":{"line":14,"column":4},"end":{"line":14,"column":84}}},"fnMap":{"0":{"name":"(anonymous_0)","decl":{"start":{"line":4,"column":17},"end":{"line":4,"column":18}},"loc":{"start":{"line":4,"column":24},"end":{"line":15,"column":1}},"line":4}},"branchMap":{"0":{"loc":{"start":{"line":5,"column":4},"end":{"line":7,"column":5}},"type":"if","locations":[{"start":{"line":5,"column":4},"end":{"line":7,"column":5}},{"start":{"line":5,"column":4},"end":{"line":7,"column":5}}],"line":5},"1":{"loc":{"start":{"line":8,"column":4},"end":{"line":10,"column":5}},"type":"if","locations":[{"start":{"line":8,"column":4},"end":{"line":10,"column":5}},{"start":{"line":8,"column":4},"end":{"line":10,"column":5}}],"line":8},"2":{"loc":{"start":{"line":11,"column":4},"end":{"line":13,"column":5}},"type":"if","locations":[{"start":{"line":11,"column":4},"end":{"line":13,"column":5}},{"start":{"line":11,"column":4},"end":{"line":13,"column":5}}],"line":11}},"s":{"0":1,"1":1,"2":1,"3":104,"4":0,"5":104,"6":104,"7":104,"8":99,"9":5},"f":{"0":104},"b":{"0":[0,104],"1":[104,0],"2":[99,5]},"_coverageSchema":"1a1c01bbd47fc00a2c39e90264f33305004495a9","hash":"f70ddf1a460511daaba876f6ccee51a5b81b5ff7"}
,"/Users/jimneuendorf/Developer/web/pyllute/src/_type-str.js": {"path":"/Users/jimneuendorf/Developer/web/pyllute/src/_type-str.js","statementMap":{"0":{"start":{"line":1,"column":0},"end":{"line":5,"column":1}},"1":{"start":{"line":3,"column":17},"end":{"line":3,"column":52}},"2":{"start":{"line":4,"column":4},"end":{"line":4,"column":42}}},"fnMap":{"0":{"name":"(anonymous_0)","decl":{"start":{"line":1,"column":17},"end":{"line":1,"column":18}},"loc":{"start":{"line":1,"column":31},"end":{"line":5,"column":1}},"line":1}},"branchMap":{},"s":{"0":1,"1":15,"2":15},"f":{"0":15},"b":{},"_coverageSchema":"1a1c01bbd47fc00a2c39e90264f33305004495a9","hash":"5782c629447583aae19d3e1228ff4cd911522c9c"}
,"/Users/jimneuendorf/Developer/web/pyllute/src/abs.js": {"path":"/Users/jimneuendorf/Developer/web/pyllute/src/abs.js","statementMap":{"0":{"start":{"line":1,"column":12},"end":{"line":1,"column":20}},"1":{"start":{"line":3,"column":0},"end":{"line":11,"column":1}},"2":{"start":{"line":6,"column":7},"end":{"line":8,"column":8}},"3":{"start":{"line":7,"column":11},"end":{"line":7,"column":29}},"4":{"start":{"line":9,"column":7},"end":{"line":9,"column":20}}},"fnMap":{"0":{"name":"(anonymous_0)","decl":{"start":{"line":5,"column":14},"end":{"line":5,"column":15}},"loc":{"start":{"line":5,"column":19},"end":{"line":10,"column":4}},"line":5}},"branchMap":{"0":{"loc":{"start":{"line":6,"column":7},"end":{"line":8,"column":8}},"type":"if","locations":[{"start":{"line":6,"column":7},"end":{"line":8,"column":8}},{"start":{"line":6,"column":7},"end":{"line":8,"column":8}}],"line":6}},"s":{"0":1,"1":1,"2":3,"3":2,"4":1},"f":{"0":3},"b":{"0":[2,1]},"_coverageSchema":"1a1c01bbd47fc00a2c39e90264f33305004495a9","hash":"f2523681578c4f23293dff3c54d0bbf4752e3c0e"}
,"/Users/jimneuendorf/Developer/web/pyllute/src/all.js": {"path":"/Users/jimneuendorf/Developer/web/pyllute/src/all.js","statementMap":{"0":{"start":{"line":1,"column":13},"end":{"line":1,"column":30}},"1":{"start":{"line":3,"column":0},"end":{"line":10,"column":1}},"2":{"start":{"line":4,"column":4},"end":{"line":8,"column":5}},"3":{"start":{"line":5,"column":8},"end":{"line":7,"column":9}},"4":{"start":{"line":6,"column":12},"end":{"line":6,"column":24}},"5":{"start":{"line":9,"column":4},"end":{"line":9,"column":15}}},"fnMap":{"0":{"name":"(anonymous_0)","decl":{"start":{"line":3,"column":17},"end":{"line":3,"column":18}},"loc":{"start":{"line":3,"column":29},"end":{"line":10,"column":1}},"line":3}},"branchMap":{"0":{"loc":{"start":{"line":5,"column":8},"end":{"line":7,"column":9}},"type":"if","locations":[{"start":{"line":5,"column":8},"end":{"line":7,"column":9}},{"start":{"line":5,"column":8},"end":{"line":7,"column":9}}],"line":5}},"s":{"0":1,"1":1,"2":11,"3":20,"4":5,"5":5},"f":{"0":11},"b":{"0":[5,15]},"_coverageSchema":"1a1c01bbd47fc00a2c39e90264f33305004495a9","hash":"7eedab266b9f8ce327764251e4bc9fc14442f10e"}
,"/Users/jimneuendorf/Developer/web/pyllute/src/any.js": {"path":"/Users/jimneuendorf/Developer/web/pyllute/src/any.js","statementMap":{"0":{"start":{"line":1,"column":13},"end":{"line":1,"column":30}},"1":{"start":{"line":3,"column":0},"end":{"line":10,"column":1}},"2":{"start":{"line":4,"column":4},"end":{"line":8,"column":5}},"3":{"start":{"line":5,"column":8},"end":{"line":7,"column":9}},"4":{"start":{"line":6,"column":12},"end":{"line":6,"column":23}},"5":{"start":{"line":9,"column":4},"end":{"line":9,"column":16}}},"fnMap":{"0":{"name":"(anonymous_0)","decl":{"start":{"line":3,"column":17},"end":{"line":3,"column":18}},"loc":{"start":{"line":3,"column":29},"end":{"line":10,"column":1}},"line":3}},"branchMap":{"0":{"loc":{"start":{"line":5,"column":8},"end":{"line":7,"column":9}},"type":"if","locations":[{"start":{"line":5,"column":8},"end":{"line":7,"column":9}},{"start":{"line":5,"column":8},"end":{"line":7,"column":9}}],"line":5}},"s":{"0":1,"1":1,"2":11,"3":14,"4":7,"5":3},"f":{"0":11},"b":{"0":[7,7]},"_coverageSchema":"1a1c01bbd47fc00a2c39e90264f33305004495a9","hash":"f6a87908769cd012ac8c2f2fe5d497a51659194d"}
,"/Users/jimneuendorf/Developer/web/pyllute/src/ascii.js": {"path":"/Users/jimneuendorf/Developer/web/pyllute/src/ascii.js","statementMap":{"0":{"start":{"line":1,"column":17},"end":{"line":1,"column":38}},"1":{"start":{"line":4,"column":22},"end":{"line":4,"column":24}},"2":{"start":{"line":5,"column":22},"end":{"line":5,"column":25}},"3":{"start":{"line":9,"column":4},"end":{"line":9,"column":58}},"4":{"start":{"line":13,"column":4},"end":{"line":13,"column":61}},"5":{"start":{"line":17,"column":4},"end":{"line":27,"column":5}},"6":{"start":{"line":20,"column":30},"end":{"line":20,"column":48}},"7":{"start":{"line":21,"column":13},"end":{"line":23,"column":14}},"8":{"start":{"line":22,"column":17},"end":{"line":22,"column":28}},"9":{"start":{"line":24,"column":13},"end":{"line":24,"column":47}},"10":{"start":{"line":31,"column":0},"end":{"line":41,"column":1}},"11":{"start":{"line":32,"column":4},"end":{"line":34,"column":5}},"12":{"start":{"line":33,"column":8},"end":{"line":33,"column":21}},"13":{"start":{"line":36,"column":8},"end":{"line":38,"column":22}},"14":{"start":{"line":40,"column":4},"end":{"line":40,"column":29}}},"fnMap":{"0":{"name":"padWithLeadingZeros","decl":{"start":{"line":8,"column":9},"end":{"line":8,"column":28}},"loc":{"start":{"line":8,"column":37},"end":{"line":10,"column":1}},"line":8},"1":{"name":"unicodeCharEscape","decl":{"start":{"line":12,"column":9},"end":{"line":12,"column":26}},"loc":{"start":{"line":12,"column":37},"end":{"line":14,"column":1}},"line":12},"2":{"name":"unicodeEscape","decl":{"start":{"line":16,"column":9},"end":{"line":16,"column":22}},"loc":{"start":{"line":16,"column":31},"end":{"line":28,"column":1}},"line":16},"3":{"name":"(anonymous_3)","decl":{"start":{"line":19,"column":14},"end":{"line":19,"column":15}},"loc":{"start":{"line":19,"column":29},"end":{"line":25,"column":10}},"line":19},"4":{"name":"(anonymous_4)","decl":{"start":{"line":31,"column":17},"end":{"line":31,"column":18}},"loc":{"start":{"line":31,"column":22},"end":{"line":41,"column":1}},"line":31}},"branchMap":{"0":{"loc":{"start":{"line":21,"column":13},"end":{"line":23,"column":14}},"type":"if","locations":[{"start":{"line":21,"column":13},"end":{"line":23,"column":14}},{"start":{"line":21,"column":13},"end":{"line":23,"column":14}}],"line":21},"1":{"loc":{"start":{"line":21,"column":17},"end":{"line":21,"column":71}},"type":"binary-expr","locations":[{"start":{"line":21,"column":17},"end":{"line":21,"column":42}},{"start":{"line":21,"column":46},"end":{"line":21,"column":71}}],"line":21},"2":{"loc":{"start":{"line":32,"column":4},"end":{"line":34,"column":5}},"type":"if","locations":[{"start":{"line":32,"column":4},"end":{"line":34,"column":5}},{"start":{"line":32,"column":4},"end":{"line":34,"column":5}}],"line":32},"3":{"loc":{"start":{"line":36,"column":8},"end":{"line":38,"column":22}},"type":"cond-expr","locations":[{"start":{"line":37,"column":10},"end":{"line":37,"column":22}},{"start":{"line":38,"column":10},"end":{"line":38,"column":22}}],"line":36}},"s":{"0":1,"1":1,"2":1,"3":5,"4":5,"5":2,"6":24,"7":24,"8":19,"9":5,"10":1,"11":4,"12":2,"13":2,"14":2},"f":{"0":5,"1":5,"2":2,"3":24,"4":4},"b":{"0":[19,5],"1":[24,24],"2":[2,2],"3":[1,1]},"_coverageSchema":"1a1c01bbd47fc00a2c39e90264f33305004495a9","hash":"44fd22be572acd78b4663ab090773cae2acedb71"}
,"/Users/jimneuendorf/Developer/web/pyllute/src/bin.js": {"path":"/Users/jimneuendorf/Developer/web/pyllute/src/bin.js","statementMap":{"0":{"start":{"line":1,"column":17},"end":{"line":1,"column":38}},"1":{"start":{"line":3,"column":0},"end":{"line":23,"column":1}},"2":{"start":{"line":4,"column":4},"end":{"line":18,"column":5}},"3":{"start":{"line":5,"column":8},"end":{"line":17,"column":9}},"4":{"start":{"line":6,"column":12},"end":{"line":6,"column":29}},"5":{"start":{"line":7,"column":12},"end":{"line":11,"column":13}},"6":{"start":{"line":8,"column":16},"end":{"line":10,"column":17}},"7":{"start":{"line":14,"column":12},"end":{"line":16,"column":13}},"8":{"start":{"line":19,"column":4},"end":{"line":21,"column":5}},"9":{"start":{"line":20,"column":8},"end":{"line":20,"column":35}},"10":{"start":{"line":22,"column":4},"end":{"line":22,"column":35}}},"fnMap":{"0":{"name":"(anonymous_0)","decl":{"start":{"line":3,"column":17},"end":{"line":3,"column":18}},"loc":{"start":{"line":3,"column":22},"end":{"line":23,"column":1}},"line":3}},"branchMap":{"0":{"loc":{"start":{"line":4,"column":4},"end":{"line":18,"column":5}},"type":"if","locations":[{"start":{"line":4,"column":4},"end":{"line":18,"column":5}},{"start":{"line":4,"column":4},"end":{"line":18,"column":5}}],"line":4},"1":{"loc":{"start":{"line":5,"column":8},"end":{"line":17,"column":9}},"type":"if","locations":[{"start":{"line":5,"column":8},"end":{"line":17,"column":9}},{"start":{"line":5,"column":8},"end":{"line":17,"column":9}}],"line":5},"2":{"loc":{"start":{"line":7,"column":12},"end":{"line":11,"column":13}},"type":"if","locations":[{"start":{"line":7,"column":12},"end":{"line":11,"column":13}},{"start":{"line":7,"column":12},"end":{"line":11,"column":13}}],"line":7},"3":{"loc":{"start":{"line":19,"column":4},"end":{"line":21,"column":5}},"type":"if","locations":[{"start":{"line":19,"column":4},"end":{"line":21,"column":5}},{"start":{"line":19,"column":4},"end":{"line":21,"column":5}}],"line":19}},"s":{"0":1,"1":1,"2":8,"3":3,"4":2,"5":2,"6":1,"7":1,"8":6,"9":5,"10":1},"f":{"0":8},"b":{"0":[3,5],"1":[2,1],"2":[1,1],"3":[5,1]},"_coverageSchema":"1a1c01bbd47fc00a2c39e90264f33305004495a9","hash":"423c22898e2c60222cd536d933614ac4129d4bc6"}
,"/Users/jimneuendorf/Developer/web/pyllute/src/bool.js": {"path":"/Users/jimneuendorf/Developer/web/pyllute/src/bool.js","statementMap":{"0":{"start":{"line":1,"column":17},"end":{"line":1,"column":38}},"1":{"start":{"line":2,"column":12},"end":{"line":2,"column":28}},"2":{"start":{"line":4,"column":0},"end":{"line":23,"column":1}},"3":{"start":{"line":5,"column":4},"end":{"line":7,"column":5}},"4":{"start":{"line":6,"column":8},"end":{"line":6,"column":20}},"5":{"start":{"line":9,"column":4},"end":{"line":17,"column":5}},"6":{"start":{"line":10,"column":20},"end":{"line":10,"column":32}},"7":{"start":{"line":11,"column":8},"end":{"line":13,"column":9}},"8":{"start":{"line":12,"column":12},"end":{"line":12,"column":22}},"9":{"start":{"line":14,"column":8},"end":{"line":16,"column":9}},"10":{"start":{"line":19,"column":4},"end":{"line":21,"column":5}},"11":{"start":{"line":20,"column":8},"end":{"line":20,"column":25}},"12":{"start":{"line":22,"column":4},"end":{"line":22,"column":14}}},"fnMap":{"0":{"name":"(anonymous_0)","decl":{"start":{"line":4,"column":17},"end":{"line":4,"column":18}},"loc":{"start":{"line":4,"column":22},"end":{"line":23,"column":1}},"line":4}},"branchMap":{"0":{"loc":{"start":{"line":5,"column":4},"end":{"line":7,"column":5}},"type":"if","locations":[{"start":{"line":5,"column":4},"end":{"line":7,"column":5}},{"start":{"line":5,"column":4},"end":{"line":7,"column":5}}],"line":5},"1":{"loc":{"start":{"line":9,"column":4},"end":{"line":17,"column":5}},"type":"if","locations":[{"start":{"line":9,"column":4},"end":{"line":17,"column":5}},{"start":{"line":9,"column":4},"end":{"line":17,"column":5}}],"line":9},"2":{"loc":{"start":{"line":11,"column":8},"end":{"line":13,"column":9}},"type":"if","locations":[{"start":{"line":11,"column":8},"end":{"line":13,"column":9}},{"start":{"line":11,"column":8},"end":{"line":13,"column":9}}],"line":11},"3":{"loc":{"start":{"line":19,"column":4},"end":{"line":21,"column":5}},"type":"if","locations":[{"start":{"line":19,"column":4},"end":{"line":21,"column":5}},{"start":{"line":19,"column":4},"end":{"line":21,"column":5}}],"line":19}},"s":{"0":2,"1":2,"2":2,"3":66,"4":2,"5":64,"6":3,"7":3,"8":2,"9":1,"10":61,"11":14,"12":47},"f":{"0":66},"b":{"0":[2,64],"1":[3,61],"2":[2,1],"3":[14,47]},"_coverageSchema":"1a1c01bbd47fc00a2c39e90264f33305004495a9","hash":"08d3054a63f578f54b521ffc09329e3d0bf5473f"}
,"/Users/jimneuendorf/Developer/web/pyllute/src/bytearray.js": {"path":"/Users/jimneuendorf/Developer/web/pyllute/src/bytearray.js","statementMap":{"0":{"start":{"line":1,"column":19},"end":{"line":1,"column":44}},"1":{"start":{"line":2,"column":21},"end":{"line":2,"column":41}},"2":{"start":{"line":4,"column":0},"end":{"line":34,"column":1}},"3":{"start":{"line":5,"column":4},"end":{"line":32,"column":5}},"4":{"start":{"line":6,"column":8},"end":{"line":8,"column":9}},"5":{"start":{"line":7,"column":12},"end":{"line":7,"column":70}},"6":{"start":{"line":10,"column":8},"end":{"line":10,"column":46}},"7":{"start":{"line":16,"column":9},"end":{"line":32,"column":5}},"8":{"start":{"line":19,"column":8},"end":{"line":19,"column":23}},"9":{"start":{"line":20,"column":8},"end":{"line":31,"column":9}},"10":{"start":{"line":21,"column":12},"end":{"line":26,"column":13}},"11":{"start":{"line":22,"column":16},"end":{"line":25,"column":17}},"12":{"start":{"line":27,"column":12},"end":{"line":29,"column":13}},"13":{"start":{"line":28,"column":16},"end":{"line":28,"column":69}},"14":{"start":{"line":30,"column":12},"end":{"line":30,"column":33}},"15":{"start":{"line":33,"column":4},"end":{"line":33,"column":33}}},"fnMap":{"0":{"name":"(anonymous_0)","decl":{"start":{"line":4,"column":17},"end":{"line":4,"column":18}},"loc":{"start":{"line":4,"column":53},"end":{"line":34,"column":1}},"line":4}},"branchMap":{"0":{"loc":{"start":{"line":4,"column":18},"end":{"line":4,"column":26}},"type":"default-arg","locations":[{"start":{"line":4,"column":25},"end":{"line":4,"column":26}}],"line":4},"1":{"loc":{"start":{"line":5,"column":4},"end":{"line":32,"column":5}},"type":"if","locations":[{"start":{"line":5,"column":4},"end":{"line":32,"column":5}},{"start":{"line":5,"column":4},"end":{"line":32,"column":5}}],"line":5},"2":{"loc":{"start":{"line":6,"column":8},"end":{"line":8,"column":9}},"type":"if","locations":[{"start":{"line":6,"column":8},"end":{"line":8,"column":9}},{"start":{"line":6,"column":8},"end":{"line":8,"column":9}}],"line":6},"3":{"loc":{"start":{"line":16,"column":9},"end":{"line":32,"column":5}},"type":"if","locations":[{"start":{"line":16,"column":9},"end":{"line":32,"column":5}},{"start":{"line":16,"column":9},"end":{"line":32,"column":5}}],"line":16},"4":{"loc":{"start":{"line":21,"column":12},"end":{"line":26,"column":13}},"type":"if","locations":[{"start":{"line":21,"column":12},"end":{"line":26,"column":13}},{"start":{"line":21,"column":12},"end":{"line":26,"column":13}}],"line":21},"5":{"loc":{"start":{"line":27,"column":12},"end":{"line":29,"column":13}},"type":"if","locations":[{"start":{"line":27,"column":12},"end":{"line":29,"column":13}},{"start":{"line":27,"column":12},"end":{"line":29,"column":13}}],"line":27},"6":{"loc":{"start":{"line":27,"column":16},"end":{"line":27,"column":39}},"type":"binary-expr","locations":[{"start":{"line":27,"column":16},"end":{"line":27,"column":24}},{"start":{"line":27,"column":28},"end":{"line":27,"column":39}}],"line":27}},"s":{"0":1,"1":1,"2":1,"3":28,"4":4,"5":2,"6":2,"7":24,"8":20,"9":20,"10":64,"11":2,"12":62,"13":2,"14":60,"15":22},"f":{"0":28},"b":{"0":[1],"1":[4,24],"2":[2,2],"3":[20,4],"4":[2,62],"5":[2,60],"6":[62,62]},"_coverageSchema":"1a1c01bbd47fc00a2c39e90264f33305004495a9","hash":"b4eb2382faca4fb8e5126282aac72e8e7dd0a309"}
,"/Users/jimneuendorf/Developer/web/pyllute/src/bytes.js": {"path":"/Users/jimneuendorf/Developer/web/pyllute/src/bytes.js","statementMap":{"0":{"start":{"line":1,"column":18},"end":{"line":1,"column":40}},"1":{"start":{"line":2,"column":14},"end":{"line":2,"column":33}},"2":{"start":{"line":4,"column":0},"end":{"line":6,"column":1}},"3":{"start":{"line":5,"column":4},"end":{"line":5,"column":50}}},"fnMap":{"0":{"name":"(anonymous_0)","decl":{"start":{"line":4,"column":17},"end":{"line":4,"column":18}},"loc":{"start":{"line":4,"column":53},"end":{"line":6,"column":1}},"line":4}},"branchMap":{"0":{"loc":{"start":{"line":4,"column":18},"end":{"line":4,"column":26}},"type":"default-arg","locations":[{"start":{"line":4,"column":25},"end":{"line":4,"column":26}}],"line":4}},"s":{"0":1,"1":1,"2":1,"3":9},"f":{"0":9},"b":{"0":[1]},"_coverageSchema":"1a1c01bbd47fc00a2c39e90264f33305004495a9","hash":"a1f4c49b308d40c9dca60ae6b8ac57dcec4df396"}
,"/Users/jimneuendorf/Developer/web/pyllute/src/callable.js": {"path":"/Users/jimneuendorf/Developer/web/pyllute/src/callable.js","statementMap":{"0":{"start":{"line":1,"column":22},"end":{"line":1,"column":76}},"1":{"start":{"line":3,"column":0},"end":{"line":5,"column":1}},"2":{"start":{"line":4,"column":4},"end":{"line":4,"column":62}}},"fnMap":{"0":{"name":"(anonymous_0)","decl":{"start":{"line":1,"column":44},"end":{"line":1,"column":45}},"loc":{"start":{"line":1,"column":61},"end":{"line":1,"column":63}},"line":1},"1":{"name":"(anonymous_1)","decl":{"start":{"line":3,"column":17},"end":{"line":3,"column":18}},"loc":{"start":{"line":3,"column":22},"end":{"line":5,"column":1}},"line":3}},"branchMap":{"0":{"loc":{"start":{"line":4,"column":11},"end":{"line":4,"column":62}},"type":"binary-expr","locations":[{"start":{"line":4,"column":11},"end":{"line":4,"column":32}},{"start":{"line":4,"column":36},"end":{"line":4,"column":62}}],"line":4}},"s":{"0":3,"1":3,"2":238},"f":{"0":0,"1":238},"b":{"0":[238,109]},"_coverageSchema":"1a1c01bbd47fc00a2c39e90264f33305004495a9","hash":"b9470d7af3d46b842ee01312fb35db7deb7284e0"}
,"/Users/jimneuendorf/Developer/web/pyllute/src/chr.js": {"path":"/Users/jimneuendorf/Developer/web/pyllute/src/chr.js","statementMap":{"0":{"start":{"line":1,"column":21},"end":{"line":1,"column":41}},"1":{"start":{"line":3,"column":0},"end":{"line":12,"column":1}},"2":{"start":{"line":4,"column":4},"end":{"line":11,"column":5}},"3":{"start":{"line":5,"column":8},"end":{"line":5,"column":38}},"4":{"start":{"line":10,"column":8},"end":{"line":10,"column":64}}},"fnMap":{"0":{"name":"(anonymous_0)","decl":{"start":{"line":3,"column":17},"end":{"line":3,"column":18}},"loc":{"start":{"line":3,"column":22},"end":{"line":12,"column":1}},"line":3}},"branchMap":{},"s":{"0":1,"1":1,"2":6,"3":6,"4":2},"f":{"0":6},"b":{},"_coverageSchema":"1a1c01bbd47fc00a2c39e90264f33305004495a9","hash":"60ca823d94487aa5ca5fcda520a5a12e08dfe119"}
,"/Users/jimneuendorf/Developer/web/pyllute/src/dict.js": {"path":"/Users/jimneuendorf/Developer/web/pyllute/src/dict.js","statementMap":{"0":{"start":{"line":1,"column":17},"end":{"line":1,"column":38}},"1":{"start":{"line":2,"column":12},"end":{"line":2,"column":28}},"2":{"start":{"line":3,"column":19},"end":{"line":3,"column":44}},"3":{"start":{"line":4,"column":21},"end":{"line":4,"column":41}},"4":{"start":{"line":6,"column":0},"end":{"line":83,"column":1}},"5":{"start":{"line":8,"column":4},"end":{"line":10,"column":5}},"6":{"start":{"line":9,"column":8},"end":{"line":9,"column":17}},"7":{"start":{"line":11,"column":4},"end":{"line":15,"column":5}},"8":{"start":{"line":12,"column":8},"end":{"line":14,"column":9}},"9":{"start":{"line":16,"column":4},"end":{"line":16,"column":31}},"10":{"start":{"line":18,"column":4},"end":{"line":22,"column":5}},"11":{"start":{"line":19,"column":8},"end":{"line":21,"column":9}},"12":{"start":{"line":27,"column":4},"end":{"line":32,"column":5}},"13":{"start":{"line":31,"column":8},"end":{"line":31,"column":37}},"14":{"start":{"line":35,"column":4},"end":{"line":42,"column":5}},"15":{"start":{"line":36,"column":8},"end":{"line":36,"column":36}},"16":{"start":{"line":39,"column":8},"end":{"line":41,"column":9}},"17":{"start":{"line":48,"column":29},"end":{"line":48,"column":33}},"18":{"start":{"line":49,"column":17},"end":{"line":49,"column":19}},"19":{"start":{"line":50,"column":12},"end":{"line":50,"column":13}},"20":{"start":{"line":51,"column":4},"end":{"line":77,"column":5}},"21":{"start":{"line":52,"column":8},"end":{"line":56,"column":9}},"22":{"start":{"line":53,"column":12},"end":{"line":55,"column":13}},"23":{"start":{"line":57,"column":18},"end":{"line":57,"column":27}},"24":{"start":{"line":58,"column":8},"end":{"line":63,"column":9}},"25":{"start":{"line":59,"column":12},"end":{"line":62,"column":13}},"26":{"start":{"line":64,"column":27},"end":{"line":64,"column":31}},"27":{"start":{"line":70,"column":8},"end":{"line":72,"column":9}},"28":{"start":{"line":71,"column":12},"end":{"line":71,"column":38}},"29":{"start":{"line":73,"column":8},"end":{"line":75,"column":9}},"30":{"start":{"line":74,"column":12},"end":{"line":74,"column":29}},"31":{"start":{"line":76,"column":8},"end":{"line":76,"column":14}},"32":{"start":{"line":79,"column":4},"end":{"line":81,"column":5}},"33":{"start":{"line":80,"column":8},"end":{"line":80,"column":21}},"34":{"start":{"line":82,"column":4},"end":{"line":82,"column":28}}},"fnMap":{"0":{"name":"(anonymous_0)","decl":{"start":{"line":6,"column":17},"end":{"line":6,"column":18}},"loc":{"start":{"line":6,"column":30},"end":{"line":83,"column":1}},"line":6}},"branchMap":{"0":{"loc":{"start":{"line":8,"column":4},"end":{"line":10,"column":5}},"type":"if","locations":[{"start":{"line":8,"column":4},"end":{"line":10,"column":5}},{"start":{"line":8,"column":4},"end":{"line":10,"column":5}}],"line":8},"1":{"loc":{"start":{"line":11,"column":4},"end":{"line":15,"column":5}},"type":"if","locations":[{"start":{"line":11,"column":4},"end":{"line":15,"column":5}},{"start":{"line":11,"column":4},"end":{"line":15,"column":5}}],"line":11},"2":{"loc":{"start":{"line":18,"column":4},"end":{"line":22,"column":5}},"type":"if","locations":[{"start":{"line":18,"column":4},"end":{"line":22,"column":5}},{"start":{"line":18,"column":4},"end":{"line":22,"column":5}}],"line":18},"3":{"loc":{"start":{"line":27,"column":4},"end":{"line":32,"column":5}},"type":"if","locations":[{"start":{"line":27,"column":4},"end":{"line":32,"column":5}},{"start":{"line":27,"column":4},"end":{"line":32,"column":5}}],"line":27},"4":{"loc":{"start":{"line":35,"column":4},"end":{"line":42,"column":5}},"type":"if","locations":[{"start":{"line":35,"column":4},"end":{"line":42,"column":5}},{"start":{"line":35,"column":4},"end":{"line":42,"column":5}}],"line":35},"5":{"loc":{"start":{"line":52,"column":8},"end":{"line":56,"column":9}},"type":"if","locations":[{"start":{"line":52,"column":8},"end":{"line":56,"column":9}},{"start":{"line":52,"column":8},"end":{"line":56,"column":9}}],"line":52},"6":{"loc":{"start":{"line":58,"column":8},"end":{"line":63,"column":9}},"type":"if","locations":[{"start":{"line":58,"column":8},"end":{"line":63,"column":9}},{"start":{"line":58,"column":8},"end":{"line":63,"column":9}}],"line":58},"7":{"loc":{"start":{"line":70,"column":8},"end":{"line":72,"column":9}},"type":"if","locations":[{"start":{"line":70,"column":8},"end":{"line":72,"column":9}},{"start":{"line":70,"column":8},"end":{"line":72,"column":9}}],"line":70},"8":{"loc":{"start":{"line":70,"column":12},"end":{"line":70,"column":64}},"type":"binary-expr","locations":[{"start":{"line":70,"column":12},"end":{"line":70,"column":36}},{"start":{"line":70,"column":40},"end":{"line":70,"column":64}}],"line":70},"9":{"loc":{"start":{"line":73,"column":8},"end":{"line":75,"column":9}},"type":"if","locations":[{"start":{"line":73,"column":8},"end":{"line":75,"column":9}},{"start":{"line":73,"column":8},"end":{"line":75,"column":9}}],"line":73},"10":{"loc":{"start":{"line":79,"column":4},"end":{"line":81,"column":5}},"type":"if","locations":[{"start":{"line":79,"column":4},"end":{"line":81,"column":5}},{"start":{"line":79,"column":4},"end":{"line":81,"column":5}}],"line":79}},"s":{"0":1,"1":1,"2":1,"3":1,"4":1,"5":16,"6":1,"7":15,"8":2,"9":13,"10":13,"11":1,"12":12,"13":2,"14":10,"15":9,"16":1,"17":9,"18":9,"19":9,"20":9,"21":12,"22":1,"23":11,"24":11,"25":1,"26":10,"27":10,"28":8,"29":10,"30":2,"31":10,"32":7,"33":3,"34":4},"f":{"0":16},"b":{"0":[1,15],"1":[2,13],"2":[1,12],"3":[2,10],"4":[9,1],"5":[1,11],"6":[1,10],"7":[8,2],"8":[10,8],"9":[2,8],"10":[3,4]},"_coverageSchema":"1a1c01bbd47fc00a2c39e90264f33305004495a9","hash":"b3bec58e122400407e90860208b37a56337a8d70"}
,"/Users/jimneuendorf/Developer/web/pyllute/src/divmod.js": {"path":"/Users/jimneuendorf/Developer/web/pyllute/src/divmod.js","statementMap":{"0":{"start":{"line":1,"column":12},"end":{"line":1,"column":29}},"1":{"start":{"line":5,"column":4},"end":{"line":9,"column":5}},"2":{"start":{"line":13,"column":0},"end":{"line":18,"column":1}},"3":{"start":{"line":14,"column":4},"end":{"line":17,"column":5}}},"fnMap":{"0":{"name":"floordir","decl":{"start":{"line":4,"column":9},"end":{"line":4,"column":17}},"loc":{"start":{"line":4,"column":24},"end":{"line":10,"column":1}},"line":4},"1":{"name":"(anonymous_1)","decl":{"start":{"line":13,"column":17},"end":{"line":13,"column":18}},"loc":{"start":{"line":13,"column":27},"end":{"line":18,"column":1}},"line":13}},"branchMap":{"0":{"loc":{"start":{"line":6,"column":8},"end":{"line":8,"column":27}},"type":"cond-expr","locations":[{"start":{"line":7,"column":10},"end":{"line":7,"column":13}},{"start":{"line":8,"column":10},"end":{"line":8,"column":27}}],"line":6},"1":{"loc":{"start":{"line":6,"column":8},"end":{"line":6,"column":41}},"type":"binary-expr","locations":[{"start":{"line":6,"column":8},"end":{"line":6,"column":22}},{"start":{"line":6,"column":26},"end":{"line":6,"column":41}}],"line":6}},"s":{"0":1,"1":12,"2":1,"3":12},"f":{"0":12,"1":12},"b":{"0":[1,11],"1":[12,11]},"_coverageSchema":"1a1c01bbd47fc00a2c39e90264f33305004495a9","hash":"eb8dc31c2f737141553570c8533b59400c77be83"}
,"/Users/jimneuendorf/Developer/web/pyllute/src/enumerate.js": {"path":"/Users/jimneuendorf/Developer/web/pyllute/src/enumerate.js","statementMap":{"0":{"start":{"line":1,"column":19},"end":{"line":1,"column":44}},"1":{"start":{"line":2,"column":21},"end":{"line":2,"column":41}},"2":{"start":{"line":5,"column":0},"end":{"line":24,"column":1}},"3":{"start":{"line":6,"column":4},"end":{"line":15,"column":5}},"4":{"start":{"line":7,"column":8},"end":{"line":14,"column":9}},"5":{"start":{"line":10,"column":12},"end":{"line":10,"column":44}},"6":{"start":{"line":13,"column":12},"end":{"line":13,"column":74}},"7":{"start":{"line":17,"column":16},"end":{"line":17,"column":21}},"8":{"start":{"line":18,"column":19},"end":{"line":18,"column":21}},"9":{"start":{"line":19,"column":4},"end":{"line":22,"column":5}},"10":{"start":{"line":20,"column":8},"end":{"line":20,"column":34}},"11":{"start":{"line":21,"column":8},"end":{"line":21,"column":18}},"12":{"start":{"line":23,"column":4},"end":{"line":23,"column":17}}},"fnMap":{"0":{"name":"(anonymous_0)","decl":{"start":{"line":5,"column":17},"end":{"line":5,"column":18}},"loc":{"start":{"line":5,"column":40},"end":{"line":24,"column":1}},"line":5}},"branchMap":{"0":{"loc":{"start":{"line":5,"column":28},"end":{"line":5,"column":35}},"type":"default-arg","locations":[{"start":{"line":5,"column":34},"end":{"line":5,"column":35}}],"line":5},"1":{"loc":{"start":{"line":6,"column":4},"end":{"line":15,"column":5}},"type":"if","locations":[{"start":{"line":6,"column":4},"end":{"line":15,"column":5}},{"start":{"line":6,"column":4},"end":{"line":15,"column":5}}],"line":6},"2":{"loc":{"start":{"line":7,"column":8},"end":{"line":14,"column":9}},"type":"if","locations":[{"start":{"line":7,"column":8},"end":{"line":14,"column":9}},{"start":{"line":7,"column":8},"end":{"line":14,"column":9}}],"line":7},"3":{"loc":{"start":{"line":7,"column":12},"end":{"line":7,"column":55}},"type":"binary-expr","locations":[{"start":{"line":7,"column":12},"end":{"line":7,"column":20}},{"start":{"line":7,"column":24},"end":{"line":7,"column":55}}],"line":7}},"s":{"0":3,"1":3,"2":3,"3":11,"4":9,"5":7,"6":2,"7":9,"8":9,"9":9,"10":15,"11":15,"12":9},"f":{"0":11},"b":{"0":[10],"1":[9,2],"2":[7,2],"3":[9,9]},"_coverageSchema":"1a1c01bbd47fc00a2c39e90264f33305004495a9","hash":"2a4d539a605e99dcffdaf1d301860ef39c4057e8"}
,"/Users/jimneuendorf/Developer/web/pyllute/src/filter.js": {"path":"/Users/jimneuendorf/Developer/web/pyllute/src/filter.js","statementMap":{"0":{"start":{"line":1,"column":13},"end":{"line":1,"column":30}},"1":{"start":{"line":6,"column":4},"end":{"line":17,"column":5}},"2":{"start":{"line":7,"column":8},"end":{"line":7,"column":36}},"3":{"start":{"line":9,"column":9},"end":{"line":17,"column":5}},"4":{"start":{"line":10,"column":8},"end":{"line":11,"column":9}},"5":{"start":{"line":11,"column":9},"end":{"line":11,"column":26}},"6":{"start":{"line":14,"column":8},"end":{"line":16,"column":9}},"7":{"start":{"line":18,"column":4},"end":{"line":22,"column":5}},"8":{"start":{"line":19,"column":8},"end":{"line":21,"column":9}},"9":{"start":{"line":20,"column":12},"end":{"line":20,"column":22}},"10":{"start":{"line":26,"column":0},"end":{"line":26,"column":23}}},"fnMap":{"0":{"name":"filter","decl":{"start":{"line":4,"column":10},"end":{"line":4,"column":16}},"loc":{"start":{"line":4,"column":26},"end":{"line":23,"column":1}},"line":4}},"branchMap":{"0":{"loc":{"start":{"line":6,"column":4},"end":{"line":17,"column":5}},"type":"if","locations":[{"start":{"line":6,"column":4},"end":{"line":17,"column":5}},{"start":{"line":6,"column":4},"end":{"line":17,"column":5}}],"line":6},"1":{"loc":{"start":{"line":9,"column":9},"end":{"line":17,"column":5}},"type":"if","locations":[{"start":{"line":9,"column":9},"end":{"line":17,"column":5}},{"start":{"line":9,"column":9},"end":{"line":17,"column":5}}],"line":9},"2":{"loc":{"start":{"line":19,"column":8},"end":{"line":21,"column":9}},"type":"if","locations":[{"start":{"line":19,"column":8},"end":{"line":21,"column":9}},{"start":{"line":19,"column":8},"end":{"line":21,"column":9}}],"line":19}},"s":{"0":1,"1":7,"2":2,"3":5,"4":4,"5":4,"6":1,"7":6,"8":24,"9":12,"10":1},"f":{"0":7},"b":{"0":[2,5],"1":[4,1],"2":[12,12]},"_coverageSchema":"1a1c01bbd47fc00a2c39e90264f33305004495a9","hash":"0122593692ea4f716e894083a74253dda5da200c"}
,"/Users/jimneuendorf/Developer/web/pyllute/src/float.js": {"path":"/Users/jimneuendorf/Developer/web/pyllute/src/float.js","statementMap":{"0":{"start":{"line":1,"column":17},"end":{"line":1,"column":38}},"1":{"start":{"line":2,"column":20},"end":{"line":2,"column":46}},"2":{"start":{"line":3,"column":21},"end":{"line":3,"column":41}},"3":{"start":{"line":5,"column":0},"end":{"line":51,"column":1}},"4":{"start":{"line":6,"column":4},"end":{"line":8,"column":5}},"5":{"start":{"line":7,"column":8},"end":{"line":7,"column":16}},"6":{"start":{"line":10,"column":14},"end":{"line":10,"column":18}},"7":{"start":{"line":12,"column":4},"end":{"line":16,"column":5}},"8":{"start":{"line":13,"column":8},"end":{"line":15,"column":9}},"9":{"start":{"line":19,"column":4},"end":{"line":19,"column":22}},"10":{"start":{"line":21,"column":4},"end":{"line":23,"column":5}},"11":{"start":{"line":22,"column":8},"end":{"line":22,"column":16}},"12":{"start":{"line":25,"column":4},"end":{"line":30,"column":5}},"13":{"start":{"line":26,"column":8},"end":{"line":29,"column":9}},"14":{"start":{"line":32,"column":4},"end":{"line":32,"column":16}},"15":{"start":{"line":33,"column":14},"end":{"line":33,"column":23}},"16":{"start":{"line":34,"column":4},"end":{"line":50,"column":5}},"17":{"start":{"line":36,"column":22},"end":{"line":36,"column":37}},"18":{"start":{"line":37,"column":8},"end":{"line":39,"column":9}},"19":{"start":{"line":38,"column":12},"end":{"line":38,"column":27}},"20":{"start":{"line":40,"column":8},"end":{"line":42,"column":9}},"21":{"start":{"line":41,"column":12},"end":{"line":41,"column":28}},"22":{"start":{"line":43,"column":8},"end":{"line":45,"column":9}},"23":{"start":{"line":44,"column":12},"end":{"line":44,"column":22}},"24":{"start":{"line":46,"column":8},"end":{"line":46,"column":73}},"25":{"start":{"line":49,"column":8},"end":{"line":49,"column":16}}},"fnMap":{"0":{"name":"(anonymous_0)","decl":{"start":{"line":5,"column":17},"end":{"line":5,"column":18}},"loc":{"start":{"line":5,"column":30},"end":{"line":51,"column":1}},"line":5}},"branchMap":{"0":{"loc":{"start":{"line":6,"column":4},"end":{"line":8,"column":5}},"type":"if","locations":[{"start":{"line":6,"column":4},"end":{"line":8,"column":5}},{"start":{"line":6,"column":4},"end":{"line":8,"column":5}}],"line":6},"1":{"loc":{"start":{"line":12,"column":4},"end":{"line":16,"column":5}},"type":"if","locations":[{"start":{"line":12,"column":4},"end":{"line":16,"column":5}},{"start":{"line":12,"column":4},"end":{"line":16,"column":5}}],"line":12},"2":{"loc":{"start":{"line":21,"column":4},"end":{"line":23,"column":5}},"type":"if","locations":[{"start":{"line":21,"column":4},"end":{"line":23,"column":5}},{"start":{"line":21,"column":4},"end":{"line":23,"column":5}}],"line":21},"3":{"loc":{"start":{"line":25,"column":4},"end":{"line":30,"column":5}},"type":"if","locations":[{"start":{"line":25,"column":4},"end":{"line":30,"column":5}},{"start":{"line":25,"column":4},"end":{"line":30,"column":5}}],"line":25},"4":{"loc":{"start":{"line":34,"column":4},"end":{"line":50,"column":5}},"type":"if","locations":[{"start":{"line":34,"column":4},"end":{"line":50,"column":5}},{"start":{"line":34,"column":4},"end":{"line":50,"column":5}}],"line":34},"5":{"loc":{"start":{"line":37,"column":8},"end":{"line":39,"column":9}},"type":"if","locations":[{"start":{"line":37,"column":8},"end":{"line":39,"column":9}},{"start":{"line":37,"column":8},"end":{"line":39,"column":9}}],"line":37},"6":{"loc":{"start":{"line":37,"column":12},"end":{"line":37,"column":51}},"type":"binary-expr","locations":[{"start":{"line":37,"column":12},"end":{"line":37,"column":27}},{"start":{"line":37,"column":31},"end":{"line":37,"column":51}}],"line":37},"7":{"loc":{"start":{"line":40,"column":8},"end":{"line":42,"column":9}},"type":"if","locations":[{"start":{"line":40,"column":8},"end":{"line":42,"column":9}},{"start":{"line":40,"column":8},"end":{"line":42,"column":9}}],"line":40},"8":{"loc":{"start":{"line":40,"column":12},"end":{"line":40,"column":53}},"type":"binary-expr","locations":[{"start":{"line":40,"column":12},"end":{"line":40,"column":28}},{"start":{"line":40,"column":32},"end":{"line":40,"column":53}}],"line":40},"9":{"loc":{"start":{"line":43,"column":8},"end":{"line":45,"column":9}},"type":"if","locations":[{"start":{"line":43,"column":8},"end":{"line":45,"column":9}},{"start":{"line":43,"column":8},"end":{"line":45,"column":9}}],"line":43},"10":{"loc":{"start":{"line":43,"column":12},"end":{"line":43,"column":47}},"type":"binary-expr","locations":[{"start":{"line":43,"column":12},"end":{"line":43,"column":27}},{"start":{"line":43,"column":31},"end":{"line":43,"column":47}}],"line":43}},"s":{"0":1,"1":1,"2":1,"3":1,"4":33,"5":1,"6":32,"7":32,"8":1,"9":31,"10":29,"11":3,"12":26,"13":0,"14":26,"15":26,"16":26,"17":15,"18":15,"19":5,"20":10,"21":5,"22":5,"23":3,"24":2,"25":11},"f":{"0":33},"b":{"0":[1,32],"1":[1,31],"2":[3,26],"3":[0,26],"4":[15,11],"5":[5,10],"6":[15,12],"7":[5,5],"8":[10,7],"9":[3,2],"10":[5,2]},"_coverageSchema":"1a1c01bbd47fc00a2c39e90264f33305004495a9","hash":"50d3f8d9863187698ea0d46955810270738c0d16"}
,"/Users/jimneuendorf/Developer/web/pyllute/src/frozenset.js": {"path":"/Users/jimneuendorf/Developer/web/pyllute/src/frozenset.js","statementMap":{"0":{"start":{"line":5,"column":21},"end":{"line":5,"column":38}},"1":{"start":{"line":6,"column":8},"end":{"line":6,"column":44}},"2":{"start":{"line":10,"column":8},"end":{"line":10,"column":19}},"3":{"start":{"line":14,"column":0},"end":{"line":33,"column":2}},"4":{"start":{"line":36,"column":0},"end":{"line":38,"column":1}},"5":{"start":{"line":37,"column":4},"end":{"line":37,"column":34}}},"fnMap":{"0":{"name":"(anonymous_0)","decl":{"start":{"line":4,"column":4},"end":{"line":4,"column":5}},"loc":{"start":{"line":4,"column":26},"end":{"line":11,"column":5}},"line":4},"1":{"name":"(anonymous_1)","decl":{"start":{"line":36,"column":17},"end":{"line":36,"column":18}},"loc":{"start":{"line":36,"column":31},"end":{"line":38,"column":1}},"line":36}},"branchMap":{},"s":{"0":8,"1":8,"2":8,"3":1,"4":1,"5":8},"f":{"0":8,"1":8},"b":{},"_coverageSchema":"1a1c01bbd47fc00a2c39e90264f33305004495a9","hash":"b96d867702af60a418c97e4c4f7cbbfaa05d880d"}
,"/Users/jimneuendorf/Developer/web/pyllute/src/hex.js": {"path":"/Users/jimneuendorf/Developer/web/pyllute/src/hex.js","statementMap":{"0":{"start":{"line":1,"column":17},"end":{"line":1,"column":38}},"1":{"start":{"line":3,"column":0},"end":{"line":23,"column":1}},"2":{"start":{"line":4,"column":4},"end":{"line":18,"column":5}},"3":{"start":{"line":5,"column":8},"end":{"line":17,"column":9}},"4":{"start":{"line":6,"column":12},"end":{"line":6,"column":29}},"5":{"start":{"line":7,"column":12},"end":{"line":11,"column":13}},"6":{"start":{"line":8,"column":16},"end":{"line":10,"column":17}},"7":{"start":{"line":14,"column":12},"end":{"line":16,"column":13}},"8":{"start":{"line":19,"column":4},"end":{"line":21,"column":5}},"9":{"start":{"line":20,"column":8},"end":{"line":20,"column":36}},"10":{"start":{"line":22,"column":4},"end":{"line":22,"column":36}}},"fnMap":{"0":{"name":"(anonymous_0)","decl":{"start":{"line":3,"column":17},"end":{"line":3,"column":18}},"loc":{"start":{"line":3,"column":22},"end":{"line":23,"column":1}},"line":3}},"branchMap":{"0":{"loc":{"start":{"line":4,"column":4},"end":{"line":18,"column":5}},"type":"if","locations":[{"start":{"line":4,"column":4},"end":{"line":18,"column":5}},{"start":{"line":4,"column":4},"end":{"line":18,"column":5}}],"line":4},"1":{"loc":{"start":{"line":5,"column":8},"end":{"line":17,"column":9}},"type":"if","locations":[{"start":{"line":5,"column":8},"end":{"line":17,"column":9}},{"start":{"line":5,"column":8},"end":{"line":17,"column":9}}],"line":5},"2":{"loc":{"start":{"line":7,"column":12},"end":{"line":11,"column":13}},"type":"if","locations":[{"start":{"line":7,"column":12},"end":{"line":11,"column":13}},{"start":{"line":7,"column":12},"end":{"line":11,"column":13}}],"line":7},"3":{"loc":{"start":{"line":19,"column":4},"end":{"line":21,"column":5}},"type":"if","locations":[{"start":{"line":19,"column":4},"end":{"line":21,"column":5}},{"start":{"line":19,"column":4},"end":{"line":21,"column":5}}],"line":19}},"s":{"0":1,"1":1,"2":8,"3":3,"4":2,"5":2,"6":1,"7":1,"8":6,"9":5,"10":1},"f":{"0":8},"b":{"0":[3,5],"1":[2,1],"2":[1,1],"3":[5,1]},"_coverageSchema":"1a1c01bbd47fc00a2c39e90264f33305004495a9","hash":"4def639953e5a156ac5a7d03f68173cff2eeb9fd"}
,"/Users/jimneuendorf/Developer/web/pyllute/src/int.js": {"path":"/Users/jimneuendorf/Developer/web/pyllute/src/int.js","statementMap":{"0":{"start":{"line":1,"column":17},"end":{"line":1,"column":38}},"1":{"start":{"line":2,"column":14},"end":{"line":2,"column":33}},"2":{"start":{"line":3,"column":26},"end":{"line":3,"column":46}},"3":{"start":{"line":4,"column":42},"end":{"line":4,"column":62}},"4":{"start":{"line":5,"column":20},"end":{"line":5,"column":46}},"5":{"start":{"line":11,"column":4},"end":{"line":13,"column":14}},"6":{"start":{"line":17,"column":13},"end":{"line":17,"column":31}},"7":{"start":{"line":18,"column":4},"end":{"line":26,"column":5}},"8":{"start":{"line":19,"column":18},"end":{"line":19,"column":26}},"9":{"start":{"line":20,"column":16},"end":{"line":20,"column":21}},"10":{"start":{"line":22,"column":8},"end":{"line":24,"column":9}},"11":{"start":{"line":23,"column":12},"end":{"line":23,"column":15}},"12":{"start":{"line":25,"column":8},"end":{"line":25,"column":38}},"13":{"start":{"line":27,"column":4},"end":{"line":27,"column":12}},"14":{"start":{"line":34,"column":20},"end":{"line":34,"column":62}},"15":{"start":{"line":35,"column":24},"end":{"line":35,"column":44}},"16":{"start":{"line":37,"column":4},"end":{"line":45,"column":5}},"17":{"start":{"line":38,"column":8},"end":{"line":38,"column":16}},"18":{"start":{"line":40,"column":9},"end":{"line":45,"column":5}},"19":{"start":{"line":41,"column":8},"end":{"line":41,"column":16}},"20":{"start":{"line":43,"column":9},"end":{"line":45,"column":5}},"21":{"start":{"line":44,"column":8},"end":{"line":44,"column":17}},"22":{"start":{"line":48,"column":4},"end":{"line":51,"column":5}},"23":{"start":{"line":50,"column":8},"end":{"line":50,"column":40}},"24":{"start":{"line":53,"column":25},"end":{"line":53,"column":53}},"25":{"start":{"line":54,"column":4},"end":{"line":58,"column":5}},"26":{"start":{"line":62,"column":0},"end":{"line":206,"column":1}},"27":{"start":{"line":63,"column":20},"end":{"line":63,"column":31}},"28":{"start":{"line":64,"column":4},"end":{"line":66,"column":5}},"29":{"start":{"line":65,"column":8},"end":{"line":65,"column":16}},"30":{"start":{"line":68,"column":4},"end":{"line":70,"column":5}},"31":{"start":{"line":69,"column":8},"end":{"line":69,"column":81}},"32":{"start":{"line":72,"column":23},"end":{"line":72,"column":27}},"33":{"start":{"line":73,"column":20},"end":{"line":73,"column":65}},"34":{"start":{"line":74,"column":4},"end":{"line":76,"column":5}},"35":{"start":{"line":75,"column":8},"end":{"line":75,"column":22}},"36":{"start":{"line":77,"column":22},"end":{"line":77,"column":69}},"37":{"start":{"line":78,"column":4},"end":{"line":80,"column":5}},"38":{"start":{"line":79,"column":8},"end":{"line":79,"column":24}},"39":{"start":{"line":82,"column":22},"end":{"line":82,"column":69}},"40":{"start":{"line":83,"column":4},"end":{"line":85,"column":5}},"41":{"start":{"line":84,"column":8},"end":{"line":84,"column":24}},"42":{"start":{"line":87,"column":17},"end":{"line":87,"column":39}},"43":{"start":{"line":88,"column":21},"end":{"line":88,"column":38}},"44":{"start":{"line":89,"column":25},"end":{"line":89,"column":38}},"45":{"start":{"line":95,"column":4},"end":{"line":97,"column":5}},"46":{"start":{"line":96,"column":8},"end":{"line":96,"column":71}},"47":{"start":{"line":99,"column":4},"end":{"line":126,"column":5}},"48":{"start":{"line":100,"column":25},"end":{"line":100,"column":42}},"49":{"start":{"line":101,"column":8},"end":{"line":103,"column":9}},"50":{"start":{"line":102,"column":12},"end":{"line":102,"column":37}},"51":{"start":{"line":107,"column":12},"end":{"line":108,"column":33}},"52":{"start":{"line":110,"column":8},"end":{"line":120,"column":9}},"53":{"start":{"line":112,"column":12},"end":{"line":112,"column":51}},"54":{"start":{"line":114,"column":13},"end":{"line":120,"column":9}},"55":{"start":{"line":115,"column":12},"end":{"line":118,"column":13}},"56":{"start":{"line":123,"column":8},"end":{"line":125,"column":9}},"57":{"start":{"line":124,"column":12},"end":{"line":124,"column":84}},"58":{"start":{"line":128,"column":18},"end":{"line":128,"column":19}},"59":{"start":{"line":129,"column":21},"end":{"line":129,"column":25}},"60":{"start":{"line":132,"column":4},"end":{"line":132,"column":16}},"61":{"start":{"line":134,"column":4},"end":{"line":138,"column":5}},"62":{"start":{"line":135,"column":8},"end":{"line":137,"column":9}},"63":{"start":{"line":142,"column":18},"end":{"line":142,"column":39}},"64":{"start":{"line":143,"column":4},"end":{"line":145,"column":5}},"65":{"start":{"line":144,"column":8},"end":{"line":144,"column":22}},"66":{"start":{"line":147,"column":39},"end":{"line":147,"column":61}},"67":{"start":{"line":148,"column":4},"end":{"line":197,"column":5}},"68":{"start":{"line":149,"column":8},"end":{"line":153,"column":9}},"69":{"start":{"line":150,"column":12},"end":{"line":152,"column":13}},"70":{"start":{"line":154,"column":8},"end":{"line":154,"column":31}},"71":{"start":{"line":157,"column":8},"end":{"line":157,"column":26}},"72":{"start":{"line":160,"column":8},"end":{"line":196,"column":9}},"73":{"start":{"line":161,"column":12},"end":{"line":191,"column":13}},"74":{"start":{"line":170,"column":16},"end":{"line":186,"column":17}},"75":{"start":{"line":175,"column":20},"end":{"line":177,"column":21}},"76":{"start":{"line":185,"column":20},"end":{"line":185,"column":37}},"77":{"start":{"line":190,"column":16},"end":{"line":190,"column":33}},"78":{"start":{"line":194,"column":13},"end":{"line":196,"column":9}},"79":{"start":{"line":195,"column":12},"end":{"line":195,"column":18}},"80":{"start":{"line":199,"column":16},"end":{"line":199,"column":33}},"81":{"start":{"line":200,"column":4},"end":{"line":202,"column":5}},"82":{"start":{"line":201,"column":8},"end":{"line":201,"column":18}},"83":{"start":{"line":203,"column":4},"end":{"line":205,"column":5}}},"fnMap":{"0":{"name":"removedLeadingZeros","decl":{"start":{"line":16,"column":9},"end":{"line":16,"column":28}},"loc":{"start":{"line":16,"column":38},"end":{"line":28,"column":1}},"line":16},"1":{"name":"removedPrefix","decl":{"start":{"line":33,"column":9},"end":{"line":33,"column":22}},"loc":{"start":{"line":33,"column":32},"end":{"line":59,"column":1}},"line":33},"2":{"name":"(anonymous_2)","decl":{"start":{"line":62,"column":17},"end":{"line":62,"column":18}},"loc":{"start":{"line":62,"column":30},"end":{"line":206,"column":1}},"line":62}},"branchMap":{"0":{"loc":{"start":{"line":11,"column":4},"end":{"line":13,"column":14}},"type":"cond-expr","locations":[{"start":{"line":12,"column":6},"end":{"line":12,"column":16}},{"start":{"line":13,"column":6},"end":{"line":13,"column":14}}],"line":11},"1":{"loc":{"start":{"line":17,"column":13},"end":{"line":17,"column":31}},"type":"cond-expr","locations":[{"start":{"line":17,"column":26},"end":{"line":17,"column":27}},{"start":{"line":17,"column":30},"end":{"line":17,"column":31}}],"line":17},"2":{"loc":{"start":{"line":18,"column":4},"end":{"line":26,"column":5}},"type":"if","locations":[{"start":{"line":18,"column":4},"end":{"line":26,"column":5}},{"start":{"line":18,"column":4},"end":{"line":26,"column":5}}],"line":18},"3":{"loc":{"start":{"line":22,"column":15},"end":{"line":22,"column":36}},"type":"binary-expr","locations":[{"start":{"line":22,"column":15},"end":{"line":22,"column":20}},{"start":{"line":22,"column":24},"end":{"line":22,"column":36}}],"line":22},"4":{"loc":{"start":{"line":34,"column":20},"end":{"line":34,"column":62}},"type":"cond-expr","locations":[{"start":{"line":34,"column":33},"end":{"line":34,"column":46}},{"start":{"line":34,"column":49},"end":{"line":34,"column":62}}],"line":34},"5":{"loc":{"start":{"line":37,"column":4},"end":{"line":45,"column":5}},"type":"if","locations":[{"start":{"line":37,"column":4},"end":{"line":45,"column":5}},{"start":{"line":37,"column":4},"end":{"line":45,"column":5}}],"line":37},"6":{"loc":{"start":{"line":40,"column":9},"end":{"line":45,"column":5}},"type":"if","locations":[{"start":{"line":40,"column":9},"end":{"line":45,"column":5}},{"start":{"line":40,"column":9},"end":{"line":45,"column":5}}],"line":40},"7":{"loc":{"start":{"line":43,"column":9},"end":{"line":45,"column":5}},"type":"if","locations":[{"start":{"line":43,"column":9},"end":{"line":45,"column":5}},{"start":{"line":43,"column":9},"end":{"line":45,"column":5}}],"line":43},"8":{"loc":{"start":{"line":48,"column":4},"end":{"line":51,"column":5}},"type":"if","locations":[{"start":{"line":48,"column":4},"end":{"line":51,"column":5}},{"start":{"line":48,"column":4},"end":{"line":51,"column":5}}],"line":48},"9":{"loc":{"start":{"line":55,"column":8},"end":{"line":55,"column":55}},"type":"binary-expr","locations":[{"start":{"line":55,"column":8},"end":{"line":55,"column":16}},{"start":{"line":55,"column":20},"end":{"line":55,"column":55}}],"line":55},"10":{"loc":{"start":{"line":64,"column":4},"end":{"line":66,"column":5}},"type":"if","locations":[{"start":{"line":64,"column":4},"end":{"line":66,"column":5}},{"start":{"line":64,"column":4},"end":{"line":66,"column":5}}],"line":64},"11":{"loc":{"start":{"line":68,"column":4},"end":{"line":70,"column":5}},"type":"if","locations":[{"start":{"line":68,"column":4},"end":{"line":70,"column":5}},{"start":{"line":68,"column":4},"end":{"line":70,"column":5}}],"line":68},"12":{"loc":{"start":{"line":72,"column":12},"end":{"line":72,"column":19}},"type":"default-arg","locations":[{"start":{"line":72,"column":17},"end":{"line":72,"column":19}}],"line":72},"13":{"loc":{"start":{"line":74,"column":4},"end":{"line":76,"column":5}},"type":"if","locations":[{"start":{"line":74,"column":4},"end":{"line":76,"column":5}},{"start":{"line":74,"column":4},"end":{"line":76,"column":5}}],"line":74},"14":{"loc":{"start":{"line":78,"column":4},"end":{"line":80,"column":5}},"type":"if","locations":[{"start":{"line":78,"column":4},"end":{"line":80,"column":5}},{"start":{"line":78,"column":4},"end":{"line":80,"column":5}}],"line":78},"15":{"loc":{"start":{"line":83,"column":4},"end":{"line":85,"column":5}},"type":"if","locations":[{"start":{"line":83,"column":4},"end":{"line":85,"column":5}},{"start":{"line":83,"column":4},"end":{"line":85,"column":5}}],"line":83},"16":{"loc":{"start":{"line":95,"column":4},"end":{"line":97,"column":5}},"type":"if","locations":[{"start":{"line":95,"column":4},"end":{"line":97,"column":5}},{"start":{"line":95,"column":4},"end":{"line":97,"column":5}}],"line":95},"17":{"loc":{"start":{"line":95,"column":8},"end":{"line":95,"column":43}},"type":"binary-expr","locations":[{"start":{"line":95,"column":8},"end":{"line":95,"column":16}},{"start":{"line":95,"column":20},"end":{"line":95,"column":30}},{"start":{"line":95,"column":34},"end":{"line":95,"column":43}}],"line":95},"18":{"loc":{"start":{"line":99,"column":4},"end":{"line":126,"column":5}},"type":"if","locations":[{"start":{"line":99,"column":4},"end":{"line":126,"column":5}},{"start":{"line":99,"column":4},"end":{"line":126,"column":5}}],"line":99},"19":{"loc":{"start":{"line":101,"column":8},"end":{"line":103,"column":9}},"type":"if","locations":[{"start":{"line":101,"column":8},"end":{"line":103,"column":9}},{"start":{"line":101,"column":8},"end":{"line":103,"column":9}}],"line":101},"20":{"loc":{"start":{"line":107,"column":12},"end":{"line":108,"column":33}},"type":"binary-expr","locations":[{"start":{"line":107,"column":12},"end":{"line":107,"column":35}},{"start":{"line":108,"column":15},"end":{"line":108,"column":33}}],"line":107},"21":{"loc":{"start":{"line":110,"column":8},"end":{"line":120,"column":9}},"type":"if","locations":[{"start":{"line":110,"column":8},"end":{"line":120,"column":9}},{"start":{"line":110,"column":8},"end":{"line":120,"column":9}}],"line":110},"22":{"loc":{"start":{"line":114,"column":13},"end":{"line":120,"column":9}},"type":"if","locations":[{"start":{"line":114,"column":13},"end":{"line":120,"column":9}},{"start":{"line":114,"column":13},"end":{"line":120,"column":9}}],"line":114},"23":{"loc":{"start":{"line":123,"column":8},"end":{"line":125,"column":9}},"type":"if","locations":[{"start":{"line":123,"column":8},"end":{"line":125,"column":9}},{"start":{"line":123,"column":8},"end":{"line":125,"column":9}}],"line":123},"24":{"loc":{"start":{"line":134,"column":4},"end":{"line":138,"column":5}},"type":"if","locations":[{"start":{"line":134,"column":4},"end":{"line":138,"column":5}},{"start":{"line":134,"column":4},"end":{"line":138,"column":5}}],"line":134},"25":{"loc":{"start":{"line":142,"column":18},"end":{"line":142,"column":39}},"type":"cond-expr","locations":[{"start":{"line":142,"column":33},"end":{"line":142,"column":35}},{"start":{"line":142,"column":38},"end":{"line":142,"column":39}}],"line":142},"26":{"loc":{"start":{"line":143,"column":4},"end":{"line":145,"column":5}},"type":"if","locations":[{"start":{"line":143,"column":4},"end":{"line":145,"column":5}},{"start":{"line":143,"column":4},"end":{"line":145,"column":5}}],"line":143},"27":{"loc":{"start":{"line":148,"column":4},"end":{"line":197,"column":5}},"type":"if","locations":[{"start":{"line":148,"column":4},"end":{"line":197,"column":5}},{"start":{"line":148,"column":4},"end":{"line":197,"column":5}}],"line":148},"28":{"loc":{"start":{"line":149,"column":8},"end":{"line":153,"column":9}},"type":"if","locations":[{"start":{"line":149,"column":8},"end":{"line":153,"column":9}},{"start":{"line":149,"column":8},"end":{"line":153,"column":9}}],"line":149},"29":{"loc":{"start":{"line":149,"column":12},"end":{"line":149,"column":51}},"type":"binary-expr","locations":[{"start":{"line":149,"column":12},"end":{"line":149,"column":18}},{"start":{"line":149,"column":22},"end":{"line":149,"column":51}}],"line":149},"30":{"loc":{"start":{"line":149,"column":24},"end":{"line":149,"column":42}},"type":"cond-expr","locations":[{"start":{"line":149,"column":37},"end":{"line":149,"column":38}},{"start":{"line":149,"column":41},"end":{"line":149,"column":42}}],"line":149},"31":{"loc":{"start":{"line":154,"column":12},"end":{"line":154,"column":31}},"type":"binary-expr","locations":[{"start":{"line":154,"column":12},"end":{"line":154,"column":14}},{"start":{"line":154,"column":18},"end":{"line":154,"column":31}}],"line":154},"32":{"loc":{"start":{"line":157,"column":15},"end":{"line":157,"column":26}},"type":"binary-expr","locations":[{"start":{"line":157,"column":15},"end":{"line":157,"column":20}},{"start":{"line":157,"column":24},"end":{"line":157,"column":26}}],"line":157},"33":{"loc":{"start":{"line":160,"column":8},"end":{"line":196,"column":9}},"type":"if","locations":[{"start":{"line":160,"column":8},"end":{"line":196,"column":9}},{"start":{"line":160,"column":8},"end":{"line":196,"column":9}}],"line":160},"34":{"loc":{"start":{"line":161,"column":12},"end":{"line":191,"column":13}},"type":"if","locations":[{"start":{"line":161,"column":12},"end":{"line":191,"column":13}},{"start":{"line":161,"column":12},"end":{"line":191,"column":13}}],"line":161},"35":{"loc":{"start":{"line":170,"column":16},"end":{"line":186,"column":17}},"type":"if","locations":[{"start":{"line":170,"column":16},"end":{"line":186,"column":17}},{"start":{"line":170,"column":16},"end":{"line":186,"column":17}}],"line":170},"36":{"loc":{"start":{"line":171,"column":20},"end":{"line":173,"column":49}},"type":"binary-expr","locations":[{"start":{"line":171,"column":20},"end":{"line":171,"column":32}},{"start":{"line":172,"column":24},"end":{"line":172,"column":35}},{"start":{"line":172,"column":39},"end":{"line":172,"column":48}},{"start":{"line":173,"column":24},"end":{"line":173,"column":35}},{"start":{"line":173,"column":39},"end":{"line":173,"column":48}}],"line":171},"37":{"loc":{"start":{"line":194,"column":13},"end":{"line":196,"column":9}},"type":"if","locations":[{"start":{"line":194,"column":13},"end":{"line":196,"column":9}},{"start":{"line":194,"column":13},"end":{"line":196,"column":9}}],"line":194},"38":{"loc":{"start":{"line":200,"column":4},"end":{"line":202,"column":5}},"type":"if","locations":[{"start":{"line":200,"column":4},"end":{"line":202,"column":5}},{"start":{"line":200,"column":4},"end":{"line":202,"column":5}}],"line":200}},"s":{"0":1,"1":1,"2":1,"3":1,"4":1,"5":1,"6":100,"7":100,"8":86,"9":86,"10":86,"11":1,"12":86,"13":100,"14":61,"15":61,"16":61,"17":13,"18":48,"19":12,"20":36,"21":14,"22":61,"23":39,"24":61,"25":61,"26":1,"27":94,"28":94,"29":1,"30":93,"31":1,"32":92,"33":92,"34":86,"35":1,"36":85,"37":80,"38":1,"39":79,"40":74,"41":1,"42":73,"43":70,"44":70,"45":70,"46":3,"47":67,"48":31,"49":31,"50":3,"51":28,"52":28,"53":0,"54":28,"55":0,"56":36,"57":2,"58":62,"59":62,"60":62,"61":62,"62":1,"63":61,"64":61,"65":1,"66":61,"67":61,"68":15,"69":2,"70":13,"71":13,"72":46,"73":34,"74":15,"75":14,"76":1,"77":19,"78":12,"79":12,"80":45,"81":45,"82":37,"83":8},"f":{"0":100,"1":61,"2":94},"b":{"0":[1,0],"1":[55,45],"2":[86,14],"3":[87,87],"4":[36,25],"5":[13,48],"6":[12,36],"7":[14,22],"8":[39,22],"9":[61,39],"10":[1,93],"11":[1,92],"12":[53],"13":[1,85],"14":[1,79],"15":[1,73],"16":[3,67],"17":[70,69,68],"18":[31,36],"19":[3,28],"20":[28,28],"21":[0,28],"22":[0,28],"23":[2,34],"24":[1,61],"25":[25,36],"26":[1,60],"27":[15,46],"28":[2,13],"29":[15,3],"30":[2,1],"31":[13,1],"32":[13,1],"33":[34,12],"34":[15,19],"35":[14,1],"36":[15,9,4,5,5],"37":[12,0],"38":[37,8]},"_coverageSchema":"1a1c01bbd47fc00a2c39e90264f33305004495a9","hash":"b0b68ba64b15f441cc894895d75f5177c4050a8d"}
,"/Users/jimneuendorf/Developer/web/pyllute/src/iter.js": {"path":"/Users/jimneuendorf/Developer/web/pyllute/src/iter.js","statementMap":{"0":{"start":{"line":1,"column":17},"end":{"line":1,"column":38}},"1":{"start":{"line":4,"column":0},"end":{"line":30,"column":1}},"2":{"start":{"line":4,"column":55},"end":{"line":4,"column":62}},"3":{"start":{"line":5,"column":4},"end":{"line":29,"column":5}},"4":{"start":{"line":6,"column":8},"end":{"line":11,"column":9}},"5":{"start":{"line":7,"column":12},"end":{"line":7,"column":44}},"6":{"start":{"line":10,"column":12},"end":{"line":10,"column":86}},"7":{"start":{"line":14,"column":8},"end":{"line":16,"column":9}},"8":{"start":{"line":15,"column":12},"end":{"line":15,"column":86}},"9":{"start":{"line":17,"column":8},"end":{"line":28,"column":9}},"10":{"start":{"line":19,"column":30},"end":{"line":19,"column":38}},"11":{"start":{"line":20,"column":16},"end":{"line":22,"column":17}},"12":{"start":{"line":21,"column":20},"end":{"line":21,"column":39}},"13":{"start":{"line":23,"column":16},"end":{"line":23,"column":43}},"14":{"start":{"line":26,"column":16},"end":{"line":26,"column":27}}},"fnMap":{"0":{"name":"(anonymous_0)","decl":{"start":{"line":4,"column":17},"end":{"line":4,"column":18}},"loc":{"start":{"line":4,"column":67},"end":{"line":30,"column":1}},"line":4},"1":{"name":"(anonymous_1)","decl":{"start":{"line":4,"column":45},"end":{"line":4,"column":46}},"loc":{"start":{"line":4,"column":55},"end":{"line":4,"column":62}},"line":4},"2":{"name":"(anonymous_2)","decl":{"start":{"line":18,"column":12},"end":{"line":18,"column":13}},"loc":{"start":{"line":18,"column":19},"end":{"line":24,"column":13}},"line":18},"3":{"name":"(anonymous_3)","decl":{"start":{"line":25,"column":31},"end":{"line":25,"column":32}},"loc":{"start":{"line":25,"column":42},"end":{"line":27,"column":13}},"line":25}},"branchMap":{"0":{"loc":{"start":{"line":4,"column":36},"end":{"line":4,"column":62}},"type":"default-arg","locations":[{"start":{"line":4,"column":45},"end":{"line":4,"column":62}}],"line":4},"1":{"loc":{"start":{"line":5,"column":4},"end":{"line":29,"column":5}},"type":"if","locations":[{"start":{"line":5,"column":4},"end":{"line":29,"column":5}},{"start":{"line":5,"column":4},"end":{"line":29,"column":5}}],"line":5},"2":{"loc":{"start":{"line":14,"column":8},"end":{"line":16,"column":9}},"type":"if","locations":[{"start":{"line":14,"column":8},"end":{"line":16,"column":9}},{"start":{"line":14,"column":8},"end":{"line":16,"column":9}}],"line":14},"3":{"loc":{"start":{"line":20,"column":16},"end":{"line":22,"column":17}},"type":"if","locations":[{"start":{"line":20,"column":16},"end":{"line":22,"column":17}},{"start":{"line":20,"column":16},"end":{"line":22,"column":17}}],"line":20}},"s":{"0":1,"1":1,"2":6,"3":8,"4":5,"5":5,"6":1,"7":3,"8":1,"9":2,"10":6,"11":6,"12":2,"13":4,"14":2},"f":{"0":8,"1":6,"2":6,"3":2},"b":{"0":[8],"1":[5,3],"2":[1,2],"3":[2,4]},"_coverageSchema":"1a1c01bbd47fc00a2c39e90264f33305004495a9","hash":"3d3d8b72da39c512c6c80b98df9d5dbd18e80b77"}
,"/Users/jimneuendorf/Developer/web/pyllute/src/len.js": {"path":"/Users/jimneuendorf/Developer/web/pyllute/src/len.js","statementMap":{"0":{"start":{"line":1,"column":17},"end":{"line":1,"column":38}},"1":{"start":{"line":2,"column":18},"end":{"line":2,"column":40}},"2":{"start":{"line":5,"column":0},"end":{"line":19,"column":1}},"3":{"start":{"line":6,"column":4},"end":{"line":8,"column":5}},"4":{"start":{"line":7,"column":8},"end":{"line":7,"column":31}},"5":{"start":{"line":10,"column":4},"end":{"line":12,"column":5}},"6":{"start":{"line":11,"column":8},"end":{"line":11,"column":28}},"7":{"start":{"line":14,"column":4},"end":{"line":16,"column":5}},"8":{"start":{"line":15,"column":8},"end":{"line":15,"column":26}},"9":{"start":{"line":18,"column":4},"end":{"line":18,"column":35}}},"fnMap":{"0":{"name":"(anonymous_0)","decl":{"start":{"line":5,"column":17},"end":{"line":5,"column":18}},"loc":{"start":{"line":5,"column":27},"end":{"line":19,"column":1}},"line":5}},"branchMap":{"0":{"loc":{"start":{"line":6,"column":4},"end":{"line":8,"column":5}},"type":"if","locations":[{"start":{"line":6,"column":4},"end":{"line":8,"column":5}},{"start":{"line":6,"column":4},"end":{"line":8,"column":5}}],"line":6},"1":{"loc":{"start":{"line":10,"column":4},"end":{"line":12,"column":5}},"type":"if","locations":[{"start":{"line":10,"column":4},"end":{"line":12,"column":5}},{"start":{"line":10,"column":4},"end":{"line":12,"column":5}}],"line":10},"2":{"loc":{"start":{"line":14,"column":4},"end":{"line":16,"column":5}},"type":"if","locations":[{"start":{"line":14,"column":4},"end":{"line":16,"column":5}},{"start":{"line":14,"column":4},"end":{"line":16,"column":5}}],"line":14}},"s":{"0":3,"1":3,"2":3,"3":38,"4":1,"5":37,"6":29,"7":8,"8":2,"9":6},"f":{"0":38},"b":{"0":[1,37],"1":[29,8],"2":[2,6]},"_coverageSchema":"1a1c01bbd47fc00a2c39e90264f33305004495a9","hash":"db44a0d65ca40ba67959afd43be950deb198d999"}
,"/Users/jimneuendorf/Developer/web/pyllute/src/list.js": {"path":"/Users/jimneuendorf/Developer/web/pyllute/src/list.js","statementMap":{"0":{"start":{"line":1,"column":19},"end":{"line":1,"column":44}},"1":{"start":{"line":3,"column":0},"end":{"line":25,"column":1}},"2":{"start":{"line":4,"column":14},"end":{"line":4,"column":25}},"3":{"start":{"line":5,"column":4},"end":{"line":7,"column":5}},"4":{"start":{"line":6,"column":8},"end":{"line":6,"column":17}},"5":{"start":{"line":9,"column":4},"end":{"line":11,"column":5}},"6":{"start":{"line":10,"column":8},"end":{"line":10,"column":74}},"7":{"start":{"line":14,"column":21},"end":{"line":14,"column":25}},"8":{"start":{"line":15,"column":4},"end":{"line":17,"column":5}},"9":{"start":{"line":16,"column":8},"end":{"line":16,"column":36}},"10":{"start":{"line":19,"column":4},"end":{"line":23,"column":5}},"11":{"start":{"line":20,"column":8},"end":{"line":22,"column":9}},"12":{"start":{"line":24,"column":4},"end":{"line":24,"column":31}}},"fnMap":{"0":{"name":"(anonymous_0)","decl":{"start":{"line":3,"column":17},"end":{"line":3,"column":18}},"loc":{"start":{"line":3,"column":30},"end":{"line":25,"column":1}},"line":3}},"branchMap":{"0":{"loc":{"start":{"line":5,"column":4},"end":{"line":7,"column":5}},"type":"if","locations":[{"start":{"line":5,"column":4},"end":{"line":7,"column":5}},{"start":{"line":5,"column":4},"end":{"line":7,"column":5}}],"line":5},"1":{"loc":{"start":{"line":9,"column":4},"end":{"line":11,"column":5}},"type":"if","locations":[{"start":{"line":9,"column":4},"end":{"line":11,"column":5}},{"start":{"line":9,"column":4},"end":{"line":11,"column":5}}],"line":9},"2":{"loc":{"start":{"line":15,"column":4},"end":{"line":17,"column":5}},"type":"if","locations":[{"start":{"line":15,"column":4},"end":{"line":17,"column":5}},{"start":{"line":15,"column":4},"end":{"line":17,"column":5}}],"line":15},"3":{"loc":{"start":{"line":15,"column":8},"end":{"line":15,"column":51}},"type":"binary-expr","locations":[{"start":{"line":15,"column":8},"end":{"line":15,"column":16}},{"start":{"line":15,"column":20},"end":{"line":15,"column":51}}],"line":15},"4":{"loc":{"start":{"line":19,"column":4},"end":{"line":23,"column":5}},"type":"if","locations":[{"start":{"line":19,"column":4},"end":{"line":23,"column":5}},{"start":{"line":19,"column":4},"end":{"line":23,"column":5}}],"line":19},"5":{"loc":{"start":{"line":21,"column":16},"end":{"line":21,"column":63}},"type":"cond-expr","locations":[{"start":{"line":21,"column":27},"end":{"line":21,"column":52}},{"start":{"line":21,"column":55},"end":{"line":21,"column":63}}],"line":21}},"s":{"0":1,"1":1,"2":10,"3":10,"4":1,"5":9,"6":2,"7":7,"8":7,"9":1,"10":6,"11":2,"12":4},"f":{"0":10},"b":{"0":[1,9],"1":[2,7],"2":[1,6],"3":[7,6],"4":[2,4],"5":[1,1]},"_coverageSchema":"1a1c01bbd47fc00a2c39e90264f33305004495a9","hash":"3d2171f50e38e8ed10cf592bd10f1dc4f3de4468"}
[...]
ine":2,"column":21},"end":{"line":2,"column":41}},"2":{"start":{"line":3,"column":15},"end":{"line":3,"column":34}},"3":{"start":{"line":8,"column":12},"end":{"line":8,"column":13}},"4":{"start":{"line":8,"column":19},"end":{"line":8,"column":20}},"5":{"start":{"line":8,"column":27},"end":{"line":8,"column":28}},"6":{"start":{"line":10,"column":4},"end":{"line":15,"column":5}},"7":{"start":{"line":11,"column":8},"end":{"line":14,"column":9}},"8":{"start":{"line":14,"column":9},"end":{"line":14,"column":33}},"9":{"start":{"line":16,"column":4},"end":{"line":18,"column":5}},"10":{"start":{"line":17,"column":8},"end":{"line":17,"column":54}},"11":{"start":{"line":19,"column":4},"end":{"line":23,"column":5}},"12":{"start":{"line":27,"column":14},"end":{"line":27,"column":25}},"13":{"start":{"line":28,"column":4},"end":{"line":30,"column":5}},"14":{"start":{"line":29,"column":8},"end":{"line":29,"column":16}},"15":{"start":{"line":32,"column":4},"end":{"line":34,"column":5}},"16":{"start":{"line":33,"column":8},"end":{"line":33,"column":60}},"17":{"start":{"line":36,"column":4},"end":{"line":53,"column":5}},"18":{"start":{"line":37,"column":8},"end":{"line":37,"column":27}},"19":{"start":{"line":41,"column":8},"end":{"line":51,"column":9}},"20":{"start":{"line":42,"column":12},"end":{"line":42,"column":39}},"21":{"start":{"line":45,"column":12},"end":{"line":50,"column":13}},"22":{"start":{"line":46,"column":16},"end":{"line":46,"column":86}},"23":{"start":{"line":49,"column":16},"end":{"line":49,"column":27}},"24":{"start":{"line":52,"column":8},"end":{"line":52,"column":38}},"25":{"start":{"line":57,"column":0},"end":{"line":57,"column":20}}},"fnMap":{"0":{"name":"modinv","decl":{"start":{"line":7,"column":9},"end":{"line":7,"column":15}},"loc":{"start":{"line":7,"column":22},"end":{"line":24,"column":1}},"line":7},"1":{"name":"pow","decl":{"start":{"line":26,"column":9},"end":{"line":26,"column":12}},"loc":{"start":{"line":26,"column":29},"end":{"line":54,"column":1}},"line":26}},"branchMap":{"0":{"loc":{"start":{"line":16,"column":4},"end":{"line":18,"column":5}},"type":"if","locations":[{"start":{"line":16,"column":4},"end":{"line":18,"column":5}},{"start":{"line":16,"column":4},"end":{"line":18,"column":5}}],"line":16},"1":{"loc":{"start":{"line":20,"column":8},"end":{"line":22,"column":15}},"type":"cond-expr","locations":[{"start":{"line":21,"column":10},"end":{"line":21,"column":11}},{"start":{"line":22,"column":10},"end":{"line":22,"column":15}}],"line":20},"2":{"loc":{"start":{"line":28,"column":4},"end":{"line":30,"column":5}},"type":"if","locations":[{"start":{"line":28,"column":4},"end":{"line":30,"column":5}},{"start":{"line":28,"column":4},"end":{"line":30,"column":5}}],"line":28},"3":{"loc":{"start":{"line":32,"column":4},"end":{"line":34,"column":5}},"type":"if","locations":[{"start":{"line":32,"column":4},"end":{"line":34,"column":5}},{"start":{"line":32,"column":4},"end":{"line":34,"column":5}}],"line":32},"4":{"loc":{"start":{"line":36,"column":4},"end":{"line":53,"column":5}},"type":"if","locations":[{"start":{"line":36,"column":4},"end":{"line":53,"column":5}},{"start":{"line":36,"column":4},"end":{"line":53,"column":5}}],"line":36},"5":{"loc":{"start":{"line":45,"column":12},"end":{"line":50,"column":13}},"type":"if","locations":[{"start":{"line":45,"column":12},"end":{"line":50,"column":13}},{"start":{"line":45,"column":12},"end":{"line":50,"column":13}}],"line":45}},"s":{"0":1,"1":1,"2":1,"3":1,"4":1,"5":1,"6":1,"7":6,"8":6,"9":1,"10":0,"11":1,"12":10,"13":10,"14":6,"15":4,"16":2,"17":2,"18":1,"19":1,"20":1,"21":0,"22":0,"23":0,"24":1,"25":1},"f":{"0":1,"1":10},"b":{"0":[0,1],"1":[1,0],"2":[6,4],"3":[2,2],"4":[1,1],"5":[0,0]},"_coverageSchema":"1a1c01bbd47fc00a2c39e90264f33305004495a9","hash":"cd36057703b9f9a3c339199df86cbd642c4be829"}
,"/Users/jimneuendorf/Developer/web/pyllute/src/range.js": {"path":"/Users/jimneuendorf/Developer/web/pyllute/src/range.js","statementMap":{"0":{"start":{"line":1,"column":21},"end":{"line":1,"column":41}},"1":{"start":{"line":3,"column":0},"end":{"line":30,"column":1}},"2":{"start":{"line":5,"column":4},"end":{"line":10,"column":5}},"3":{"start":{"line":6,"column":8},"end":{"line":6,"column":38}},"4":{"start":{"line":9,"column":8},"end":{"line":9,"column":36}},"5":{"start":{"line":12,"column":4},"end":{"line":14,"column":5}},"6":{"start":{"line":13,"column":8},"end":{"line":13,"column":62}},"7":{"start":{"line":16,"column":18},"end":{"line":16,"column":20}},"8":{"start":{"line":17,"column":12},"end":{"line":17,"column":13}},"9":{"start":{"line":18,"column":4},"end":{"line":27,"column":5}},"10":{"start":{"line":19,"column":21},"end":{"line":19,"column":35}},"11":{"start":{"line":20,"column":8},"end":{"line":25,"column":9}},"12":{"start":{"line":21,"column":12},"end":{"line":21,"column":28}},"13":{"start":{"line":24,"column":12},"end":{"line":24,"column":17}},"14":{"start":{"line":26,"column":8},"end":{"line":26,"column":14}},"15":{"start":{"line":29,"column":4},"end":{"line":29,"column":16}}},"fnMap":{"0":{"name":"(anonymous_0)","decl":{"start":{"line":3,"column":17},"end":{"line":3,"column":18}},"loc":{"start":{"line":3,"column":30},"end":{"line":30,"column":1}},"line":3}},"branchMap":{"0":{"loc":{"start":{"line":5,"column":4},"end":{"line":10,"column":5}},"type":"if","locations":[{"start":{"line":5,"column":4},"end":{"line":10,"column":5}},{"start":{"line":5,"column":4},"end":{"line":10,"column":5}}],"line":5},"1":{"loc":{"start":{"line":6,"column":15},"end":{"line":6,"column":22}},"type":"default-arg","locations":[{"start":{"line":6,"column":21},"end":{"line":6,"column":22}}],"line":6},"2":{"loc":{"start":{"line":6,"column":24},"end":{"line":6,"column":30}},"type":"default-arg","locations":[{"start":{"line":6,"column":29},"end":{"line":6,"column":30}}],"line":6},"3":{"loc":{"start":{"line":9,"column":22},"end":{"line":9,"column":28}},"type":"default-arg","locations":[{"start":{"line":9,"column":27},"end":{"line":9,"column":28}}],"line":9},"4":{"loc":{"start":{"line":12,"column":4},"end":{"line":14,"column":5}},"type":"if","locations":[{"start":{"line":12,"column":4},"end":{"line":14,"column":5}},{"start":{"line":12,"column":4},"end":{"line":14,"column":5}}],"line":12},"5":{"loc":{"start":{"line":20,"column":8},"end":{"line":25,"column":9}},"type":"if","locations":[{"start":{"line":20,"column":8},"end":{"line":25,"column":9}},{"start":{"line":20,"column":8},"end":{"line":25,"column":9}}],"line":20},"6":{"loc":{"start":{"line":20,"column":12},"end":{"line":20,"column":63}},"type":"binary-expr","locations":[{"start":{"line":20,"column":12},"end":{"line":20,"column":21}},{"start":{"line":20,"column":25},"end":{"line":20,"column":36}},{"start":{"line":20,"column":40},"end":{"line":20,"column":48}},{"start":{"line":20,"column":52},"end":{"line":20,"column":63}}],"line":20}},"s":{"0":1,"1":1,"2":12,"3":2,"4":10,"5":12,"6":1,"7":11,"8":11,"9":11,"10":47,"11":47,"12":36,"13":11,"14":36,"15":11},"f":{"0":12},"b":{"0":[2,10],"1":[2],"2":[2],"3":[3],"4":[1,11],"5":[36,11],"6":[47,41,14,6]},"_coverageSchema":"1a1c01bbd47fc00a2c39e90264f33305004495a9","hash":"469f06e1ae65b43bfbb08f97865c5675685c8de3"}
,"/Users/jimneuendorf/Developer/web/pyllute/src/round.js": {"path":"/Users/jimneuendorf/Developer/web/pyllute/src/round.js","statementMap":{"0":{"start":{"line":6,"column":4},"end":{"line":8,"column":5}},"1":{"start":{"line":7,"column":8},"end":{"line":7,"column":33}},"2":{"start":{"line":9,"column":4},"end":{"line":13,"column":5}},"3":{"start":{"line":10,"column":8},"end":{"line":12,"column":9}},"4":{"start":{"line":14,"column":4},"end":{"line":17,"column":5}},"5":{"start":{"line":15,"column":8},"end":{"line":15,"column":42}},"6":{"start":{"line":18,"column":4},"end":{"line":18,"column":66}},"7":{"start":{"line":22,"column":0},"end":{"line":22,"column":22}}},"fnMap":{"0":{"name":"round","decl":{"start":{"line":5,"column":9},"end":{"line":5,"column":14}},"loc":{"start":{"line":5,"column":32},"end":{"line":19,"column":1}},"line":5}},"branchMap":{"0":{"loc":{"start":{"line":6,"column":4},"end":{"line":8,"column":5}},"type":"if","locations":[{"start":{"line":6,"column":4},"end":{"line":8,"column":5}},{"start":{"line":6,"column":4},"end":{"line":8,"column":5}}],"line":6},"1":{"loc":{"start":{"line":9,"column":4},"end":{"line":13,"column":5}},"type":"if","locations":[{"start":{"line":9,"column":4},"end":{"line":13,"column":5}},{"start":{"line":9,"column":4},"end":{"line":13,"column":5}}],"line":9},"2":{"loc":{"start":{"line":14,"column":4},"end":{"line":17,"column":5}},"type":"if","locations":[{"start":{"line":14,"column":4},"end":{"line":17,"column":5}},{"start":{"line":14,"column":4},"end":{"line":17,"column":5}}],"line":14}},"s":{"0":13,"1":9,"2":4,"3":1,"4":3,"5":1,"6":2,"7":1},"f":{"0":13},"b":{"0":[9,4],"1":[1,3],"2":[1,2]},"_coverageSchema":"1a1c01bbd47fc00a2c39e90264f33305004495a9","hash":"d29addfe0b86654f1200f9b865d55428542d1674"}
,"/Users/jimneuendorf/Developer/web/pyllute/src/set.js": {"path":"/Users/jimneuendorf/Developer/web/pyllute/src/set.js","statementMap":{"0":{"start":{"line":1,"column":19},"end":{"line":1,"column":44}},"1":{"start":{"line":3,"column":0},"end":{"line":25,"column":1}},"2":{"start":{"line":4,"column":14},"end":{"line":4,"column":25}},"3":{"start":{"line":5,"column":4},"end":{"line":7,"column":5}},"4":{"start":{"line":6,"column":8},"end":{"line":6,"column":24}},"5":{"start":{"line":9,"column":4},"end":{"line":11,"column":5}},"6":{"start":{"line":10,"column":8},"end":{"line":10,"column":73}},"7":{"start":{"line":14,"column":21},"end":{"line":14,"column":25}},"8":{"start":{"line":15,"column":4},"end":{"line":17,"column":5}},"9":{"start":{"line":16,"column":8},"end":{"line":16,"column":45}},"10":{"start":{"line":19,"column":4},"end":{"line":23,"column":5}},"11":{"start":{"line":20,"column":8},"end":{"line":22,"column":9}},"12":{"start":{"line":24,"column":4},"end":{"line":24,"column":28}}},"fnMap":{"0":{"name":"(anonymous_0)","decl":{"start":{"line":3,"column":17},"end":{"line":3,"column":18}},"loc":{"start":{"line":3,"column":30},"end":{"line":25,"column":1}},"line":3}},"branchMap":{"0":{"loc":{"start":{"line":5,"column":4},"end":{"line":7,"column":5}},"type":"if","locations":[{"start":{"line":5,"column":4},"end":{"line":7,"column":5}},{"start":{"line":5,"column":4},"end":{"line":7,"column":5}}],"line":5},"1":{"loc":{"start":{"line":9,"column":4},"end":{"line":11,"column":5}},"type":"if","locations":[{"start":{"line":9,"column":4},"end":{"line":11,"column":5}},{"start":{"line":9,"column":4},"end":{"line":11,"column":5}}],"line":9},"2":{"loc":{"start":{"line":15,"column":4},"end":{"line":17,"column":5}},"type":"if","locations":[{"start":{"line":15,"column":4},"end":{"line":17,"column":5}},{"start":{"line":15,"column":4},"end":{"line":17,"column":5}}],"line":15},"3":{"loc":{"start":{"line":15,"column":8},"end":{"line":15,"column":51}},"type":"binary-expr","locations":[{"start":{"line":15,"column":8},"end":{"line":15,"column":16}},{"start":{"line":15,"column":20},"end":{"line":15,"column":51}}],"line":15},"4":{"loc":{"start":{"line":19,"column":4},"end":{"line":23,"column":5}},"type":"if","locations":[{"start":{"line":19,"column":4},"end":{"line":23,"column":5}},{"start":{"line":19,"column":4},"end":{"line":23,"column":5}}],"line":19},"5":{"loc":{"start":{"line":21,"column":16},"end":{"line":21,"column":63}},"type":"cond-expr","locations":[{"start":{"line":21,"column":27},"end":{"line":21,"column":52}},{"start":{"line":21,"column":55},"end":{"line":21,"column":63}}],"line":21}},"s":{"0":1,"1":1,"2":10,"3":10,"4":1,"5":9,"6":2,"7":7,"8":7,"9":1,"10":6,"11":2,"12":4},"f":{"0":10},"b":{"0":[1,9],"1":[2,7],"2":[1,6],"3":[7,6],"4":[2,4],"5":[1,1]},"_coverageSchema":"1a1c01bbd47fc00a2c39e90264f33305004495a9","hash":"d15deef09a271eec4af4ebb8bf6ec65ea71bcfba"}
,"/Users/jimneuendorf/Developer/web/pyllute/src/sorted.js": {"path":"/Users/jimneuendorf/Developer/web/pyllute/src/sorted.js","statementMap":{"0":{"start":{"line":2,"column":4},"end":{"line":2,"column":12}},"1":{"start":{"line":5,"column":0},"end":{"line":22,"column":1}},"2":{"start":{"line":6,"column":4},"end":{"line":6,"column":28}},"3":{"start":{"line":7,"column":20},"end":{"line":7,"column":28}},"4":{"start":{"line":10,"column":4},"end":{"line":15,"column":5}},"5":{"start":{"line":11,"column":8},"end":{"line":11,"column":27}},"6":{"start":{"line":14,"column":8},"end":{"line":14,"column":43}},"7":{"start":{"line":14,"column":28},"end":{"line":14,"column":43}},"8":{"start":{"line":17,"column":19},"end":{"line":17,"column":41}},"9":{"start":{"line":18,"column":4},"end":{"line":20,"column":5}},"10":{"start":{"line":19,"column":8},"end":{"line":19,"column":31}},"11":{"start":{"line":21,"column":4},"end":{"line":21,"column":17}}},"fnMap":{"0":{"name":"identity","decl":{"start":{"line":1,"column":9},"end":{"line":1,"column":17}},"loc":{"start":{"line":1,"column":21},"end":{"line":3,"column":1}},"line":1},"1":{"name":"(anonymous_1)","decl":{"start":{"line":5,"column":17},"end":{"line":5,"column":18}},"loc":{"start":{"line":5,"column":61},"end":{"line":22,"column":1}},"line":5},"2":{"name":"(anonymous_2)","decl":{"start":{"line":14,"column":18},"end":{"line":14,"column":19}},"loc":{"start":{"line":14,"column":28},"end":{"line":14,"column":43}},"line":14}},"branchMap":{"0":{"loc":{"start":{"line":5,"column":28},"end":{"line":5,"column":40}},"type":"default-arg","locations":[{"start":{"line":5,"column":32},"end":{"line":5,"column":40}}],"line":5},"1":{"loc":{"start":{"line":5,"column":42},"end":{"line":5,"column":56}},"type":"default-arg","locations":[{"start":{"line":5,"column":51},"end":{"line":5,"column":56}}],"line":5},"2":{"loc":{"start":{"line":10,"column":4},"end":{"line":15,"column":5}},"type":"if","locations":[{"start":{"line":10,"column":4},"end":{"line":15,"column":5}},{"start":{"line":10,"column":4},"end":{"line":15,"column":5}}],"line":10},"3":{"loc":{"start":{"line":10,"column":8},"end":{"line":10,"column":54}},"type":"binary-expr","locations":[{"start":{"line":10,"column":8},"end":{"line":10,"column":34}},{"start":{"line":10,"column":38},"end":{"line":10,"column":54}}],"line":10},"4":{"loc":{"start":{"line":18,"column":4},"end":{"line":20,"column":5}},"type":"if","locations":[{"start":{"line":18,"column":4},"end":{"line":20,"column":5}},{"start":{"line":18,"column":4},"end":{"line":20,"column":5}}],"line":18}},"s":{"0":88,"1":1,"2":10,"3":10,"4":10,"5":3,"6":7,"7":54,"8":10,"9":10,"10":3,"11":7},"f":{"0":88,"1":10,"2":54},"b":{"0":[8],"1":[5],"2":[3,7],"3":[10,3],"4":[3,7]},"_coverageSchema":"1a1c01bbd47fc00a2c39e90264f33305004495a9","hash":"adf2e6014fdca7bf1e7f1abb334c239d3b59891b"}
,"/Users/jimneuendorf/Developer/web/pyllute/src/str.js": {"path":"/Users/jimneuendorf/Developer/web/pyllute/src/str.js","statementMap":{"0":{"start":{"line":1,"column":0},"end":{"line":9,"column":1}},"1":{"start":{"line":2,"column":4},"end":{"line":4,"column":5}},"2":{"start":{"line":3,"column":8},"end":{"line":3,"column":31}},"3":{"start":{"line":8,"column":4},"end":{"line":8,"column":25}}},"fnMap":{"0":{"name":"(anonymous_0)","decl":{"start":{"line":1,"column":17},"end":{"line":1,"column":18}},"loc":{"start":{"line":1,"column":27},"end":{"line":9,"column":1}},"line":1}},"branchMap":{"0":{"loc":{"start":{"line":2,"column":4},"end":{"line":4,"column":5}},"type":"if","locations":[{"start":{"line":2,"column":4},"end":{"line":4,"column":5}},{"start":{"line":2,"column":4},"end":{"line":4,"column":5}}],"line":2}},"s":{"0":1,"1":0,"2":0,"3":0},"f":{"0":0},"b":{"0":[0,0]},"_coverageSchema":"1a1c01bbd47fc00a2c39e90264f33305004495a9","hash":"1017d992652fcb96506e8d36776ccf5246a67c78"}
,"/Users/jimneuendorf/Developer/web/pyllute/src/sum.js": {"path":"/Users/jimneuendorf/Developer/web/pyllute/src/sum.js","statementMap":{"0":{"start":{"line":1,"column":0},"end":{"line":7,"column":1}},"1":{"start":{"line":2,"column":17},"end":{"line":2,"column":22}},"2":{"start":{"line":3,"column":4},"end":{"line":5,"column":5}},"3":{"start":{"line":4,"column":8},"end":{"line":4,"column":22}},"4":{"start":{"line":6,"column":4},"end":{"line":6,"column":17}}},"fnMap":{"0":{"name":"(anonymous_0)","decl":{"start":{"line":1,"column":17},"end":{"line":1,"column":18}},"loc":{"start":{"line":1,"column":40},"end":{"line":7,"column":1}},"line":1}},"branchMap":{"0":{"loc":{"start":{"line":1,"column":28},"end":{"line":1,"column":35}},"type":"default-arg","locations":[{"start":{"line":1,"column":34},"end":{"line":1,"column":35}}],"line":1}},"s":{"0":1,"1":2,"2":2,"3":21,"4":2},"f":{"0":2},"b":{"0":[2]},"_coverageSchema":"1a1c01bbd47fc00a2c39e90264f33305004495a9","hash":"655e33f36fba29df4335f9549b676ccf987ce6a3"}
,"/Users/jimneuendorf/Developer/web/pyllute/src/tuple.js": {"path":"/Users/jimneuendorf/Developer/web/pyllute/src/tuple.js","statementMap":{"0":{"start":{"line":1,"column":0},"end":{"line":7,"column":1}},"1":{"start":{"line":2,"column":4},"end":{"line":5,"column":5}},"2":{"start":{"line":4,"column":8},"end":{"line":4,"column":17}},"3":{"start":{"line":6,"column":4},"end":{"line":6,"column":31}}},"fnMap":{"0":{"name":"(anonymous_0)","decl":{"start":{"line":1,"column":17},"end":{"line":1,"column":18}},"loc":{"start":{"line":1,"column":29},"end":{"line":7,"column":1}},"line":1}},"branchMap":{"0":{"loc":{"start":{"line":2,"column":4},"end":{"line":5,"column":5}},"type":"if","locations":[{"start":{"line":2,"column":4},"end":{"line":5,"column":5}},{"start":{"line":2,"column":4},"end":{"line":5,"column":5}}],"line":2}},"s":{"0":1,"1":0,"2":0,"3":0},"f":{"0":0},"b":{"0":[0,0]},"_coverageSchema":"1a1c01bbd47fc00a2c39e90264f33305004495a9","hash":"38fc6d4bacd43aab63db521159863cfa64c03c58"}
,"/Users/jimneuendorf/Developer/web/pyllute/src/zip.js": {"path":"/Users/jimneuendorf/Developer/web/pyllute/src/zip.js","statementMap":{"0":{"start":{"line":2,"column":0},"end":{"line":13,"column":1}},"1":{"start":{"line":3,"column":22},"end":{"line":3,"column":76}},"2":{"start":{"line":3,"column":48},"end":{"line":3,"column":75}},"3":{"start":{"line":5,"column":4},"end":{"line":12,"column":5}},"4":{"start":{"line":6,"column":22},"end":{"line":6,"column":64}},"5":{"start":{"line":6,"column":48},"end":{"line":6,"column":63}},"6":{"start":{"line":7,"column":8},"end":{"line":9,"column":9}},"7":{"start":{"line":7,"column":35},"end":{"line":7,"column":39}},"8":{"start":{"line":8,"column":12},"end":{"line":8,"column":17}},"9":{"start":{"line":10,"column":23},"end":{"line":10,"column":52}},"10":{"start":{"line":10,"column":46},"end":{"line":10,"column":51}},"11":{"start":{"line":11,"column":8},"end":{"line":11,"column":20}}},"fnMap":{"0":{"name":"(anonymous_0)","decl":{"start":{"line":2,"column":17},"end":{"line":2,"column":18}},"loc":{"start":{"line":2,"column":42},"end":{"line":13,"column":1}},"line":2},"1":{"name":"(anonymous_1)","decl":{"start":{"line":3,"column":36},"end":{"line":3,"column":37}},"loc":{"start":{"line":3,"column":48},"end":{"line":3,"column":75}},"line":3},"2":{"name":"(anonymous_2)","decl":{"start":{"line":6,"column":36},"end":{"line":6,"column":37}},"loc":{"start":{"line":6,"column":48},"end":{"line":6,"column":63}},"line":6},"3":{"name":"(anonymous_3)","decl":{"start":{"line":7,"column":23},"end":{"line":7,"column":24}},"loc":{"start":{"line":7,"column":35},"end":{"line":7,"column":39}},"line":7},"4":{"name":"(anonymous_4)","decl":{"start":{"line":10,"column":33},"end":{"line":10,"column":34}},"loc":{"start":{"line":10,"column":46},"end":{"line":10,"column":51}},"line":10}},"branchMap":{"0":{"loc":{"start":{"line":7,"column":8},"end":{"line":9,"column":9}},"type":"if","locations":[{"start":{"line":7,"column":8},"end":{"line":9,"column":9}},{"start":{"line":7,"column":8},"end":{"line":9,"column":9}}],"line":7}},"s":{"0":1,"1":4,"2":7,"3":4,"4":18,"5":30,"6":18,"7":27,"8":4,"9":14,"10":23,"11":14},"f":{"0":4,"1":7,"2":30,"3":27,"4":23},"b":{"0":[4,14]},"_coverageSchema":"1a1c01bbd47fc00a2c39e90264f33305004495a9","hash":"953b0734fab8800611e7df66d595a25dc1b39c03"}
}
