TN:
SF:src/_bytes.js
FN:11,(anonymous_0)
FN:31,(anonymous_1)
FN:40,(anonymous_2)
FN:60,(anonymous_3)
FN:79,(anonymous_4)
FN:83,(anonymous_5)
FN:97,(anonymous_6)
FN:161,(anonymous_7)
FN:165,(anonymous_8)
FN:179,(anonymous_9)
FN:203,(anonymous_10)
FNF:11
FNH:11
FNDA:23,(anonymous_0)
FNDA:23,(anonymous_1)
FNDA:2,(anonymous_2)
FNDA:2,(anonymous_3)
FNDA:2,(anonymous_4)
FNDA:1,(anonymous_5)
FNDA:1,(anonymous_6)
FNDA:1,(anonymous_7)
FNDA:1,(anonymous_8)
FNDA:1,(anonymous_9)
FNDA:26,(anonymous_10)
DA:1,3
DA:2,3
DA:12,23
DA:13,23
DA:19,23
DA:20,75
DA:28,23
DA:32,23
DA:42,2
DA:45,2
DA:46,2
DA:47,4
DA:54,2
DA:57,2
DA:61,2
DA:80,2
DA:84,1
DA:98,1
DA:162,1
DA:166,1
DA:180,1
DA:204,26
DA:208,3
DA:231,3
LF:24
LH:24
BRDA:42,0,0,2
BRDA:42,0,1,0
BRDA:49,1,0,2
BRDA:49,1,1,2
BRDA:49,2,0,4
BRDA:49,2,1,4
BRF:6
BRH:5
end_of_record
TN:
SF:src/_classinfo.js
FN:3,(anonymous_0)
FN:11,(anonymous_1)
FNF:2
FNH:2
FNDA:62,(anonymous_0)
FNDA:89,(anonymous_1)
DA:1,1
DA:3,1
DA:4,62
DA:5,36
DA:8,26
DA:11,89
DA:12,12
DA:16,48
LF:8
LH:8
BRDA:4,0,0,36
BRDA:4,0,1,26
BRDA:11,1,0,12
BRDA:11,1,1,48
BRF:4
BRH:4
end_of_record
TN:
SF:src/_config.js
FN:11,(anonymous_0)
FNF:1
FNH:0
FNDA:0,(anonymous_0)
DA:1,2
DA:10,2
DA:11,2
DA:13,0
DA:14,0
DA:18,0
DA:22,2
LF:7
LH:4
BRDA:13,0,0,0
BRDA:13,0,1,0
BRF:2
BRH:0
end_of_record
TN:
SF:src/_dunder.js
FN:8,(anonymous_0)
FNF:1
FNH:1
FNDA:305,(anonymous_0)
DA:1,3
DA:2,3
DA:4,3
DA:6,3
DA:9,305
DA:10,304
DA:11,32
DA:12,21
DA:13,21
DA:14,8
DA:16,13
DA:21,11
DA:25,272
LF:13
LH:13
BRDA:8,0,0,302
BRDA:10,1,0,32
BRDA:10,1,1,272
BRDA:11,2,0,21
BRDA:11,2,1,11
BRDA:13,3,0,8
BRDA:13,3,1,13
BRF:7
BRH:7
end_of_record
TN:
SF:src/_errors.js
FNF:0
FNH:0
DA:7,7
LF:1
LH:1
BRF:0
BRH:0
end_of_record
TN:
SF:src/_is-class.js
FN:1,(anonymous_0)
FNF:1
FNH:1
FNDA:118,(anonymous_0)
DA:1,2
DA:2,118
LF:2
LH:2
BRDA:2,0,0,118
BRDA:2,0,1,89
BRF:2
BRH:2
end_of_record
TN:
SF:src/_is-iterable.js
FN:2,(anonymous_0)
FNF:1
FNH:1
FNDA:107,(anonymous_0)
DA:2,6
DA:4,107
DA:5,3
DA:7,104
LF:4
LH:4
BRDA:4,0,0,3
BRDA:4,0,1,104
BRF:2
BRH:2
end_of_record
TN:
SF:src/_mod.js
FN:2,(anonymous_0)
FNF:1
FNH:1
FNDA:13,(anonymous_0)
DA:2,1
DA:4,13
DA:5,1
DA:8,12
DA:9,0
DA:11,12
LF:6
LH:5
BRDA:4,0,0,1
BRDA:4,0,1,12
BRDA:8,1,0,0
BRDA:8,1,1,12
BRF:4
BRH:3
end_of_record
TN:
SF:src/_set-minus.js
FN:1,(anonymous_0)
FNF:1
FNH:1
FNDA:6,(anonymous_0)
DA:1,1
DA:2,6
DA:3,6
DA:4,18
DA:6,6
LF:5
LH:5
BRF:0
BRH:0
end_of_record
TN:
SF:src/_to-object.js
FN:2,(anonymous_0)
FNF:1
FNH:1
FNDA:60,(anonymous_0)
DA:2,2
DA:3,60
DA:4,60
DA:5,6
DA:7,54
DA:8,5
DA:10,49
DA:11,4
DA:13,45
DA:16,4
DA:19,41
LF:11
LH:11
BRDA:4,0,0,6
BRDA:4,0,1,54
BRDA:7,1,0,5
BRDA:7,1,1,49
BRDA:10,2,0,4
BRDA:10,2,1,45
BRDA:13,3,0,4
BRDA:13,3,1,41
BRDA:13,4,0,45
BRDA:13,4,1,43
BRF:10
BRH:10
end_of_record
TN:
SF:src/_to-primitive.js
FN:4,(anonymous_0)
FNF:1
FNH:1
FNDA:177,(anonymous_0)
DA:1,2
DA:2,2
DA:4,2
DA:5,177
DA:6,3
DA:8,174
DA:9,171
DA:11,174
DA:12,151
DA:14,23
DA:15,0
LF:11
LH:10
BRDA:4,0,0,25
BRDA:5,1,0,3
BRDA:5,1,1,174
BRDA:8,2,0,171
BRDA:8,2,1,3
BRDA:11,3,0,151
BRDA:11,3,1,23
BRDA:14,4,0,0
BRDA:14,4,1,23
BRF:9
BRH:8
end_of_record
TN:
SF:src/_type-str.js
FN:1,(anonymous_0)
FNF:1
FNH:1
FNDA:29,(anonymous_0)
DA:1,3
DA:3,29
DA:4,29
LF:3
LH:3
BRF:0
BRH:0
end_of_record
TN:
SF:src/abs.js
FN:5,(anonymous_0)
FNF:1
FNH:1
FNDA:3,(anonymous_0)
DA:1,1
DA:3,1
DA:6,3
DA:7,2
DA:9,1
LF:5
LH:5
BRDA:6,0,0,2
BRDA:6,0,1,1
BRF:2
BRH:2
end_of_record
TN:
SF:src/all.js
FN:3,(anonymous_0)
FNF:1
FNH:1
FNDA:11,(anonymous_0)
DA:1,1
DA:3,1
DA:4,11
DA:5,20
DA:6,5
DA:9,5
LF:6
LH:6
BRDA:5,0,0,5
BRDA:5,0,1,15
BRF:2
BRH:2
end_of_record
TN:
SF:src/any.js
FN:3,(anonymous_0)
FNF:1
FNH:1
FNDA:11,(anonymous_0)
DA:1,1
DA:3,1
DA:4,11
DA:5,14
DA:6,7
DA:9,3
LF:6
LH:6
BRDA:5,0,0,7
BRDA:5,0,1,7
BRF:2
BRH:2
end_of_record
TN:
SF:src/ascii.js
FN:8,padWithLeadingZeros
FN:12,unicodeCharEscape
FN:16,unicodeEscape
FN:19,(anonymous_3)
FN:31,(anonymous_4)
FNF:5
FNH:5
FNDA:5,padWithLeadingZeros
FNDA:5,unicodeCharEscape
FNDA:2,unicodeEscape
FNDA:24,(anonymous_3)
FNDA:4,(anonymous_4)
DA:1,1
DA:4,1
DA:5,1
DA:9,5
DA:13,5
DA:17,2
DA:20,24
DA:21,24
DA:22,19
DA:24,5
DA:31,1
DA:32,4
DA:33,2
DA:36,2
DA:40,2
LF:15
LH:15
BRDA:21,0,0,19
BRDA:21,0,1,5
BRDA:21,1,0,24
BRDA:21,1,1,24
BRDA:32,2,0,2
BRDA:32,2,1,2
BRDA:36,3,0,1
BRDA:36,3,1,1
BRF:8
BRH:8
end_of_record
TN:
SF:src/bin.js
FN:3,(anonymous_0)
FNF:1
FNH:1
FNDA:8,(anonymous_0)
DA:1,1
DA:3,1
DA:4,8
DA:5,3
DA:6,2
DA:7,2
DA:8,1
DA:14,1
DA:19,6
DA:20,5
DA:22,1
LF:11
LH:11
BRDA:4,0,0,3
BRDA:4,0,1,5
BRDA:5,1,0,2
BRDA:5,1,1,1
BRDA:7,2,0,1
BRDA:7,2,1,1
BRDA:19,3,0,5
BRDA:19,3,1,1
BRF:8
BRH:8
end_of_record
TN:
SF:src/bool.js
FN:4,(anonymous_0)
FNF:1
FNH:1
FNDA:66,(anonymous_0)
DA:1,2
DA:2,2
DA:4,2
DA:5,66
DA:6,2
DA:9,64
DA:10,3
DA:11,3
DA:12,2
DA:14,1
DA:19,61
DA:20,14
DA:22,47
LF:13
LH:13
BRDA:5,0,0,2
BRDA:5,0,1,64
BRDA:9,1,0,3
BRDA:9,1,1,61
BRDA:11,2,0,2
BRDA:11,2,1,1
BRDA:19,3,0,14
BRDA:19,3,1,47
BRF:8
BRH:8
end_of_record
TN:
SF:src/bytearray.js
FN:4,(anonymous_0)
FNF:1
FNH:1
FNDA:55,(anonymous_0)
DA:1,3
DA:2,3
DA:4,3
DA:5,55
DA:6,10
DA:7,2
DA:10,8
DA:16,45
DA:19,39
DA:20,39
DA:21,114
DA:22,2
DA:27,112
DA:28,2
DA:30,110
DA:33,49
LF:16
LH:16
BRDA:4,0,0,3
BRDA:5,1,0,10
BRDA:5,1,1,45
BRDA:6,2,0,2
BRDA:6,2,1,8
BRDA:16,3,0,39
BRDA:16,3,1,6
BRDA:21,4,0,2
BRDA:21,4,1,112
BRDA:27,5,0,2
BRDA:27,5,1,110
BRDA:27,6,0,112
BRDA:27,6,1,112
BRF:13
BRH:13
end_of_record
TN:
SF:src/bytes.js
FN:4,(anonymous_0)
FNF:1
FNH:1
FNDA:21,(anonymous_0)
DA:1,2
DA:2,2
DA:4,2
DA:5,21
LF:4
LH:4
BRDA:4,0,0,1
BRF:1
BRH:1
end_of_record
TN:
SF:src/callable.js
FN:1,(anonymous_0)
FN:3,(anonymous_1)
FNF:2
FNH:1
FNDA:0,(anonymous_0)
FNDA:352,(anonymous_1)
DA:1,5
DA:3,5
DA:4,352
LF:3
LH:3
BRDA:4,0,0,352
BRDA:4,0,1,133
BRF:2
BRH:2
end_of_record
TN:
SF:src/chr.js
FN:3,(anonymous_0)
FNF:1
FNH:1
FNDA:6,(anonymous_0)
DA:1,1
DA:3,1
DA:4,6
DA:5,6
DA:10,2
LF:5
LH:5
BRF:0
BRH:0
end_of_record
TN:
SF:src/classmethod.js
FN:24,legacy
FN:63,current
FN:90,functionDecorator
FN:92,wrapper
FN:124,(anonymous_4)
FNF:5
FNH:5
FNDA:2,legacy
FNDA:2,current
FNDA:5,functionDecorator
FNDA:15,wrapper
FNDA:8,(anonymous_4)
DA:3,1
DA:5,1
DA:6,1
DA:26,2
DA:29,2
DA:30,1
DA:35,1
DA:39,2
DA:40,2
DA:46,2
DA:49,2
DA:50,1
DA:51,1
DA:56,1
DA:57,1
DA:64,2
DA:78,2
DA:93,15
DA:94,9
DA:95,5
DA:98,4
DA:107,6
DA:108,1
DA:114,10
DA:115,10
DA:120,5
DA:121,5
DA:124,1
DA:125,8
DA:127,2
DA:129,6
DA:130,5
DA:131,5
DA:133,3
DA:136,2
DA:138,1
DA:142,1
LF:37
LH:37
BRDA:29,0,0,1
BRDA:29,0,1,1
BRDA:39,1,0,2
BRDA:39,1,1,0
BRDA:49,2,0,1
BRDA:49,2,1,1
BRDA:93,3,0,9
BRDA:93,3,1,6
BRDA:94,4,0,5
BRDA:94,4,1,4
BRDA:107,5,0,1
BRDA:107,5,1,5
BRDA:107,6,0,6
BRDA:107,6,1,6
BRDA:114,7,0,10
BRDA:114,7,1,0
BRDA:125,8,0,2
BRDA:125,8,1,6
BRDA:129,9,0,5
BRDA:129,9,1,1
BRDA:131,10,0,3
BRDA:131,10,1,2
BRF:22
BRH:20
end_of_record
TN:
SF:src/delattr.js
FN:4,(anonymous_0)
FNF:1
FNH:1
FNDA:13,(anonymous_0)
DA:1,1
DA:2,1
DA:4,1
DA:5,13
DA:6,13
DA:7,2
DA:10,11
DA:11,11
DA:12,2
DA:15,9
DA:16,3
DA:17,2
DA:18,1
DA:21,1
DA:28,6
DA:29,3
DA:34,3
LF:17
LH:17
BRDA:6,0,0,2
BRDA:6,0,1,11
BRDA:11,1,0,2
BRDA:11,1,1,9
BRDA:15,2,0,3
BRDA:15,2,1,6
BRDA:16,3,0,2
BRDA:16,3,1,1
BRDA:28,4,0,3
BRDA:28,4,1,3
BRF:10
BRH:10
end_of_record
TN:
SF:src/dict.js
FN:6,(anonymous_0)
FNF:1
FNH:1
FNDA:16,(anonymous_0)
DA:1,1
DA:2,1
DA:3,1
DA:4,1
DA:6,1
DA:8,16
DA:9,1
DA:11,15
DA:12,2
DA:16,13
DA:18,13
DA:19,1
DA:27,12
DA:31,2
DA:35,10
DA:36,9
DA:39,1
DA:48,9
DA:49,9
DA:50,9
DA:51,9
DA:52,12
DA:53,1
DA:57,11
DA:58,11
DA:59,1
DA:64,10
DA:70,10
DA:71,8
DA:73,10
DA:74,2
DA:76,10
DA:79,7
DA:80,3
DA:82,4
LF:35
LH:35
BRDA:8,0,0,1
BRDA:8,0,1,15
BRDA:11,1,0,2
BRDA:11,1,1,13
BRDA:18,2,0,1
BRDA:18,2,1,12
BRDA:27,3,0,2
BRDA:27,3,1,10
BRDA:35,4,0,9
BRDA:35,4,1,1
BRDA:52,5,0,1
BRDA:52,5,1,11
BRDA:58,6,0,1
BRDA:58,6,1,10
BRDA:70,7,0,8
BRDA:70,7,1,2
BRDA:70,8,0,10
BRDA:70,8,1,8
BRDA:73,9,0,2
BRDA:73,9,1,8
BRDA:79,10,0,3
BRDA:79,10,1,4
BRF:22
BRH:22
end_of_record
TN:
SF:src/dir.js
FN:12,(anonymous_0)
FN:19,(anonymous_1)
FN:61,(anonymous_2)
FNF:3
FNH:3
FNDA:10,(anonymous_0)
FNDA:2,(anonymous_1)
FNDA:865,(anonymous_2)
DA:1,1
DA:2,1
DA:3,1
DA:4,1
DA:5,1
DA:6,1
DA:9,1
DA:12,1
DA:13,10
DA:14,1
DA:19,9
DA:20,7
DA:21,1
DA:24,6
DA:27,6
DA:28,6
DA:29,3
DA:32,3
DA:35,3
DA:39,3
DA:40,3
DA:43,6
DA:44,12
DA:53,12
DA:54,6
DA:57,6
DA:58,6
DA:60,6
DA:61,6
DA:63,865
DA:64,1
DA:66,864
DA:67,14
DA:70,850
DA:71,432
DA:73,418
DA:74,418
DA:76,0
LF:38
LH:37
BRDA:13,0,0,1
BRDA:13,0,1,9
BRDA:20,1,0,1
BRDA:20,1,1,6
BRDA:28,2,0,3
BRDA:28,2,1,3
BRDA:53,3,0,6
BRDA:53,3,1,6
BRDA:53,4,0,12
BRDA:53,4,1,6
BRDA:63,5,0,1
BRDA:63,5,1,864
BRDA:66,6,0,14
BRDA:66,6,1,850
BRDA:70,7,0,432
BRDA:70,7,1,418
BRDA:73,8,0,418
BRDA:73,8,1,0
BRF:18
BRH:17
end_of_record
TN:
SF:src/divmod.js
FN:4,floordir
FN:13,(anonymous_1)
FNF:2
FNH:2
FNDA:12,floordir
FNDA:12,(anonymous_1)
DA:1,1
DA:5,12
DA:13,1
DA:14,12
LF:4
LH:4
BRDA:6,0,0,1
BRDA:6,0,1,11
BRDA:6,1,0,12
BRDA:6,1,1,11
BRF:4
BRH:4
end_of_record
TN:
SF:src/enumerate.js
FN:5,(anonymous_0)
FNF:1
FNH:1
FNDA:12,(anonymous_0)
DA:1,3
DA:2,3
DA:5,3
DA:6,12
DA:7,10
DA:10,7
DA:13,3
DA:17,9
DA:18,9
DA:19,9
DA:20,15
DA:21,15
DA:23,9
LF:13
LH:13
BRDA:5,0,0,11
BRDA:6,1,0,10
BRDA:6,1,1,2
BRDA:7,2,0,7
BRDA:7,2,1,3
BRDA:7,3,0,10
BRDA:7,3,1,10
BRF:7
BRH:7
end_of_record
TN:
SF:src/eval.js
FN:2,(anonymous_0)
FNF:1
FNH:0
FNDA:0,(anonymous_0)
DA:2,1
DA:3,0
LF:2
LH:1
BRF:0
BRH:0
end_of_record
TN:
SF:src/exec.js
FN:2,(anonymous_0)
FNF:1
FNH:0
FNDA:0,(anonymous_0)
DA:2,1
DA:3,0
DA:4,0
LF:3
LH:1
BRF:0
BRH:0
end_of_record
TN:
SF:src/filter.js
FN:4,filter
FNF:1
FNH:1
FNDA:7,filter
DA:1,1
DA:6,7
DA:7,2
DA:9,5
DA:10,4
DA:11,4
DA:14,1
DA:18,6
DA:19,24
DA:20,12
DA:26,1
LF:11
LH:11
BRDA:6,0,0,2
BRDA:6,0,1,5
BRDA:9,1,0,4
BRDA:9,1,1,1
BRDA:19,2,0,12
BRDA:19,2,1,12
BRF:6
BRH:6
end_of_record
TN:
SF:src/float.js
FN:5,(anonymous_0)
FNF:1
FNH:1
FNDA:33,(anonymous_0)
DA:1,1
DA:2,1
DA:3,1
DA:5,1
DA:6,33
DA:7,1
DA:10,32
DA:12,32
DA:13,1
DA:19,31
DA:21,31
DA:22,3
DA:25,28
DA:26,2
DA:32,26
DA:33,26
DA:34,26
DA:36,15
DA:37,15
DA:38,5
DA:40,10
DA:41,5
DA:43,5
DA:44,3
DA:46,2
DA:49,11
LF:26
LH:26
BRDA:6,0,0,1
BRDA:6,0,1,32
BRDA:12,1,0,1
BRDA:12,1,1,31
BRDA:21,2,0,3
BRDA:21,2,1,28
BRDA:25,3,0,2
BRDA:25,3,1,26
BRDA:34,4,0,15
BRDA:34,4,1,11
BRDA:37,5,0,5
BRDA:37,5,1,10
BRDA:37,6,0,15
BRDA:37,6,1,12
BRDA:40,7,0,5
BRDA:40,7,1,5
BRDA:40,8,0,10
BRDA:40,8,1,7
BRDA:43,9,0,3
BRDA:43,9,1,2
BRDA:43,10,0,5
BRDA:43,10,1,2
BRF:22
BRH:22
end_of_record
TN:
SF:src/format.js
FN:10,(anonymous_0)
FN:36,(anonymous_1)
FN:46,(anonymous_2)
FNF:3
FNH:3
FNDA:23,(anonymous_0)
FNDA:2,(anonymous_1)
FNDA:2,(anonymous_2)
DA:1,1
DA:2,1
DA:3,1
DA:4,1
DA:5,1
DA:6,1
DA:10,1
DA:11,23
DA:12,23
DA:13,1
DA:15,22
DA:16,1
DA:19,21
DA:22,21
DA:23,5
DA:25,21
DA:26,21
DA:27,5
DA:32,16
DA:33,15
DA:36,2
DA:39,13
DA:40,1
DA:43,12
DA:46,2
DA:49,10
DA:50,1
DA:54,10
DA:55,5
DA:58,5
DA:59,3
DA:60,1
DA:62,3
DA:65,2
DA:66,1
DA:68,2
LF:36
LH:36
BRDA:12,0,0,1
BRDA:12,0,1,22
BRDA:15,1,0,1
BRDA:15,1,1,21
BRDA:22,2,0,5
BRDA:22,2,1,16
BRDA:26,3,0,5
BRDA:26,3,1,16
BRDA:32,4,0,15
BRDA:32,4,1,1
BRDA:39,5,0,1
BRDA:39,5,1,12
BRDA:49,6,0,1
BRDA:49,6,1,9
BRDA:54,7,0,5
BRDA:54,7,1,5
BRDA:58,8,0,3
BRDA:58,8,1,2
BRDA:59,9,0,1
BRDA:59,9,1,2
BRDA:65,10,0,1
BRDA:65,10,1,1
BRF:22
BRH:22
end_of_record
TN:
SF:src/frozenset.js
FN:4,(anonymous_0)
FN:36,(anonymous_1)
FNF:2
FNH:2
FNDA:8,(anonymous_0)
FNDA:8,(anonymous_1)
DA:5,8
DA:6,8
DA:10,8
DA:14,1
DA:36,1
DA:37,8
LF:6
LH:6
BRF:0
BRH:0
end_of_record
TN:
SF:src/getattr.js
FN:5,(anonymous_0)
FNF:1
FNH:1
FNDA:22,(anonymous_0)
DA:1,1
DA:2,1
DA:3,1
DA:5,1
DA:6,22
DA:7,22
DA:8,4
DA:10,18
DA:11,1
DA:14,17
DA:15,17
DA:16,2
DA:19,15
DA:20,15
DA:21,5
DA:22,3
DA:25,2
DA:31,10
DA:32,8
DA:35,2
DA:41,5
DA:42,1
DA:44,4
LF:23
LH:23
BRDA:7,0,0,4
BRDA:7,0,1,18
BRDA:10,1,0,1
BRDA:10,1,1,17
BRDA:15,2,0,2
BRDA:15,2,1,15
BRDA:20,3,0,5
BRDA:20,3,1,10
BRDA:21,4,0,3
BRDA:21,4,1,2
BRDA:31,5,0,8
BRDA:31,5,1,2
BRDA:41,6,0,1
BRDA:41,6,1,4
BRDA:41,7,0,5
BRDA:41,7,1,3
BRF:16
BRH:16
end_of_record
TN:
SF:src/hasattr.js
FN:1,(anonymous_0)
FNF:1
FNH:1
FNDA:27,(anonymous_0)
DA:1,1
DA:2,27
DA:3,27
DA:4,2
DA:7,25
DA:8,25
DA:13,18
DA:18,7
DA:19,7
DA:20,11
DA:21,3
DA:23,8
DA:24,8
DA:25,4
DA:28,4
DA:31,4
LF:16
LH:16
BRDA:3,0,0,2
BRDA:3,0,1,25
BRDA:8,1,0,18
BRDA:8,1,1,7
BRDA:9,2,0,25
BRDA:9,2,1,13
BRDA:20,3,0,3
BRDA:20,3,1,8
BRDA:24,4,0,4
BRDA:24,4,1,4
BRDA:24,5,0,8
BRDA:24,5,1,4
BRF:12
BRH:12
end_of_record
TN:
SF:src/hash.js
FN:8,(anonymous_0)
FNF:1
FNH:1
FNDA:19,(anonymous_0)
DA:1,1
DA:2,1
DA:8,1
DA:9,19
DA:10,19
DA:11,7
DA:14,12
DA:16,12
DA:17,10
DA:23,8
DA:24,1
DA:28,9
DA:29,7
DA:30,1
DA:32,7
DA:35,2
DA:36,1
DA:38,2
LF:18
LH:18
BRDA:10,0,0,7
BRDA:10,0,1,12
BRDA:16,1,0,10
BRDA:16,1,1,2
BRDA:23,2,0,1
BRDA:23,2,1,7
BRDA:28,3,0,7
BRDA:28,3,1,2
BRDA:29,4,0,1
BRDA:29,4,1,6
BRDA:35,5,0,1
BRDA:35,5,1,1
BRF:12
BRH:12
end_of_record
TN:
SF:src/hex.js
FN:3,(anonymous_0)
FNF:1
FNH:1
FNDA:8,(anonymous_0)
DA:1,1
DA:3,1
DA:4,8
DA:5,3
DA:6,2
DA:7,2
DA:8,1
DA:14,1
DA:19,6
DA:20,5
DA:22,1
LF:11
LH:11
BRDA:4,0,0,3
BRDA:4,0,1,5
BRDA:5,1,0,2
BRDA:5,1,1,1
BRDA:7,2,0,1
BRDA:7,2,1,1
BRDA:19,3,0,5
BRDA:19,3,1,1
BRF:8
BRH:8
end_of_record
TN:
SF:src/id.js
FN:13,(anonymous_0)
FNF:1
FNH:1
FNDA:16,(anonymous_0)
DA:1,1
DA:2,1
DA:3,1
DA:10,1
DA:13,1
DA:14,16
DA:15,16
DA:16,8
DA:17,8
DA:18,4
DA:20,4
DA:21,4
DA:22,4
DA:23,4
DA:26,8
DA:27,4
DA:29,4
DA:30,4
DA:31,4
DA:32,4
LF:20
LH:20
BRDA:15,0,0,8
BRDA:15,0,1,8
BRDA:17,1,0,4
BRDA:17,1,1,4
BRDA:26,2,0,4
BRDA:26,2,1,4
BRF:6
BRH:6
end_of_record
TN:
SF:src/input.js
FN:2,(anonymous_0)
FN:7,(anonymous_1)
FN:9,(anonymous_2)
FNF:3
FNH:0
FNDA:0,(anonymous_0)
FNDA:0,(anonymous_1)
FNDA:0,(anonymous_2)
DA:2,1
DA:3,0
DA:4,0
DA:6,0
DA:7,0
DA:8,0
DA:9,0
DA:10,0
DA:11,0
DA:15,0
LF:10
LH:1
BRDA:3,0,0,0
BRDA:3,0,1,0
BRF:2
BRH:0
end_of_record
TN:
SF:src/int.js
FN:16,removedLeadingZeros
FN:33,removedPrefix
FN:62,(anonymous_2)
FNF:3
FNH:3
FNDA:100,removedLeadingZeros
FNDA:61,removedPrefix
FNDA:94,(anonymous_2)
DA:1,1
DA:2,1
DA:3,1
DA:4,1
DA:5,1
DA:11,1
DA:17,100
DA:18,100
DA:19,86
DA:20,86
DA:22,86
DA:23,1
DA:25,86
DA:27,100
DA:34,61
DA:35,61
DA:37,61
DA:38,13
DA:40,48
DA:41,12
DA:43,36
DA:44,14
DA:48,61
DA:50,39
DA:53,61
DA:54,61
DA:62,1
DA:63,94
DA:64,94
DA:65,1
DA:68,93
DA:69,1
DA:72,92
DA:73,92
DA:74,86
DA:75,1
DA:77,85
DA:78,80
DA:79,1
DA:82,79
DA:83,74
DA:84,1
DA:87,73
DA:88,73
DA:89,73
DA:95,73
DA:96,3
DA:99,70
DA:100,34
DA:101,34
DA:102,3
DA:107,31
DA:110,31
DA:112,0
DA:114,31
DA:115,3
DA:123,36
DA:124,2
DA:128,62
DA:129,62
DA:132,62
DA:134,62
DA:135,1
DA:142,61
DA:143,61
DA:144,1
DA:147,61
DA:148,61
DA:149,15
DA:150,2
DA:154,13
DA:157,13
DA:160,46
DA:161,34
DA:170,15
DA:175,14
DA:185,1
DA:190,19
DA:194,12
DA:195,12
DA:199,45
DA:200,45
DA:201,37
DA:203,8
LF:84
LH:83
BRDA:11,0,0,1
BRDA:11,0,1,0
BRDA:17,1,0,55
BRDA:17,1,1,45
BRDA:18,2,0,86
BRDA:18,2,1,14
BRDA:22,3,0,87
BRDA:22,3,1,87
BRDA:34,4,0,36
BRDA:34,4,1,25
BRDA:37,5,0,13
BRDA:37,5,1,48
BRDA:40,6,0,12
BRDA:40,6,1,36
BRDA:43,7,0,14
BRDA:43,7,1,22
BRDA:48,8,0,39
BRDA:48,8,1,22
BRDA:55,9,0,61
BRDA:55,9,1,39
BRDA:64,10,0,1
BRDA:64,10,1,93
BRDA:68,11,0,1
BRDA:68,11,1,92
BRDA:72,12,0,53
BRDA:74,13,0,1
BRDA:74,13,1,85
BRDA:78,14,0,1
BRDA:78,14,1,79
BRDA:83,15,0,1
BRDA:83,15,1,73
BRDA:95,16,0,3
BRDA:95,16,1,70
BRDA:95,17,0,73
BRDA:95,17,1,72
BRDA:95,17,2,71
BRDA:99,18,0,34
BRDA:99,18,1,36
BRDA:101,19,0,3
BRDA:101,19,1,31
BRDA:107,20,0,31
BRDA:107,20,1,31
BRDA:110,21,0,0
BRDA:110,21,1,31
BRDA:114,22,0,3
BRDA:114,22,1,28
BRDA:123,23,0,2
BRDA:123,23,1,34
BRDA:134,24,0,1
BRDA:134,24,1,61
BRDA:142,25,0,25
BRDA:142,25,1,36
BRDA:143,26,0,1
BRDA:143,26,1,60
BRDA:148,27,0,15
BRDA:148,27,1,46
BRDA:149,28,0,2
BRDA:149,28,1,13
BRDA:149,29,0,15
BRDA:149,29,1,3
BRDA:149,30,0,2
BRDA:149,30,1,1
BRDA:154,31,0,13
BRDA:154,31,1,1
BRDA:157,32,0,13
BRDA:157,32,1,1
BRDA:160,33,0,34
BRDA:160,33,1,12
BRDA:161,34,0,15
BRDA:161,34,1,19
BRDA:170,35,0,14
BRDA:170,35,1,1
BRDA:171,36,0,15
BRDA:171,36,1,9
BRDA:171,36,2,4
BRDA:171,36,3,5
BRDA:171,36,4,5
BRDA:194,37,0,12
BRDA:194,37,1,0
BRDA:200,38,0,37
BRDA:200,38,1,8
BRF:81
BRH:78
end_of_record
TN:
SF:src/isinstance.js
FN:4,(anonymous_0)
FNF:1
FNH:1
FNDA:38,(anonymous_0)
DA:1,1
DA:2,1
DA:4,1
DA:5,38
DA:6,38
DA:7,2
DA:9,36
DA:10,36
DA:11,29
DA:12,29
DA:13,32
DA:14,22
DA:17,7
LF:13
LH:13
BRDA:6,0,0,2
BRDA:6,0,1,36
BRDA:13,1,0,22
BRDA:13,1,1,10
BRF:4
BRH:4
end_of_record
TN:
SF:src/issubclass.js
FN:5,(anonymous_0)
FN:9,(anonymous_1)
FNF:2
FNH:2
FNDA:20,(anonymous_0)
FNDA:30,(anonymous_1)
DA:1,1
DA:2,1
DA:5,1
DA:6,20
DA:9,1
DA:10,30
DA:11,30
DA:12,2
DA:15,28
DA:16,28
DA:17,2
DA:19,26
DA:20,19
DA:21,20
DA:22,11
DA:25,8
LF:16
LH:16
BRDA:6,0,0,20
BRDA:6,0,1,13
BRDA:11,1,0,2
BRDA:11,1,1,28
BRDA:16,2,0,2
BRDA:16,2,1,26
BRDA:16,3,0,28
BRDA:16,3,1,27
BRDA:21,4,0,11
BRDA:21,4,1,9
BRF:10
BRH:10
end_of_record
TN:
SF:src/iter.js
FN:4,(anonymous_0)
FN:4,(anonymous_1)
FN:18,(anonymous_2)
FN:25,(anonymous_3)
FNF:4
FNH:4
FNDA:8,(anonymous_0)
FNDA:6,(anonymous_1)
FNDA:6,(anonymous_2)
FNDA:2,(anonymous_3)
DA:1,1
DA:4,6
DA:5,8
DA:6,5
DA:7,5
DA:10,1
DA:14,3
DA:15,1
DA:17,2
DA:19,6
DA:20,6
DA:21,2
DA:23,4
DA:26,2
LF:14
LH:14
BRDA:4,0,0,8
BRDA:5,1,0,5
BRDA:5,1,1,3
BRDA:14,2,0,1
BRDA:14,2,1,2
BRDA:20,3,0,2
BRDA:20,3,1,4
BRF:7
BRH:7
end_of_record
TN:
SF:src/len.js
FN:5,(anonymous_0)
FNF:1
FNH:1
FNDA:46,(anonymous_0)
DA:1,3
DA:2,3
DA:5,3
DA:6,46
DA:7,2
DA:10,44
DA:11,35
DA:14,9
DA:15,2
DA:18,7
LF:10
LH:10
BRDA:6,0,0,2
BRDA:6,0,1,44
BRDA:10,1,0,35
BRDA:10,1,1,9
BRDA:14,2,0,2
BRDA:14,2,1,7
BRF:6
BRH:6
end_of_record
TN:
SF:src/list.js
FN:3,(anonymous_0)
FNF:1
FNH:1
FNDA:10,(anonymous_0)
DA:1,1
DA:3,1
DA:4,10
DA:5,10
DA:6,1
DA:9,9
DA:10,2
DA:14,7
DA:15,7
DA:16,1
DA:19,6
DA:20,2
DA:24,4
LF:13
LH:13
BRDA:5,0,0,1
BRDA:5,0,1,9
BRDA:9,1,0,2
BRDA:9,1,1,7
BRDA:15,2,0,1
BRDA:15,2,1,6
BRDA:15,3,0,7
BRDA:15,3,1,6
BRDA:19,4,0,2
BRDA:19,4,1,4
BRDA:21,5,0,1
BRDA:21,5,1,1
BRF:12
BRH:12
end_of_record
TN:
SF:src/literals.js
FNF:0
FNH:0
DA:1,1
LF:1
LH:1
BRF:0
BRH:0
end_of_record
TN:
SF:src/map.js
FN:3,(anonymous_0)
FNF:1
FNH:1
FNDA:3,(anonymous_0)
DA:1,1
DA:3,1
DA:4,3
DA:5,11
LF:4
LH:4
BRF:0
BRH:0
end_of_record
TN:
SF:src/max.js
FN:3,(anonymous_0)
FNF:1
FNH:1
FNDA:6,(anonymous_0)
DA:1,1
DA:3,1
DA:4,6
DA:5,3
DA:8,6
LF:5
LH:5
BRDA:4,0,0,3
BRDA:4,0,1,3
BRDA:4,1,0,6
BRDA:4,1,1,3
BRF:4
BRH:4
end_of_record
TN:
SF:src/min.js
FN:3,(anonymous_0)
FNF:1
FNH:1
FNDA:6,(anonymous_0)
DA:1,1
DA:3,1
DA:4,6
DA:5,3
DA:8,6
LF:5
LH:5
BRDA:4,0,0,3
BRDA:4,0,1,3
BRDA:4,1,0,6
BRDA:4,1,1,3
BRF:4
BRH:4
end_of_record
TN:
SF:src/next.js
FN:7,(anonymous_0)
FNF:1
FNH:1
FNDA:9,(anonymous_0)
DA:1,1
DA:4,1
DA:7,1
DA:8,9
DA:9,9
DA:10,3
DA:11,1
DA:13,2
DA:16,6
LF:9
LH:9
BRDA:7,0,0,6
BRDA:9,1,0,3
BRDA:9,1,1,6
BRDA:10,2,0,1
BRDA:10,2,1,2
BRF:5
BRH:5
end_of_record
TN:
SF:src/object.js
FN:1,(anonymous_0)
FNF:1
FNH:1
FNDA:5,(anonymous_0)
DA:1,1
DA:2,5
DA:3,4
DA:5,1
LF:4
LH:4
BRDA:2,0,0,4
BRDA:2,0,1,1
BRF:2
BRH:2
end_of_record
TN:
SF:src/oct.js
FN:3,(anonymous_0)
FNF:1
FNH:1
FNDA:8,(anonymous_0)
DA:1,1
DA:3,1
DA:4,8
DA:5,3
DA:6,2
DA:7,2
DA:8,1
DA:14,1
DA:19,6
DA:20,5
DA:22,1
LF:11
LH:11
BRDA:4,0,0,3
BRDA:4,0,1,5
BRDA:5,1,0,2
BRDA:5,1,1,1
BRDA:7,2,0,1
BRDA:7,2,1,1
BRDA:19,3,0,5
BRDA:19,3,1,1
BRF:8
BRH:8
end_of_record
TN:
SF:src/open.js
FNF:0
FNH:0
LF:0
LH:0
BRF:0
BRH:0
end_of_record
TN:
SF:src/ord.js
FN:1,(anonymous_0)
FNF:1
FNH:1
FNDA:14,(anonymous_0)
DA:1,2
DA:2,14
DA:3,1
DA:7,13
LF:4
LH:4
BRDA:2,0,0,1
BRDA:2,0,1,13
BRDA:2,1,0,14
BRDA:2,1,1,13
BRF:4
BRH:4
end_of_record
TN:
SF:src/pow.js
FN:7,modinv
FN:26,pow
FNF:2
FNH:2
FNDA:1,modinv
FNDA:10,pow
DA:1,1
DA:2,1
DA:3,1
DA:8,1
DA:10,1
DA:11,6
DA:14,6
DA:16,1
DA:17,0
DA:19,1
DA:27,10
DA:28,10
DA:29,6
DA:32,4
DA:33,2
DA:36,2
DA:37,1
DA:41,1
DA:42,1
DA:45,0
DA:46,0
DA:49,0
DA:52,1
DA:57,1
LF:24
LH:20
BRDA:16,0,0,0
BRDA:16,0,1,1
BRDA:20,1,0,1
BRDA:20,1,1,0
BRDA:28,2,0,6
BRDA:28,2,1,4
BRDA:32,3,0,2
BRDA:32,3,1,2
BRDA:36,4,0,1
BRDA:36,4,1,1
BRDA:45,5,0,0
BRDA:45,5,1,0
BRF:12
BRH:8
end_of_record
TN:
SF:src/print.js
FN:17,(anonymous_0)
FNF:1
FNH:0
FNDA:0,(anonymous_0)
DA:1,1
DA:3,1
DA:15,1
DA:18,0
DA:19,0
DA:20,0
DA:21,0
DA:22,0
DA:23,0
DA:24,0
DA:28,0
DA:29,0
DA:30,0
DA:33,0
DA:35,0
DA:38,0
DA:41,0
DA:42,0
DA:44,0
LF:19
LH:3
BRDA:7,0,0,1
BRDA:7,0,1,0
BRDA:19,1,0,0
BRDA:19,1,1,0
BRDA:21,2,0,0
BRDA:21,2,1,0
BRDA:21,3,0,0
BRDA:21,3,1,0
BRDA:29,4,0,0
BRDA:29,4,1,0
BRDA:35,5,0,0
BRDA:35,5,1,0
BRDA:41,6,0,0
BRDA:41,6,1,0
BRDA:41,7,0,0
BRDA:41,7,1,0
BRF:16
BRH:1
end_of_record
TN:
SF:src/range.js
FN:3,(anonymous_0)
FNF:1
FNH:1
FNDA:12,(anonymous_0)
DA:1,1
DA:3,1
DA:5,12
DA:6,2
DA:9,10
DA:12,12
DA:13,1
DA:16,11
DA:17,11
DA:18,11
DA:19,47
DA:20,47
DA:21,36
DA:24,11
DA:26,36
DA:29,11
LF:16
LH:16
BRDA:5,0,0,2
BRDA:5,0,1,10
BRDA:6,1,0,2
BRDA:6,2,0,2
BRDA:9,3,0,3
BRDA:12,4,0,1
BRDA:12,4,1,11
BRDA:20,5,0,36
BRDA:20,5,1,11
BRDA:20,6,0,47
BRDA:20,6,1,41
BRDA:20,6,2,14
BRDA:20,6,3,6
BRF:13
BRH:13
end_of_record
TN:
SF:src/repr.js
FN:1,repr
FN:15,(anonymous_1)
FN:21,(anonymous_2)
FNF:3
FNH:3
FNDA:19,repr
FNDA:7,(anonymous_1)
FNDA:1,(anonymous_2)
DA:2,19
DA:3,0
DA:6,19
DA:7,0
DA:10,19
DA:11,5
DA:14,14
DA:15,7
DA:18,9
DA:19,2
DA:22,1
DA:28,7
DA:29,7
DA:30,0
DA:32,7
DA:36,2
LF:16
LH:13
BRDA:2,0,0,0
BRDA:2,0,1,19
BRDA:6,1,0,0
BRDA:6,1,1,19
BRDA:10,2,0,5
BRDA:10,2,1,14
BRDA:14,3,0,5
BRDA:14,3,1,9
BRDA:18,4,0,2
BRDA:18,4,1,7
BRDA:29,5,0,0
BRDA:29,5,1,7
BRF:12
BRH:9
end_of_record
TN:
SF:src/reversed.js
FN:4,(anonymous_0)
FN:28,(anonymous_1)
FN:41,(anonymous_2)
FNF:3
FNH:3
FNDA:14,(anonymous_0)
FNDA:34,(anonymous_1)
FNDA:6,(anonymous_2)
DA:1,1
DA:2,1
DA:4,1
DA:5,14
DA:6,14
DA:7,3
DA:10,11
DA:12,11
DA:13,1
DA:16,10
DA:17,2
DA:18,1
DA:21,1
DA:25,8
DA:27,7
DA:29,34
DA:30,7
DA:32,27
DA:38,27
DA:39,27
DA:42,6
LF:21
LH:21
BRDA:6,0,0,3
BRDA:6,0,1,11
BRDA:12,1,0,1
BRDA:12,1,1,10
BRDA:16,2,0,2
BRDA:16,2,1,8
BRDA:17,3,0,1
BRDA:17,3,1,1
BRDA:29,4,0,7
BRDA:29,4,1,27
BRDA:35,5,0,3
BRDA:35,5,1,24
BRF:12
BRH:12
end_of_record
TN:
SF:src/round.js
FN:5,round
FNF:1
FNH:1
FNDA:13,round
DA:6,13
DA:7,9
DA:9,4
DA:10,1
DA:14,3
DA:15,1
DA:18,2
DA:22,1
LF:8
LH:8
BRDA:6,0,0,9
BRDA:6,0,1,4
BRDA:9,1,0,1
BRDA:9,1,1,3
BRDA:14,2,0,1
BRDA:14,2,1,2
BRF:6
BRH:6
end_of_record
TN:
SF:src/set.js
FN:3,(anonymous_0)
FNF:1
FNH:1
FNDA:11,(anonymous_0)
DA:1,1
DA:3,1
DA:4,11
DA:5,11
DA:6,1
DA:9,10
DA:10,2
DA:14,8
DA:15,8
DA:16,1
DA:19,7
DA:20,2
DA:25,5
LF:13
LH:13
BRDA:5,0,0,1
BRDA:5,0,1,10
BRDA:9,1,0,2
BRDA:9,1,1,8
BRDA:15,2,0,1
BRDA:15,2,1,7
BRDA:15,3,0,8
BRDA:15,3,1,7
BRDA:19,4,0,2
BRDA:19,4,1,5
BRDA:21,5,0,1
BRDA:21,5,1,1
BRF:12
BRH:12
end_of_record
TN:
SF:src/setattr.js
FN:5,(anonymous_0)
FN:10,(anonymous_1)
FNF:2
FNH:2
FNDA:1,(anonymous_0)
FNDA:7,(anonymous_1)
DA:1,1
DA:2,1
DA:5,1
DA:6,1
DA:10,1
DA:11,7
DA:12,7
DA:13,3
DA:16,4
DA:17,4
DA:18,1
DA:21,3
DA:22,1
LF:13
LH:13
BRDA:12,0,0,3
BRDA:12,0,1,4
BRDA:17,1,0,1
BRDA:17,1,1,3
BRDA:21,2,0,1
BRDA:21,2,1,1
BRF:6
BRH:6
end_of_record
TN:
SF:src/slice.js
FN:1,(anonymous_0)
FNF:1
FNH:1
FNDA:8,(anonymous_0)
DA:1,1
DA:2,8
DA:3,8
DA:4,1
DA:6,7
DA:7,1
DA:11,6
DA:12,5
DA:15,1
DA:17,6
LF:10
LH:10
BRDA:3,0,0,1
BRDA:3,0,1,7
BRDA:6,1,0,1
BRDA:6,1,1,6
BRDA:11,2,0,5
BRDA:11,2,1,1
BRF:6
BRH:6
end_of_record
TN:
SF:src/sorted.js
FN:1,identity
FN:5,(anonymous_1)
FN:14,(anonymous_2)
FNF:3
FNH:3
FNDA:88,identity
FNDA:10,(anonymous_1)
FNDA:54,(anonymous_2)
DA:2,88
DA:5,1
DA:6,10
DA:7,10
DA:10,10
DA:11,3
DA:14,54
DA:17,10
DA:18,10
DA:19,3
DA:21,7
LF:11
LH:11
BRDA:5,0,0,8
BRDA:5,1,0,5
BRDA:10,2,0,3
BRDA:10,2,1,7
BRDA:10,3,0,10
BRDA:10,3,1,3
BRDA:18,4,0,3
BRDA:18,4,1,7
BRF:8
BRH:8
end_of_record
TN:
SF:src/staticmethod.js
FN:11,legacy
FN:26,(anonymous_1)
FN:31,(anonymous_2)
FN:51,current
FN:78,functionDecorator
FN:80,(anonymous_5)
FN:85,(anonymous_6)
FNF:7
FNH:7
FNDA:2,legacy
FNDA:2,(anonymous_1)
FNDA:10,(anonymous_2)
FNDA:2,current
FNDA:4,functionDecorator
FNDA:12,(anonymous_5)
FNDA:7,(anonymous_6)
DA:3,1
DA:4,1
DA:13,2
DA:16,2
DA:17,1
DA:22,1
DA:25,2
DA:26,2
DA:31,2
DA:32,10
DA:37,2
DA:38,1
DA:39,1
DA:44,1
DA:45,1
DA:52,2
DA:66,2
DA:80,4
DA:81,12
DA:85,1
DA:86,7
DA:87,2
DA:89,5
DA:90,4
DA:91,4
DA:92,2
DA:94,2
DA:96,1
LF:28
LH:28
BRDA:16,0,0,1
BRDA:16,0,1,1
BRDA:37,1,0,1
BRDA:37,1,1,1
BRDA:86,2,0,2
BRDA:86,2,1,5
BRDA:89,3,0,4
BRDA:89,3,1,1
BRDA:91,4,0,2
BRDA:91,4,1,2
BRF:10
BRH:10
end_of_record
TN:
SF:src/str.js
FN:15,str
FNF:1
FNH:1
FNDA:37,str
DA:1,2
DA:2,2
DA:3,2
DA:16,37
DA:17,37
DA:18,1
DA:21,36
DA:22,2
DA:26,34
DA:27,1
DA:32,33
DA:34,33
DA:35,2
DA:38,31
DA:41,31
DA:46,19
DA:47,3
DA:49,16
DA:50,5
DA:51,5
DA:52,2
DA:56,3
DA:58,11
DA:62,12
DA:63,4
DA:69,8
DA:71,4
DA:72,2
DA:77,2
DA:84,4
DA:85,2
DA:90,2
LF:32
LH:32
BRDA:17,0,0,1
BRDA:17,0,1,36
BRDA:21,1,0,2
BRDA:21,1,1,34
BRDA:26,2,0,1
BRDA:26,2,1,33
BRDA:34,3,0,2
BRDA:34,3,1,31
BRDA:41,4,0,19
BRDA:41,4,1,12
BRDA:46,5,0,3
BRDA:46,5,1,16
BRDA:49,6,0,5
BRDA:49,6,1,11
BRDA:51,7,0,2
BRDA:51,7,1,3
BRDA:53,8,0,1
BRDA:53,8,1,1
BRDA:62,9,0,4
BRDA:62,9,1,8
BRDA:65,10,0,3
BRDA:65,10,1,1
BRDA:69,11,0,4
BRDA:69,11,1,4
BRDA:69,12,0,8
BRDA:69,12,1,6
BRDA:71,13,0,2
BRDA:71,13,1,2
BRF:28
BRH:28
end_of_record
TN:
SF:src/string-literals.js
FN:9,r
FN:19,_b
FN:23,(anonymous_2)
FN:26,b
FN:29,br
FN:32,rb
FNF:6
FNH:6
FNDA:3,r
FNDA:5,_b
FNDA:9,(anonymous_2)
FNDA:3,b
FNDA:1,br
FNDA:1,rb
DA:1,1
DA:2,1
DA:10,3
DA:11,3
DA:13,3
DA:14,2
DA:16,3
DA:20,5
DA:21,1
DA:23,9
DA:27,3
DA:30,1
DA:33,1
DA:37,1
LF:14
LH:14
BRDA:20,0,0,1
BRDA:20,0,1,4
BRF:2
BRH:2
end_of_record
TN:
SF:src/sum.js
FN:1,(anonymous_0)
FNF:1
FNH:1
FNDA:2,(anonymous_0)
DA:1,1
DA:2,2
DA:3,2
DA:4,21
DA:6,2
LF:5
LH:5
BRDA:1,0,0,2
BRF:1
BRH:1
end_of_record
TN:
SF:src/tuple.js
FN:3,(anonymous_0)
FNF:1
FNH:1
FNDA:11,(anonymous_0)
DA:1,1
DA:3,1
DA:4,11
DA:5,11
DA:6,1
DA:9,10
DA:10,2
DA:14,8
DA:15,8
DA:16,1
DA:19,7
DA:20,2
DA:25,5
LF:13
LH:13
BRDA:5,0,0,1
BRDA:5,0,1,10
BRDA:9,1,0,2
BRDA:9,1,1,8
BRDA:15,2,0,1
BRDA:15,2,1,7
BRDA:15,3,0,8
BRDA:15,3,1,7
BRDA:19,4,0,2
BRDA:19,4,1,5
BRDA:21,5,0,1
BRDA:21,5,1,1
BRF:12
BRH:12
end_of_record
TN:
SF:src/type.js
FN:9,(anonymous_0)
FN:17,(anonymous_1)
FN:78,(anonymous_2)
FNF:3
FNH:3
FNDA:25,(anonymous_0)
FNDA:6,(anonymous_1)
FNDA:34,(anonymous_2)
DA:1,2
DA:2,2
DA:3,2
DA:4,2
DA:5,2
DA:9,2
DA:10,25
DA:17,2
DA:19,6
DA:20,5
DA:21,1
DA:23,4
DA:26,1
DA:28,5
DA:29,1
DA:33,4
DA:38,4
DA:39,4
DA:40,4
DA:41,4
DA:42,4
DA:43,4
DA:44,1
DA:58,3
DA:59,2
DA:63,1
DA:70,1
DA:72,3
DA:74,3
DA:78,2
DA:79,34
DA:80,25
DA:82,9
DA:83,6
DA:86,3
LF:35
LH:35
BRDA:11,0,0,25
BRDA:11,0,1,0
BRDA:19,1,0,5
BRDA:19,1,1,1
BRDA:20,2,0,1
BRDA:20,2,1,4
BRDA:28,3,0,1
BRDA:28,3,1,4
BRDA:28,4,0,5
BRDA:28,4,1,4
BRDA:33,5,0,3
BRDA:33,5,1,1
BRDA:43,6,0,1
BRDA:43,6,1,3
BRDA:58,7,0,2
BRDA:58,7,1,1
BRDA:59,8,0,1
BRDA:59,8,1,1
BRDA:60,9,0,2
BRDA:60,9,1,1
BRDA:79,10,0,25
BRDA:79,10,1,9
BRDA:82,11,0,6
BRDA:82,11,1,3
BRF:24
BRH:23
end_of_record
TN:
SF:src/vars.js
FN:3,(anonymous_0)
FNF:1
FNH:1
FNDA:3,(anonymous_0)
DA:1,1
DA:3,1
DA:4,3
DA:5,1
DA:9,2
DA:10,1
DA:12,1
LF:7
LH:7
BRDA:4,0,0,1
BRDA:4,0,1,2
BRDA:9,1,0,1
BRDA:9,1,1,1
BRF:4
BRH:4
end_of_record
TN:
SF:src/zip.js
FN:2,(anonymous_0)
FN:3,(anonymous_1)
FN:6,(anonymous_2)
FN:7,(anonymous_3)
FN:10,(anonymous_4)
FNF:5
FNH:5
FNDA:4,(anonymous_0)
FNDA:7,(anonymous_1)
FNDA:30,(anonymous_2)
FNDA:27,(anonymous_3)
FNDA:23,(anonymous_4)
DA:2,1
DA:3,7
DA:5,4
DA:6,30
DA:7,27
DA:8,4
DA:10,23
DA:11,14
LF:8
LH:8
BRDA:7,0,0,4
BRDA:7,0,1,14
BRF:2
BRH:2
end_of_record
