TN:
SF:__tests__/_utils.js
FN:6,(anonymous_0)
FN:9,createTestCase
FN:28,(anonymous_2)
FN:43,(anonymous_3)
FNF:4
FNH:4
FNDA:136,(anonymous_0)
FNDA:20,createTestCase
FNDA:20,(anonymous_2)
FNDA:63,(anonymous_3)
DA:1,4
DA:2,4
DA:4,4
DA:6,136
DA:18,20
DA:21,20
DA:24,20
DA:25,0
DA:28,20
DA:29,20
DA:30,20
DA:31,20
DA:32,235
DA:33,0
DA:34,0
DA:37,235
DA:38,0
DA:40,235
DA:42,235
DA:43,63
DA:48,172
DA:51,235
DA:56,4
LF:23
LH:19
BRDA:9,0,0,0
BRDA:10,1,0,10
BRDA:11,2,0,19
BRDA:12,3,0,20
BRDA:13,4,0,20
BRDA:14,5,0,11
BRDA:15,6,0,17
BRDA:16,7,0,20
BRDA:24,8,0,0
BRDA:24,8,1,20
BRDA:28,9,0,20
BRDA:28,9,1,11
BRDA:32,10,0,0
BRDA:32,10,1,235
BRDA:32,11,0,235
BRDA:32,11,1,0
BRDA:37,12,0,0
BRDA:37,12,1,235
BRDA:42,13,0,63
BRDA:42,13,1,172
BRF:20
BRH:15
end_of_record
TN:
SF:src/_bytes.js
FN:10,(anonymous_0)
FN:28,(anonymous_1)
FN:52,(anonymous_2)
FN:56,(anonymous_3)
FN:70,(anonymous_4)
FN:134,(anonymous_5)
FN:138,(anonymous_6)
FN:152,(anonymous_7)
FN:176,(anonymous_8)
FNF:9
FNH:9
FNDA:11,(anonymous_0)
FNDA:11,(anonymous_1)
FNDA:2,(anonymous_2)
FNDA:1,(anonymous_3)
FNDA:1,(anonymous_4)
FNDA:1,(anonymous_5)
FNDA:1,(anonymous_6)
FNDA:1,(anonymous_7)
FNDA:10,(anonymous_8)
DA:1,1
DA:2,1
DA:11,11
DA:12,11
DA:18,11
DA:19,44
DA:29,11
DA:53,2
DA:57,1
DA:71,1
DA:135,1
DA:139,1
DA:153,1
DA:177,10
DA:181,1
DA:204,1
LF:16
LH:16
BRF:0
BRH:0
end_of_record
TN:
SF:src/_errors.js
FNF:0
FNH:0
DA:7,4
LF:1
LH:1
BRF:0
BRH:0
end_of_record
TN:
SF:src/_is-iterable.js
FN:2,(anonymous_0)
FNF:1
FNH:1
FNDA:63,(anonymous_0)
DA:2,4
DA:4,63
DA:5,0
DA:7,63
LF:4
LH:3
BRDA:4,0,0,0
BRDA:4,0,1,63
BRF:2
BRH:1
end_of_record
TN:
SF:src/_mod.js
FN:2,(anonymous_0)
FNF:1
FNH:1
FNDA:13,(anonymous_0)
DA:2,1
DA:4,13
DA:5,1
DA:8,12
DA:9,0
DA:11,12
LF:6
LH:5
BRDA:4,0,0,1
BRDA:4,0,1,12
BRDA:8,1,0,0
BRDA:8,1,1,12
BRF:4
BRH:3
end_of_record
TN:
SF:src/_to-primitive.js
FN:4,(anonymous_0)
FNF:1
FNH:1
FNDA:100,(anonymous_0)
DA:1,1
DA:2,1
DA:4,1
DA:5,100
DA:6,0
DA:8,100
DA:9,100
DA:11,100
DA:12,96
DA:14,4
LF:10
LH:9
BRDA:5,0,0,0
BRDA:5,0,1,100
BRDA:8,1,0,100
BRDA:8,1,1,0
BRDA:11,2,0,96
BRDA:11,2,1,4
BRF:6
BRH:4
end_of_record
TN:
SF:src/abs.js
FN:5,(anonymous_0)
FNF:1
FNH:1
FNDA:3,(anonymous_0)
DA:1,1
DA:3,1
DA:6,3
DA:7,2
DA:9,1
LF:5
LH:5
BRDA:6,0,0,2
BRDA:6,0,1,1
BRF:2
BRH:2
end_of_record
TN:
SF:src/all.js
FN:3,(anonymous_0)
FNF:1
FNH:1
FNDA:11,(anonymous_0)
DA:1,1
DA:3,1
DA:4,11
DA:5,20
DA:6,5
DA:9,5
LF:6
LH:6
BRDA:5,0,0,5
BRDA:5,0,1,15
BRF:2
BRH:2
end_of_record
TN:
SF:src/any.js
FN:3,(anonymous_0)
FNF:1
FNH:1
FNDA:11,(anonymous_0)
DA:1,1
DA:3,1
DA:4,11
DA:5,14
DA:6,7
DA:9,3
LF:6
LH:6
BRDA:5,0,0,7
BRDA:5,0,1,7
BRF:2
BRH:2
end_of_record
TN:
SF:src/ascii.js
FN:8,padWithLeadingZeros
FN:12,unicodeCharEscape
FN:16,unicodeEscape
FN:19,(anonymous_3)
FN:31,(anonymous_4)
FNF:5
FNH:5
FNDA:5,padWithLeadingZeros
FNDA:5,unicodeCharEscape
FNDA:2,unicodeEscape
FNDA:24,(anonymous_3)
FNDA:4,(anonymous_4)
DA:1,1
DA:4,1
DA:5,1
DA:9,5
DA:13,5
DA:17,2
DA:20,24
DA:21,24
DA:22,19
DA:24,5
DA:31,1
DA:32,4
DA:33,2
DA:36,2
DA:40,2
LF:15
LH:15
BRDA:21,0,0,19
BRDA:21,0,1,5
BRDA:21,1,0,24
BRDA:21,1,1,24
BRDA:32,2,0,2
BRDA:32,2,1,2
BRDA:36,3,0,1
BRDA:36,3,1,1
BRF:8
BRH:8
end_of_record
TN:
SF:src/bin.js
FN:3,(anonymous_0)
FNF:1
FNH:1
FNDA:8,(anonymous_0)
DA:1,1
DA:3,1
DA:4,8
DA:5,3
DA:6,2
DA:7,2
DA:8,1
DA:14,1
DA:19,6
DA:20,5
DA:22,1
LF:11
LH:11
BRDA:4,0,0,3
BRDA:4,0,1,5
BRDA:5,1,0,2
BRDA:5,1,1,1
BRDA:7,2,0,1
BRDA:7,2,1,1
BRDA:19,3,0,5
BRDA:19,3,1,1
BRF:8
BRH:8
end_of_record
TN:
SF:src/bool.js
FN:4,(anonymous_0)
FNF:1
FNH:1
FNDA:66,(anonymous_0)
DA:1,2
DA:2,2
DA:4,2
DA:5,66
DA:6,2
DA:9,64
DA:10,3
DA:11,3
DA:12,2
DA:14,1
DA:19,61
DA:20,14
DA:22,47
LF:13
LH:13
BRDA:5,0,0,2
BRDA:5,0,1,64
BRDA:9,1,0,3
BRDA:9,1,1,61
BRDA:11,2,0,2
BRDA:11,2,1,1
BRDA:19,3,0,14
BRDA:19,3,1,47
BRF:8
BRH:8
end_of_record
TN:
SF:src/bytearray.js
FN:4,(anonymous_0)
FNF:1
FNH:1
FNDA:28,(anonymous_0)
DA:1,1
DA:2,1
DA:4,1
DA:5,28
DA:6,4
DA:7,2
DA:10,2
DA:16,24
DA:19,20
DA:20,20
DA:21,64
DA:22,2
DA:27,62
DA:28,2
DA:30,60
DA:33,22
LF:16
LH:16
BRDA:4,0,0,1
BRDA:5,1,0,4
BRDA:5,1,1,24
BRDA:6,2,0,2
BRDA:6,2,1,2
BRDA:16,3,0,20
BRDA:16,3,1,4
BRDA:21,4,0,2
BRDA:21,4,1,62
BRDA:27,5,0,2
BRDA:27,5,1,60
BRDA:27,6,0,62
BRDA:27,6,1,62
BRF:13
BRH:13
end_of_record
TN:
SF:src/bytes.js
FN:4,(anonymous_0)
FNF:1
FNH:1
FNDA:9,(anonymous_0)
DA:1,1
DA:2,1
DA:4,1
DA:5,9
LF:4
LH:4
BRDA:4,0,0,1
BRF:1
BRH:1
end_of_record
TN:
SF:src/callable.js
FN:1,(anonymous_0)
FN:3,(anonymous_1)
FNF:2
FNH:1
FNDA:0,(anonymous_0)
FNDA:423,(anonymous_1)
DA:1,3
DA:3,3
DA:4,423
LF:3
LH:3
BRDA:4,0,0,423
BRDA:4,0,1,310
BRF:2
BRH:2
end_of_record
TN:
SF:src/chr.js
FN:3,(anonymous_0)
FNF:1
FNH:1
FNDA:6,(anonymous_0)
DA:1,1
DA:3,1
DA:4,6
DA:5,6
DA:10,2
LF:5
LH:5
BRF:0
BRH:0
end_of_record
TN:
SF:src/dict.js
FN:6,(anonymous_0)
FNF:1
FNH:1
FNDA:16,(anonymous_0)
DA:1,1
DA:2,1
DA:3,1
DA:4,1
DA:6,1
DA:8,16
DA:9,1
DA:11,15
DA:12,2
DA:16,13
DA:18,13
DA:19,1
DA:27,12
DA:31,2
DA:35,10
DA:36,9
DA:39,1
DA:48,9
DA:49,9
DA:50,9
DA:51,9
DA:52,12
DA:53,1
DA:57,11
DA:58,11
DA:59,1
DA:64,10
DA:70,10
DA:71,8
DA:73,10
DA:74,2
DA:76,10
DA:79,7
DA:80,3
DA:82,4
LF:35
LH:35
BRDA:8,0,0,1
BRDA:8,0,1,15
BRDA:11,1,0,2
BRDA:11,1,1,13
BRDA:18,2,0,1
BRDA:18,2,1,12
BRDA:27,3,0,2
BRDA:27,3,1,10
BRDA:35,4,0,9
BRDA:35,4,1,1
BRDA:52,5,0,1
BRDA:52,5,1,11
BRDA:58,6,0,1
BRDA:58,6,1,10
BRDA:70,7,0,8
BRDA:70,7,1,2
BRDA:70,8,0,10
BRDA:70,8,1,8
BRDA:73,9,0,2
BRDA:73,9,1,8
BRDA:79,10,0,3
BRDA:79,10,1,4
BRF:22
BRH:22
end_of_record
TN:
SF:src/divmod.js
FN:4,floordir
FN:13,(anonymous_1)
FNF:2
FNH:2
FNDA:12,floordir
FNDA:12,(anonymous_1)
DA:1,1
DA:5,12
DA:13,1
DA:14,12
LF:4
LH:4
BRDA:6,0,0,1
BRDA:6,0,1,11
BRDA:6,1,0,12
BRDA:6,1,1,11
BRF:4
BRH:4
end_of_record
TN:
SF:src/enumerate.js
FN:5,(anonymous_0)
FNF:1
FNH:1
FNDA:11,(anonymous_0)
DA:1,3
DA:2,3
DA:5,3
DA:6,11
DA:7,9
DA:10,7
DA:13,2
DA:17,9
DA:18,9
DA:19,9
DA:20,15
DA:21,15
DA:23,9
LF:13
LH:13
BRDA:5,0,0,10
BRDA:6,1,0,9
BRDA:6,1,1,2
BRDA:7,2,0,7
BRDA:7,2,1,2
BRDA:7,3,0,9
BRDA:7,3,1,9
BRF:7
BRH:7
end_of_record
TN:
SF:src/filter.js
FN:4,filter
FNF:1
FNH:1
FNDA:7,filter
DA:1,1
DA:6,7
DA:7,2
DA:9,5
DA:10,4
DA:11,4
DA:14,1
DA:18,6
DA:19,24
DA:20,12
DA:26,1
LF:11
LH:11
BRDA:6,0,0,2
BRDA:6,0,1,5
BRDA:9,1,0,4
BRDA:9,1,1,1
BRDA:19,2,0,12
BRDA:19,2,1,12
BRF:6
BRH:6
end_of_record
TN:
SF:src/float.js
FN:5,(anonymous_0)
FNF:1
FNH:1
FNDA:33,(anonymous_0)
DA:1,1
DA:2,1
DA:3,1
DA:5,1
DA:6,33
DA:7,1
DA:10,32
DA:12,32
DA:13,1
DA:19,31
DA:21,29
DA:22,3
DA:25,26
DA:26,0
DA:32,26
DA:33,26
DA:34,26
DA:36,15
DA:37,15
DA:38,5
DA:40,10
DA:41,5
DA:43,5
DA:44,3
DA:46,2
DA:49,11
LF:26
LH:25
BRDA:6,0,0,1
BRDA:6,0,1,32
BRDA:12,1,0,1
BRDA:12,1,1,31
BRDA:21,2,0,3
BRDA:21,2,1,26
BRDA:25,3,0,0
BRDA:25,3,1,26
BRDA:34,4,0,15
BRDA:34,4,1,11
BRDA:37,5,0,5
BRDA:37,5,1,10
BRDA:37,6,0,15
BRDA:37,6,1,12
BRDA:40,7,0,5
BRDA:40,7,1,5
BRDA:40,8,0,10
BRDA:40,8,1,7
BRDA:43,9,0,3
BRDA:43,9,1,2
BRDA:43,10,0,5
BRDA:43,10,1,2
BRF:22
BRH:21
end_of_record
TN:
SF:src/frozenset.js
FN:4,(anonymous_0)
FN:36,(anonymous_1)
FNF:2
FNH:2
FNDA:8,(anonymous_0)
FNDA:8,(anonymous_1)
DA:5,8
DA:6,8
DA:10,8
DA:14,1
DA:36,1
DA:37,8
LF:6
LH:6
BRF:0
BRH:0
end_of_record
TN:
SF:src/hex.js
FN:3,(anonymous_0)
FNF:1
FNH:1
FNDA:8,(anonymous_0)
DA:1,1
DA:3,1
DA:4,8
DA:5,3
DA:6,2
DA:7,2
DA:8,1
DA:14,1
DA:19,6
DA:20,5
DA:22,1
LF:11
LH:11
BRDA:4,0,0,3
BRDA:4,0,1,5
BRDA:5,1,0,2
BRDA:5,1,1,1
BRDA:7,2,0,1
BRDA:7,2,1,1
BRDA:19,3,0,5
BRDA:19,3,1,1
BRF:8
BRH:8
end_of_record
TN:
SF:src/int.js
FN:15,removedLeadingZeros
FN:32,removedPrefix
FN:61,(anonymous_2)
FNF:3
FNH:3
FNDA:98,removedLeadingZeros
FNDA:59,removedPrefix
FNDA:71,(anonymous_2)
DA:1,1
DA:2,1
DA:3,1
DA:4,1
DA:10,1
DA:16,98
DA:17,98
DA:18,85
DA:19,85
DA:21,85
DA:22,1
DA:24,85
DA:26,98
DA:33,59
DA:34,59
DA:36,59
DA:37,13
DA:39,46
DA:40,12
DA:42,34
DA:43,14
DA:47,59
DA:49,39
DA:52,59
DA:53,59
DA:61,1
DA:62,71
DA:63,71
DA:64,1
DA:67,70
DA:68,0
DA:71,70
DA:74,70
DA:75,0
DA:78,69
DA:79,0
DA:82,69
DA:83,0
DA:86,69
DA:87,67
DA:88,67
DA:94,67
DA:95,3
DA:98,64
DA:99,30
DA:100,30
DA:101,3
DA:105,27
DA:109,27
DA:110,0
DA:117,34
DA:118,2
DA:122,59
DA:123,59
DA:126,59
DA:128,59
DA:129,0
DA:136,59
DA:137,59
DA:138,1
DA:141,59
DA:142,59
DA:143,13
DA:144,1
DA:148,12
DA:151,12
DA:154,46
DA:155,34
DA:164,15
DA:169,14
DA:179,1
DA:184,19
DA:188,12
DA:189,12
DA:193,44
DA:194,44
DA:195,36
DA:197,8
LF:78
LH:72
BRDA:10,0,0,1
BRDA:10,0,1,0
BRDA:16,1,0,54
BRDA:16,1,1,44
BRDA:17,2,0,85
BRDA:17,2,1,13
BRDA:21,3,0,86
BRDA:21,3,1,86
BRDA:33,4,0,35
BRDA:33,4,1,24
BRDA:36,5,0,13
BRDA:36,5,1,46
BRDA:39,6,0,12
BRDA:39,6,1,34
BRDA:42,7,0,14
BRDA:42,7,1,20
BRDA:47,8,0,39
BRDA:47,8,1,20
BRDA:54,9,0,59
BRDA:54,9,1,39
BRDA:63,10,0,1
BRDA:63,10,1,70
BRDA:67,11,0,0
BRDA:67,11,1,70
BRDA:71,12,0,33
BRDA:74,13,0,0
BRDA:74,13,1,69
BRDA:78,14,0,0
BRDA:78,14,1,69
BRDA:82,15,0,0
BRDA:82,15,1,69
BRDA:94,16,0,3
BRDA:94,16,1,64
BRDA:94,17,0,67
BRDA:94,17,1,66
BRDA:94,17,2,65
BRDA:98,18,0,30
BRDA:98,18,1,34
BRDA:100,19,0,3
BRDA:100,19,1,27
BRDA:105,20,0,27
BRDA:105,20,1,27
BRDA:109,21,0,0
BRDA:109,21,1,27
BRDA:109,22,0,27
BRDA:109,22,1,0
BRDA:117,23,0,2
BRDA:117,23,1,32
BRDA:128,24,0,0
BRDA:128,24,1,59
BRDA:136,25,0,24
BRDA:136,25,1,35
BRDA:137,26,0,1
BRDA:137,26,1,58
BRDA:142,27,0,13
BRDA:142,27,1,46
BRDA:143,28,0,1
BRDA:143,28,1,12
BRDA:143,29,0,13
BRDA:143,29,1,1
BRDA:143,30,0,1
BRDA:143,30,1,0
BRDA:151,31,0,12
BRDA:151,31,1,0
BRDA:154,32,0,34
BRDA:154,32,1,12
BRDA:155,33,0,15
BRDA:155,33,1,19
BRDA:164,34,0,14
BRDA:164,34,1,1
BRDA:165,35,0,15
BRDA:165,35,1,9
BRDA:165,35,2,4
BRDA:165,35,3,5
BRDA:165,35,4,5
BRDA:188,36,0,12
BRDA:188,36,1,0
BRDA:194,37,0,36
BRDA:194,37,1,8
BRF:79
BRH:68
end_of_record
TN:
SF:src/iter.js
FN:4,(anonymous_0)
FN:4,(anonymous_1)
FN:18,(anonymous_2)
FN:25,(anonymous_3)
FNF:4
FNH:4
FNDA:8,(anonymous_0)
FNDA:6,(anonymous_1)
FNDA:6,(anonymous_2)
FNDA:2,(anonymous_3)
DA:1,1
DA:4,6
DA:5,8
DA:6,5
DA:7,5
DA:10,1
DA:14,3
DA:15,1
DA:17,2
DA:19,6
DA:20,6
DA:21,2
DA:23,4
DA:26,2
LF:14
LH:14
BRDA:4,0,0,8
BRDA:5,1,0,5
BRDA:5,1,1,3
BRDA:14,2,0,1
BRDA:14,2,1,2
BRDA:20,3,0,2
BRDA:20,3,1,4
BRF:7
BRH:7
end_of_record
TN:
SF:src/len.js
FN:5,(anonymous_0)
FNF:1
FNH:1
FNDA:38,(anonymous_0)
DA:1,3
DA:2,3
DA:5,3
DA:6,38
DA:7,1
DA:10,37
DA:11,29
DA:14,8
DA:15,2
DA:18,6
LF:10
LH:10
BRDA:6,0,0,1
BRDA:6,0,1,37
BRDA:10,1,0,29
BRDA:10,1,1,8
BRDA:14,2,0,2
BRDA:14,2,1,6
BRF:6
BRH:6
end_of_record
TN:
SF:src/list.js
FN:1,(anonymous_0)
FNF:1
FNH:0
FNDA:0,(anonymous_0)
DA:1,1
DA:2,0
LF:2
LH:1
BRF:0
BRH:0
end_of_record
TN:
SF:src/map.js
FN:3,(anonymous_0)
FNF:1
FNH:1
FNDA:3,(anonymous_0)
DA:1,1
DA:3,1
DA:4,3
DA:5,11
LF:4
LH:4
BRF:0
BRH:0
end_of_record
TN:
SF:src/max.js
FN:3,(anonymous_0)
FNF:1
FNH:1
FNDA:6,(anonymous_0)
DA:1,1
DA:3,1
DA:4,6
DA:5,3
DA:8,6
LF:5
LH:5
BRDA:4,0,0,3
BRDA:4,0,1,3
BRDA:4,1,0,6
BRDA:4,1,1,3
BRF:4
BRH:4
end_of_record
TN:
SF:src/min.js
FN:3,(anonymous_0)
FNF:1
FNH:1
FNDA:6,(anonymous_0)
DA:1,1
DA:3,1
DA:4,6
DA:5,3
DA:8,6
LF:5
LH:5
BRDA:4,0,0,3
BRDA:4,0,1,3
BRDA:4,1,0,6
BRDA:4,1,1,3
BRF:4
BRH:4
end_of_record
TN:
SF:src/next.js
FN:7,(anonymous_0)
FNF:1
FNH:1
FNDA:6,(anonymous_0)
DA:1,1
DA:4,1
DA:7,1
DA:8,6
DA:9,6
DA:10,2
DA:11,1
DA:13,1
DA:16,4
LF:9
LH:9
BRDA:7,0,0,3
BRDA:9,1,0,2
BRDA:9,1,1,4
BRDA:10,2,0,1
BRDA:10,2,1,1
BRF:5
BRH:5
end_of_record
TN:
SF:src/object.js
FN:1,(anonymous_0)
FNF:1
FNH:1
FNDA:5,(anonymous_0)
DA:1,1
DA:2,5
DA:3,4
DA:5,1
LF:4
LH:4
BRDA:2,0,0,4
BRDA:2,0,1,1
BRF:2
BRH:2
end_of_record
TN:
SF:src/oct.js
FN:3,(anonymous_0)
FNF:1
FNH:1
FNDA:8,(anonymous_0)
DA:1,1
DA:3,1
DA:4,8
DA:5,3
DA:6,2
DA:7,2
DA:8,1
DA:14,1
DA:19,6
DA:20,5
DA:22,1
LF:11
LH:11
BRDA:4,0,0,3
BRDA:4,0,1,5
BRDA:5,1,0,2
BRDA:5,1,1,1
BRDA:7,2,0,1
BRDA:7,2,1,1
BRDA:19,3,0,5
BRDA:19,3,1,1
BRF:8
BRH:8
end_of_record
TN:
SF:src/ord.js
FN:1,(anonymous_0)
FNF:1
FNH:1
FNDA:5,(anonymous_0)
DA:1,1
DA:2,5
DA:3,1
DA:7,4
LF:4
LH:4
BRDA:2,0,0,1
BRDA:2,0,1,4
BRDA:2,1,0,5
BRDA:2,1,1,4
BRF:4
BRH:4
end_of_record
TN:
SF:src/pow.js
FN:7,modinv
FN:26,pow
FNF:2
FNH:2
FNDA:1,modinv
FNDA:10,pow
DA:1,1
DA:2,1
DA:3,1
DA:8,1
DA:10,1
DA:11,6
DA:14,6
DA:16,1
DA:17,0
DA:19,1
DA:27,10
DA:28,10
DA:29,6
DA:32,4
DA:33,2
DA:36,2
DA:37,1
DA:41,1
DA:42,1
DA:45,0
DA:46,0
DA:49,0
DA:52,1
DA:57,1
LF:24
LH:20
BRDA:16,0,0,0
BRDA:16,0,1,1
BRDA:20,1,0,1
BRDA:20,1,1,0
BRDA:28,2,0,6
BRDA:28,2,1,4
BRDA:32,3,0,2
BRDA:32,3,1,2
BRDA:36,4,0,1
BRDA:36,4,1,1
BRDA:45,5,0,0
BRDA:45,5,1,0
BRF:12
BRH:8
end_of_record
TN:
SF:src/range.js
FN:3,(anonymous_0)
FNF:1
FNH:1
FNDA:12,(anonymous_0)
DA:1,1
DA:3,1
DA:5,12
DA:6,2
DA:9,10
DA:12,12
DA:13,1
DA:16,11
DA:17,11
DA:18,11
DA:19,47
DA:20,47
DA:21,36
DA:24,11
DA:26,36
DA:29,11
LF:16
LH:16
BRDA:5,0,0,2
BRDA:5,0,1,10
BRDA:6,1,0,2
BRDA:6,2,0,2
BRDA:9,3,0,3
BRDA:12,4,0,1
BRDA:12,4,1,11
BRDA:20,5,0,36
BRDA:20,5,1,11
BRDA:20,6,0,47
BRDA:20,6,1,41
BRDA:20,6,2,14
BRDA:20,6,3,6
BRF:13
BRH:13
end_of_record
TN:
SF:src/round.js
FN:5,round
FNF:1
FNH:1
FNDA:13,round
DA:6,13
DA:7,9
DA:9,4
DA:10,1
DA:14,3
DA:15,1
DA:18,2
DA:22,1
LF:8
LH:8
BRDA:6,0,0,9
BRDA:6,0,1,4
BRDA:9,1,0,1
BRDA:9,1,1,3
BRDA:14,2,0,1
BRDA:14,2,1,2
BRF:6
BRH:6
end_of_record
TN:
SF:src/set.js
FN:1,(anonymous_0)
FNF:1
FNH:0
FNDA:0,(anonymous_0)
DA:1,1
DA:2,0
LF:2
LH:1
BRF:0
BRH:0
end_of_record
TN:
SF:src/sorted.js
FN:1,identity
FN:5,(anonymous_1)
FN:14,(anonymous_2)
FNF:3
FNH:3
FNDA:88,identity
FNDA:10,(anonymous_1)
FNDA:54,(anonymous_2)
DA:2,88
DA:5,1
DA:6,10
DA:7,10
DA:10,10
DA:11,3
DA:14,54
DA:17,10
DA:18,10
DA:19,3
DA:21,7
LF:11
LH:11
BRDA:5,0,0,8
BRDA:5,1,0,5
BRDA:10,2,0,3
BRDA:10,2,1,7
BRDA:10,3,0,10
BRDA:10,3,1,3
BRDA:18,4,0,3
BRDA:18,4,1,7
BRF:8
BRH:8
end_of_record
TN:
SF:src/str.js
FN:1,(anonymous_0)
FNF:1
FNH:0
FNDA:0,(anonymous_0)
DA:1,1
DA:2,0
DA:3,0
DA:8,0
LF:4
LH:1
BRDA:2,0,0,0
BRDA:2,0,1,0
BRF:2
BRH:0
end_of_record
TN:
SF:src/sum.js
FN:1,(anonymous_0)
FNF:1
FNH:1
FNDA:2,(anonymous_0)
DA:1,1
DA:2,2
DA:3,2
DA:4,21
DA:6,2
LF:5
LH:5
BRDA:1,0,0,2
BRF:1
BRH:1
end_of_record
TN:
SF:src/tuple.js
FN:1,(anonymous_0)
FNF:1
FNH:0
FNDA:0,(anonymous_0)
DA:1,1
DA:2,0
DA:4,0
DA:6,0
LF:4
LH:1
BRDA:2,0,0,0
BRDA:2,0,1,0
BRF:2
BRH:0
end_of_record
TN:
SF:src/zip.js
FN:2,(anonymous_0)
FN:3,(anonymous_1)
FN:6,(anonymous_2)
FN:7,(anonymous_3)
FN:10,(anonymous_4)
FNF:5
FNH:5
FNDA:4,(anonymous_0)
FNDA:7,(anonymous_1)
FNDA:30,(anonymous_2)
FNDA:27,(anonymous_3)
FNDA:23,(anonymous_4)
DA:2,1
DA:3,7
DA:5,4
DA:6,30
DA:7,27
DA:8,4
DA:10,23
DA:11,14
LF:8
LH:8
BRDA:7,0,0,4
BRDA:7,0,1,14
BRF:2
BRH:2
end_of_record
